16:25:11:930596786
  TID PSR
    -   -
27443   4

16:25:12:122612274
  TID PSR
    -   -
27443   4

16:25:12:322348327
  TID PSR
    -   -
27443   4

16:25:12:510941366
  TID PSR
    -   -
27443   4

16:25:12:699596738
  TID PSR
    -   -
27443   4

16:25:12:887724611
  TID PSR
    -   -
27443   4

16:25:13:074373529
  TID PSR
    -   -
27443   4

16:25:13:261091615
  TID PSR
    -   -
27443   4

16:25:13:446998535
  TID PSR
    -   -
27443   4

16:25:13:632166249
  TID PSR
    -   -
27443   4

16:25:13:816872131
  TID PSR
    -   -
27443   4

16:25:14:001738470
  TID PSR
    -   -
27443   4

16:25:14:186364561
  TID PSR
    -   -
27443   4

16:25:14:371142401
  TID PSR
    -   -
27443   4

16:25:14:556058116
  TID PSR
    -   -
27443   4

16:25:14:741034247
  TID PSR
    -   -
27443   4

16:25:14:925958003
  TID PSR
    -   -
27443   4

16:25:15:110578302
  TID PSR
    -   -
27443   4

16:25:15:295223518
  TID PSR
    -   -
27443   4

16:25:15:480193899
  TID PSR
    -   -
27443   4

16:25:15:666639111
  TID PSR
    -   -
27443   4
27810   5
27811   6
27812   0
27813   1
27814   2
27815   3
27816   6

16:25:15:854116903
  TID PSR
    -   -
27443   5
27810   3
27811   1
27812   4
27813   2
27814   6
27815   0
27816   6

16:25:16:037956120
  TID PSR
    -   -
27443   4
27810   3
27811   1
27812   7
27813   2
27814   5
27815   0
27816   4

16:25:16:222827169
  TID PSR
    -   -
27443   7
27810   3
27811   1
27812   4
27813   2
27814   6
27815   0
27816   4

16:25:16:407829592
  TID PSR
    -   -
27443   7
27810   3
27811   1
27812   4
27813   2
27814   5
27815   0
27816   4

16:25:16:592726641
  TID PSR
    -   -
27443   4
27810   3
27811   1
27812   4
27813   2
27814   7
27815   0
27816   5

16:25:16:783128343
  TID PSR
    -   -
27443   4
27810   3
27811   1
27812   5
27813   2
27814   4
27815   0
27816   5

16:25:16:979121656
  TID PSR
    -   -
27443   6
27810   3
27811   1
27812   4
27813   2
27814   4
27815   0
27816   5

16:25:17:175004094
  TID PSR
    -   -
27443   5
27810   3
27811   1
27812   7
27813   2
27814   6
27815   0
27816   5

16:25:17:370647950
  TID PSR
    -   -
27443   5
27810   3
27811   1
27812   6
27813   2
27814   5
27815   0
27816   7

16:25:17:568089677
  TID PSR
    -   -
27443   4
27810   3
27811   1
27812   4
27813   2
27814   6
27815   0
27816   4

16:25:17:764325906
  TID PSR
    -   -
27443   6
27810   3
27811   1
27812   6
27813   2
27814   5
27815   0
27816   7

16:25:17:961371009
  TID PSR
    -   -
27443   4
27810   3
27811   1
27812   7
27813   2
27814   7
27815   0
27816   5

16:25:18:157591863
  TID PSR
    -   -
27443   6
27810   3
27811   1
27812   6
27813   2
27814   5
27815   0
27816   5

16:25:18:353687676
  TID PSR
    -   -
27443   7
27810   3
27811   1
27812   6
27813   2
27814   7
27815   0
27816   4

16:25:18:549045658
  TID PSR
    -   -
27443   6
27810   3
27811   1
27812   7
27813   2
27814   4
27815   0
27816   4

16:25:18:759969560
  TID PSR
    -   -
27443   6
27810   2
27811   0
27812   7
27813   3
27814   5
27815   1
27816   5

16:25:18:972176168
  TID PSR
    -   -
27443   6
27810   6
27811   3
27812   5
27813   4
27814   2
27815   0
27816   1

16:25:19:159503753
  TID PSR
    -   -
27443   4
27810   6
27811   3
27812   4
27813   5
27814   2
27815   0
27816   1

16:25:19:349954163
  TID PSR
    -   -
27443   4
27810   7
27811   3
27812   5
27813   4
27814   2
27815   0
27816   1

16:25:19:538731245
  TID PSR
    -   -
27443   4
27810   5
27811   3
27812   6
27813   4
27814   2
27815   0
27816   1

16:25:19:728222241
  TID PSR
    -   -
27443   4
27810   0
27811   5
27812   6
27813   6
27814   1
27815   2
27816   3

16:25:19:918289444
  TID PSR
    -   -
27443   5
27810   0
27811   7
27812   7
27813   4
27814   1
27815   2
27816   3

16:25:20:118236582
  TID PSR
    -   -
27443   1
27810   7
27811   6
27812   3
27813   0
27814   7
27815   2
27816   5

16:25:20:322251751
  TID PSR
    -   -
27443   1
27810   4
27811   6
27812   3
27813   0
27814   7
27815   2
27816   7

16:25:20:530155036
  TID PSR
    -   -
27443   1
27810   6
27811   6
27812   3
27813   0
27814   4
27815   2
27816   7

16:25:20:738205071
  TID PSR
    -   -
27443   1
27810   4
27811   4
27812   3
27813   0
27814   7
27815   2
27816   5

16:25:20:945894523
  TID PSR
    -   -
27443   1
27810   4
27811   6
27812   3
27813   0
27814   4
27815   2
27816   4

16:25:21:156307635
  TID PSR
    -   -
27443   1
27810   7
27811   6
27812   3
27813   0
27814   6
27815   2
27816   5

16:25:21:366162999
  TID PSR
    -   -
27443   1
27810   6
27811   5
27812   3
27813   0
27814   7
27815   2
27816   5

16:25:21:577274110
  TID PSR
    -   -
27443   7
27810   7
27811   1
27812   4
27813   0
27814   6
27815   7
27816   3

16:25:21:789710967
  TID PSR
    -   -
27443   7
27810   3
27811   4
27812   7
27813   0
27814   2
27815   6
27816   1

16:25:22:005086651
  TID PSR
    -   -
27443   7
27810   3
27811   7
27812   5
27813   0
27814   2
27815   6
27816   1

16:25:22:220076336
  TID PSR
    -   -
27443   4
27810   3
27811   4
27812   5
27813   0
27814   2
27815   5
27816   1

16:25:22:434671105
  TID PSR
    -   -
27443   5
27810   3
27811   7
27812   5
27813   0
27814   2
27815   4
27816   1

16:25:22:646784547
  TID PSR
    -   -
27443   5
27810   3
27811   7
27812   5
27813   0
27814   2
27815   6
27816   1

16:25:22:861624524
  TID PSR
    -   -
27443   4
27810   3
27811   7
27812   5
27813   0
27814   2
27815   5
27816   1

16:25:23:077290832
  TID PSR
    -   -
27443   7
27810   3
27811   6
27812   5
27813   0
27814   2
27815   5
27816   1

16:25:23:281663918
  TID PSR
    -   -
27443   6
27810   3
27811   5
27812   7
27813   0
27814   2
27815   5
27816   1

16:25:23:476056653
  TID PSR
    -   -
27443   7
27810   3
27811   4
27812   5
27813   0
27814   2
27815   4
27816   1

16:25:23:669182100
  TID PSR
    -   -
27443   6
27810   3
27811   7
27812   4
27813   0
27814   2
27815   6
27816   1

16:25:23:862981503
  TID PSR
    -   -
27443   4
27810   3
27811   7
27812   6
27813   0
27814   2
27815   4
27816   1

16:25:24:056492490
  TID PSR
    -   -
27443   7
27810   3
27811   4
27812   6
27813   0
27814   2
27815   4
27816   1

16:25:24:250724476
  TID PSR
    -   -
27443   7
27810   3
27811   6
27812   4
27813   0
27814   2
27815   4
27816   1

16:25:24:442610551
  TID PSR
    -   -
27443   7
27810   3
27811   6
27812   4
27813   0
27814   2
27815   4
27816   1

16:25:24:634719792
  TID PSR
    -   -
27443   6
27810   3
27811   6
27812   5
27813   0
27814   2
27815   5
27816   1

16:25:24:827961155
  TID PSR
    -   -
27443   7
27810   3
27811   6
27812   4
27813   0
27814   2
27815   4
27816   1

16:25:25:087866648
  TID PSR
    -   -
27443   5
27810   3
27811   4
27812   7
27813   0
27814   2
27815   6
27816   1

16:25:25:427867405
  TID PSR
    -   -
27443   5
27810   3
27811   4
27812   7
27813   0
27814   2
27815   6
27816   1

16:25:25:779703466
  TID PSR
    -   -
27443   5
27810   3
27811   4
27812   5
27813   0
27814   2
27815   6
27816   1

16:25:26:079810444
  TID PSR
    -   -
27443   5
27810   3
27811   4
27812   7
27813   0
27814   2
27815   6
27816   1

16:25:26:391680353
  TID PSR
    -   -
27443   5
27810   3
27811   4
27812   7
27813   0
27814   2
27815   6
27816   1

16:25:26:723743713
  TID PSR
    -   -
27443   5
27810   3
27811   4
27812   7
27813   0
27814   2
27815   6
27816   1

16:25:27:055965905
  TID PSR
    -   -
27443   5
27810   3
27811   4
27812   7
27813   0
27814   2
27815   6
27816   1

16:25:27:399992028
  TID PSR
    -   -
27443   5
27810   3
27811   4
27812   7
27813   0
27814   2
27815   6
27816   1

16:25:27:719713168
  TID PSR
    -   -
27443   5
27810   3
27811   4
27812   7
27813   0
27814   2
27815   6
27816   1

16:25:28:047858620
  TID PSR
    -   -
27443   5
27810   3
27811   4
27812   7
27813   0
27814   2
27815   6
27816   1

16:25:28:371735084
  TID PSR
    -   -
27443   5
27810   3
27811   4
27812   7
27813   0
27814   2
27815   6
27816   1

16:25:28:699634704
  TID PSR
    -   -
27443   5
27810   3
27811   4
27812   7
27813   0
27814   2
27815   6
27816   1

16:25:29:031665231
  TID PSR
    -   -
27443   5
27810   3
27811   4
27812   7
27813   0
27814   2
27815   6
27816   1

16:25:29:371687239
  TID PSR
    -   -
27443   5
27810   3
27811   4
27812   7
27813   0
27814   2
27815   6
27816   1

16:25:29:735650147
  TID PSR
    -   -
27443   5
27810   3
27811   4
27812   7
27813   0
27814   2
27815   6
27816   1

16:25:30:075724030
  TID PSR
    -   -
27443   5
27810   3
27811   4
27812   7
27813   0
27814   2
27815   6
27816   1

16:25:30:415855705
  TID PSR
    -   -
27443   5
27810   3
27811   4
27812   7
27813   0
27814   2
27815   6
27816   1

16:25:30:735261764
  TID PSR
    -   -
27443   5
27810   3
27811   4
27812   7
27813   0
27814   2
27815   6
27816   1

16:25:31:071729822
  TID PSR
    -   -
27443   5
27810   3
27811   4
27812   7
27813   0
27814   2
27815   6
27816   1

16:25:31:408033840
  TID PSR
    -   -
27443   5
27810   3
27811   4
27812   7
27813   0
27814   2
27815   6
27816   1

16:25:31:751664882
  TID PSR
    -   -
27443   5
27810   3
27811   4
27812   7
27813   0
27814   2
27815   6
27816   1

16:25:32:079673545
  TID PSR
    -   -
27443   5
27810   3
27811   4
27812   7
27813   0
27814   2
27815   6
27816   1

16:25:32:387706381
  TID PSR
    -   -
27443   5
27810   3
27811   4
27812   7
27813   0
27814   2
27815   6
27816   1

16:25:32:739770819
  TID PSR
    -   -
27443   5
27810   3
27811   4
27812   4
27813   0
27814   2
27815   6
27816   1

16:25:33:039786551
  TID PSR
    -   -
27443   5
27810   3
27811   7
27812   4
27813   0
27814   2
27815   6
27816   1

16:25:33:391669406
  TID PSR
    -   -
27443   5
27810   3
27811   7
27812   4
27813   0
27814   2
27815   6
27816   1

16:25:33:735678989
  TID PSR
    -   -
27443   5
27810   3
27811   7
27812   4
27813   0
27814   2
27815   6
27816   1

16:25:34:075704082
  TID PSR
    -   -
27443   5
27810   3
27811   7
27812   4
27813   0
27814   2
27815   6
27816   1

16:25:34:407666153
  TID PSR
    -   -
27443   5
27810   3
27811   7
27812   4
27813   0
27814   2
27815   6
27816   1

16:25:34:739710557
  TID PSR
    -   -
27443   5
27810   3
27811   7
27812   4
27813   0
27814   2
27815   6
27816   1

16:25:35:083699308
  TID PSR
    -   -
27443   5
27810   3
27811   7
27812   4
27813   0
27814   2
27815   6
27816   1

16:25:35:403705950
  TID PSR
    -   -
27443   5
27810   3
27811   7
27812   4
27813   0
27814   2
27815   6
27816   1

16:25:35:751942357
  TID PSR
    -   -
27443   5
27810   3
27811   7
27812   4
27813   0
27814   2
27815   6
27816   1

16:25:36:099699598
  TID PSR
    -   -
27443   5
27810   3
27811   7
27812   4
27813   0
27814   2
27815   6
27816   1

16:25:36:431683962
  TID PSR
    -   -
27443   5
27810   3
27811   7
27812   4
27813   0
27814   2
27815   6
27816   1

16:25:36:775619004
  TID PSR
    -   -
27443   5
27810   3
27811   7
27812   4
27813   0
27814   2
27815   6
27816   1

16:25:37:099637387
  TID PSR
    -   -
27443   5
27810   3
27811   7
27812   4
27813   0
27814   2
27815   6
27816   1

16:25:37:423691895
  TID PSR
    -   -
27443   5
27810   3
27811   7
27812   4
27813   0
27814   2
27815   6
27816   1

16:25:37:747702111
  TID PSR
    -   -
27443   5
27810   3
27811   7
27812   4
27813   0
27814   2
27815   6
27816   1

16:25:38:083674674
  TID PSR
    -   -
27443   5
27810   3
27811   7
27812   4
27813   0
27814   2
27815   6
27816   1

16:25:38:439818104
  TID PSR
    -   -
27443   5
27810   3
27811   7
27812   4
27813   0
27814   2
27815   6
27816   1

16:25:38:783691898
  TID PSR
    -   -
27443   5
27810   3
27811   7
27812   4
27813   0
27814   2
27815   6
27816   1

16:25:39:123639285
  TID PSR
    -   -
27443   5
27810   3
27811   7
27812   4
27813   0
27814   2
27815   6
27816   1

16:25:39:455710232
  TID PSR
    -   -
27443   5
27810   3
27811   7
27812   4
27813   0
27814   2
27815   6
27816   1

16:25:39:799653443
  TID PSR
    -   -
27443   5
27810   3
27811   7
27812   4
27813   0
27814   2
27815   6
27816   1

16:25:40:159727781
  TID PSR
    -   -
27443   5
27810   3
27811   7
27812   4
27813   0
27814   2
27815   6
27816   1

16:25:40:467652996
  TID PSR
    -   -
27443   5
27810   3
27811   7
27812   4
27813   0
27814   2
27815   6
27816   1

16:25:40:807679466
  TID PSR
    -   -
27443   5
27810   3
27811   7
27812   4
27813   0
27814   2
27815   6
27816   1

16:25:41:155629042
  TID PSR
    -   -
27443   5
27810   3
27811   7
27812   4
27813   0
27814   2
27815   6
27816   1

16:25:41:495010973
  TID PSR
    -   -
27443   5
27810   3
27811   7
27812   4
27813   0
27814   2
27815   6
27816   1

16:25:41:819684814
  TID PSR
    -   -
27443   4
27810   3
27811   7
27812   4
27813   0
27814   2
27815   6
27816   1

16:25:42:115685683
  TID PSR
    -   -
27443   4
27810   3
27811   7
27812   5
27813   0
27814   2
27815   6
27816   1

16:25:42:447662340
  TID PSR
    -   -
27443   4
27810   3
27811   7
27812   5
27813   0
27814   2
27815   6
27816   1

16:25:42:771696558
  TID PSR
    -   -
27443   4
27810   3
27811   7
27812   5
27813   0
27814   2
27815   6
27816   1

16:25:43:099652266
  TID PSR
    -   -
27443   4
27810   3
27811   7
27812   5
27813   0
27814   2
27815   6
27816   1

16:25:43:451668751
  TID PSR
    -   -
27443   4
27810   3
27811   7
27812   7
27813   0
27814   2
27815   6
27816   1

16:25:43:779715084
  TID PSR
    -   -
27443   4
27810   3
27811   5
27812   7
27813   0
27814   2
27815   6
27816   1

16:25:44:099962645
  TID PSR
    -   -
27443   4
27810   3
27811   5
27812   7
27813   0
27814   2
27815   6
27816   1

16:25:44:427723605
  TID PSR
    -   -
27443   4
27810   3
27811   5
27812   7
27813   0
27814   2
27815   6
27816   1

16:25:44:739686644
  TID PSR
    -   -
27443   4
27810   3
27811   5
27812   7
27813   0
27814   2
27815   6
27816   1

16:25:45:059619456
  TID PSR
    -   -
27443   4
27810   3
27811   5
27812   7
27813   0
27814   2
27815   6
27816   1

16:25:45:395707229
  TID PSR
    -   -
27443   4
27810   3
27811   4
27812   7
27813   0
27814   2
27815   6
27816   1

16:25:45:723688606
  TID PSR
    -   -
27443   5
27810   3
27811   4
27812   7
27813   0
27814   2
27815   6
27816   1

16:25:46:047758158
  TID PSR
    -   -
27443   5
27810   3
27811   4
27812   7
27813   0
27814   2
27815   6
27816   1

16:25:46:411696073
  TID PSR
    -   -
27443   5
27810   3
27811   4
27812   7
27813   0
27814   2
27815   6
27816   1

16:25:46:751699962
  TID PSR
    -   -
27443   5
27810   3
27811   4
27812   7
27813   0
27814   2
27815   6
27816   1

16:25:47:083641829
  TID PSR
    -   -
27443   5
27810   3
27811   4
27812   7
27813   0
27814   2
27815   6
27816   1

16:25:47:407704049
  TID PSR
    -   -
27443   5
27810   3
27811   4
27812   7
27813   0
27814   2
27815   6
27816   1

16:25:47:731705393
  TID PSR
    -   -
27443   5
27810   3
27811   4
27812   7
27813   0
27814   2
27815   6
27816   1

16:25:48:031854462
  TID PSR
    -   -
27443   5
27810   3
27811   4
27812   7
27813   0
27814   2
27815   6
27816   1

16:25:48:383702365
  TID PSR
    -   -
27443   5
27810   3
27811   4
27812   7
27813   0
27814   2
27815   6
27816   1

16:25:48:727865495
  TID PSR
    -   -
27443   6
27810   3
27811   4
27812   7
27813   0
27814   2
27815   6
27816   1

16:25:49:039702745
  TID PSR
    -   -
27443   6
27810   3
27811   4
27812   7
27813   0
27814   2
27815   5
27816   1

16:25:49:379700677
  TID PSR
    -   -
27443   6
27810   3
27811   4
27812   7
27813   0
27814   2
27815   5
27816   1

16:25:49:727739089
  TID PSR
    -   -
27443   6
27810   3
27811   4
27812   7
27813   0
27814   2
27815   5
27816   1

16:25:50:067697605
  TID PSR
    -   -
27443   6
27810   3
27811   4
27812   7
27813   0
27814   2
27815   5
27816   1

16:25:50:411688694
  TID PSR
    -   -
27443   6
27810   3
27811   4
27812   7
27813   0
27814   2
27815   5
27816   1

16:25:50:755707367
  TID PSR
    -   -
27443   6
27810   3
27811   4
27812   7
27813   0
27814   2
27815   5
27816   1

16:25:51:091848850
  TID PSR
    -   -
27443   6
27810   3
27811   4
27812   7
27813   0
27814   2
27815   5
27816   1

16:25:51:439652431
  TID PSR
    -   -
27443   6
27810   3
27811   4
27812   7
27813   0
27814   2
27815   5
27816   1

16:25:51:759738828
  TID PSR
    -   -
27443   5
27810   3
27811   4
27812   7
27813   0
27814   2
27815   6
27816   1

16:25:52:091104865
  TID PSR
    -   -
27443   5
27810   3
27811   4
27812   7
27813   0
27814   2
27815   6
27816   1

16:25:52:415711210
  TID PSR
    -   -
27443   5
27810   3
27811   4
27812   7
27813   0
27814   2
27815   6
27816   1

16:25:52:751710736
  TID PSR
    -   -
27443   5
27810   3
27811   4
27812   7
27813   0
27814   2
27815   6
27816   1

16:25:53:143717960
  TID PSR
    -   -
27443   5
27810   3
27811   4
27812   7
27813   0
27814   2
27815   6
27816   1

16:25:53:479061530
  TID PSR
    -   -
27443   5
27810   3
27811   4
27812   7
27813   0
27814   2
27815   6
27816   1

16:25:53:827645943
  TID PSR
    -   -
27443   5
27810   3
27811   4
27812   7
27813   0
27814   2
27815   6
27816   1

16:25:54:159658895
  TID PSR
    -   -
27443   5
27810   3
27811   4
27812   7
27813   0
27814   2
27815   6
27816   1

16:25:54:491648723
  TID PSR
    -   -
27443   5
27810   3
27811   4
27812   7
27813   0
27814   2
27815   6
27816   1

16:25:54:835725647
  TID PSR
    -   -
27443   5
27810   3
27811   4
27812   7
27813   0
27814   2
27815   6
27816   1

16:25:55:171738799
  TID PSR
    -   -
27443   5
27810   3
27811   4
27812   7
27813   0
27814   2
27815   6
27816   1

16:25:55:519754714
  TID PSR
    -   -
27443   5
27810   3
27811   4
27812   7
27813   0
27814   2
27815   6
27816   1

16:25:55:847737468
  TID PSR
    -   -
27443   5
27810   3
27811   4
27812   7
27813   0
27814   2
27815   6
27816   1

16:25:56:199749832
  TID PSR
    -   -
27443   5
27810   3
27811   4
27812   7
27813   0
27814   2
27815   6
27816   1

16:25:56:535693276
  TID PSR
    -   -
27443   5
27810   3
27811   4
27812   6
27813   0
27814   2
27815   6
27816   1

16:25:56:850462938
  TID PSR
    -   -
27443   5
27810   3
27811   4
27812   6
27813   0
27814   2
27815   7
27816   1

16:25:57:191829744
  TID PSR
    -   -
27443   5
27810   3
27811   4
27812   6
27813   0
27814   2
27815   7
27816   1

16:25:57:531737554
  TID PSR
    -   -
27443   5
27810   3
27811   4
27812   6
27813   0
27814   2
27815   7
27816   1

16:25:57:847709838
  TID PSR
    -   -
27443   5
27810   3
27811   4
27812   6
27813   0
27814   2
27815   7
27816   1

16:25:58:183946782
  TID PSR
    -   -
27443   5
27810   3
27811   4
27812   6
27813   0
27814   2
27815   7
27816   1

16:25:58:535759606
  TID PSR
    -   -
27443   5
27810   3
27811   4
27812   6
27813   0
27814   2
27815   7
27816   1

16:25:58:883638647
  TID PSR
    -   -
27443   5
27810   3
27811   4
27812   6
27813   0
27814   2
27815   7
27816   1

16:25:59:231686230
  TID PSR
    -   -
27443   5
27810   3
27811   6
27812   6
27813   0
27814   2
27815   7
27816   1

16:25:59:540051324
  TID PSR
    -   -
27443   5
27810   3
27811   6
27812   4
27813   0
27814   2
27815   7
27816   1

16:25:59:903684911
  TID PSR
    -   -
27443   5
27810   3
27811   6
27812   4
27813   0
27814   2
27815   7
27816   1

16:26:00:239691232
  TID PSR
    -   -
27443   5
27810   3
27811   6
27812   4
27813   0
27814   2
27815   7
27816   1

16:26:00:563887455
  TID PSR
    -   -
27443   5
27810   3
27811   6
27812   4
27813   0
27814   2
27815   7
27816   1

16:26:00:895727244
  TID PSR
    -   -
27443   5
27810   3
27811   6
27812   5
27813   0
27814   2
27815   7
27816   1

16:26:01:223293835
  TID PSR
    -   -
27443   5
27810   3
27811   6
27812   4
27813   0
27814   2
27815   7
27816   1

16:26:01:579879898
  TID PSR
    -   -
27443   5
27810   3
27811   6
27812   4
27813   0
27814   2
27815   7
27816   1

16:26:01:915676094
  TID PSR
    -   -
27443   5
27810   3
27811   6
27812   4
27813   0
27814   2
27815   7
27816   1

16:26:02:247933466
  TID PSR
    -   -
27443   5
27810   3
27811   6
27812   4
27813   0
27814   2
27815   7
27816   1

16:26:02:587622861
  TID PSR
    -   -
27443   5
27810   3
27811   6
27812   4
27813   0
27814   2
27815   7
27816   1

16:26:02:915803951
  TID PSR
    -   -
27443   5
27810   3
27811   6
27812   4
27813   0
27814   2
27815   7
27816   1

16:26:03:271652225
  TID PSR
    -   -
27443   5
27810   3
27811   6
27812   4
27813   0
27814   2
27815   7
27816   1

16:26:03:603696973
  TID PSR
    -   -
27443   5
27810   3
27811   6
27812   4
27813   0
27814   2
27815   7
27816   1

16:26:03:967684144
  TID PSR
    -   -
27443   5
27810   3
27811   5
27812   4
27813   0
27814   2
27815   7
27816   1

16:26:04:271699375
  TID PSR
    -   -
27443   6
27810   3
27811   5
27812   4
27813   0
27814   2
27815   7
27816   1

16:26:04:607664530
  TID PSR
    -   -
27443   6
27810   3
27811   5
27812   4
27813   0
27814   2
27815   7
27816   1

16:26:04:939672820
  TID PSR
    -   -
27443   6
27810   3
27811   5
27812   4
27813   0
27814   2
27815   7
27816   1

16:26:05:271630068
  TID PSR
    -   -
27443   6
27810   3
27811   5
27812   4
27813   0
27814   2
27815   7
27816   1

16:26:05:567805944
  TID PSR
    -   -
27443   6
27810   3
27811   7
27812   4
27813   0
27814   2
27815   5
27816   1

16:26:05:899747984
  TID PSR
    -   -
27443   6
27810   3
27811   7
27812   4
27813   0
27814   2
27815   5
27816   1

16:26:06:227708617
  TID PSR
    -   -
27443   6
27810   3
27811   7
27812   4
27813   0
27814   2
27815   5
27816   1

16:26:06:563172233
  TID PSR
    -   -
27443   6
27810   3
27811   7
27812   4
27813   0
27814   2
27815   5
27816   1

16:26:06:855853284
  TID PSR
    -   -
27443   6
27810   3
27811   7
27812   5
27813   0
27814   2
27815   6
27816   1

16:26:07:148082294
  TID PSR
    -   -
27443   4
27810   3
27811   7
27812   5
27813   0
27814   2
27815   6
27816   1

16:26:07:479776335
  TID PSR
    -   -
27443   4
27810   3
27811   7
27812   5
27813   0
27814   2
27815   6
27816   1

16:26:07:795852414
  TID PSR
    -   -
27443   4
27810   3
27811   7
27812   5
27813   0
27814   2
27815   6
27816   1

16:26:08:127731997
  TID PSR
    -   -
27443   4
27810   3
27811   7
27812   5
27813   0
27814   2
27815   6
27816   1

16:26:08:475109334
  TID PSR
    -   -
27443   4
27810   3
27811   7
27812   5
27813   0
27814   2
27815   6
27816   1

16:26:08:823911294
  TID PSR
    -   -
27443   4
27810   3
27811   7
27812   5
27813   0
27814   2
27815   6
27816   1

16:26:09:159719159
  TID PSR
    -   -
27443   4
27810   3
27811   7
27812   5
27813   0
27814   2
27815   6
27816   1

16:26:09:479697146
  TID PSR
    -   -
27443   4
27810   3
27811   7
27812   5
27813   0
27814   2
27815   5
27816   1

16:26:09:803922497
  TID PSR
    -   -
27443   4
27810   3
27811   7
27812   6
27813   0
27814   2
27815   5
27816   1

16:26:10:147805177
  TID PSR
    -   -
27443   4
27810   3
27811   7
27812   6
27813   0
27814   2
27815   5
27816   1

16:26:10:467685331
  TID PSR
    -   -
27443   4
27810   3
27811   7
27812   6
27813   0
27814   2
27815   5
27816   1

16:26:10:819710950
  TID PSR
    -   -
27443   4
27810   3
27811   7
27812   6
27813   0
27814   2
27815   5
27816   1

16:26:11:131306374
  TID PSR
    -   -
27443   4
27810   3
27811   7
27812   6
27813   0
27814   2
27815   5
27816   1

16:26:11:435688398
  TID PSR
    -   -
27443   4
27810   3
27811   7
27812   6
27813   0
27814   2
27815   5
27816   1

16:26:11:771848430
  TID PSR
    -   -
27443   4
27810   3
27811   7
27812   6
27813   0
27814   2
27815   5
27816   1

16:26:12:103818931
  TID PSR
    -   -
27443   4
27810   3
27811   7
27812   6
27813   0
27814   2
27815   5
27816   1

16:26:12:459704749
  TID PSR
    -   -
27443   4
27810   3
27811   7
27812   6
27813   0
27814   2
27815   5
27816   1

16:26:12:787662968
  TID PSR
    -   -
27443   4
27810   3
27811   7
27812   6
27813   0
27814   2
27815   5
27816   1

16:26:13:123644626
  TID PSR
    -   -
27443   4
27810   3
27811   7
27812   6
27813   0
27814   2
27815   5
27816   1

16:26:13:467680223
  TID PSR
    -   -
27443   4
27810   3
27811   7
27812   6
27813   0
27814   2
27815   5
27816   1

16:26:13:799700599
  TID PSR
    -   -
27443   4
27810   3
27811   7
27812   6
27813   0
27814   2
27815   5
27816   1

16:26:14:127644027
  TID PSR
    -   -
27443   4
27810   3
27811   7
27812   6
27813   0
27814   2
27815   5
27816   1

16:26:14:463812976
  TID PSR
    -   -
27443   4
27810   3
27811   7
27812   6
27813   0
27814   2
27815   5
27816   1

16:26:14:783896964
  TID PSR
    -   -
27443   4
27810   3
27811   7
27812   6
27813   0
27814   2
27815   5
27816   1

16:26:15:130474098
  TID PSR
    -   -
27443   4
27810   3
27811   7
27812   6
27813   0
27814   2
27815   5
27816   1

16:26:15:483857632
  TID PSR
    -   -
27443   4
27810   3
27811   7
27812   6
27813   0
27814   2
27815   5
27816   1

16:26:15:827766189
  TID PSR
    -   -
27443   4
27810   3
27811   7
27812   6
27813   0
27814   2
27815   5
27816   1

16:26:16:171844162
  TID PSR
    -   -
27443   4
27810   3
27811   7
27812   6
27813   0
27814   2
27815   5
27816   1

16:26:16:519689709
  TID PSR
    -   -
27443   4
27810   3
27811   7
27812   6
27813   0
27814   2
27815   5
27816   1

16:26:16:835880082
  TID PSR
    -   -
27443   4
27810   3
27811   7
27812   6
27813   0
27814   2
27815   5
27816   1

16:26:17:190302198
  TID PSR
    -   -
27443   4
27810   3
27811   7
27812   6
27813   0
27814   2
27815   5
27816   1

16:26:17:527050939
  TID PSR
    -   -
27443   4
27810   3
27811   7
27812   6
27813   0
27814   2
27815   5
27816   1

16:26:17:871839411
  TID PSR
    -   -
27443   4
27810   3
27811   7
27812   6
27813   0
27814   2
27815   5
27816   1

16:26:18:211683103
  TID PSR
    -   -
27443   4
27810   3
27811   7
27812   6
27813   0
27814   2
27815   5
27816   1

16:26:18:535706416
  TID PSR
    -   -
27443   4
27810   3
27811   7
27812   6
27813   0
27814   2
27815   5
27816   1

16:26:18:867114003
  TID PSR
    -   -
27443   4
27810   3
27811   7
27812   6
27813   0
27814   2
27815   5
27816   1

16:26:19:150739996
  TID PSR
    -   -
27443   4
27810   3
27811   7
27812   6
27813   0
27814   2
27815   5
27816   1

16:26:19:349864690
  TID PSR
    -   -
27443   4
27810   3
27811   7
27812   6
27813   0
27814   2
27815   5
27816   1

16:26:19:547556262
  TID PSR
    -   -
27443   4
27810   3
27811   7
27812   6
27813   0
27814   2
27815   5
27816   1

16:26:19:737531936
  TID PSR
    -   -
27443   4
27810   3
27811   7
27812   6
27813   0
27814   2
27815   5
27816   1

16:26:19:918594005
  TID PSR
    -   -
27443   4
27810   3
27811   7
27812   6
27813   0
27814   2
27815   5
27816   1

16:26:20:099710867
  TID PSR
    -   -
27443   4
27810   3
27811   7
27812   6
27813   0
27814   2
27815   5
27816   1

16:26:20:280764770
  TID PSR
    -   -
27443   4
27810   3
27811   7
27812   6
27813   0
27814   2
27815   5
27816   1

16:26:20:461929215
  TID PSR
    -   -
27443   4
27810   3
27811   7
27812   6
27813   0
27814   2
27815   5
27816   1

16:26:20:643091785
  TID PSR
    -   -
27443   4
27810   3
27811   7
27812   6
27813   0
27814   2
27815   5
27816   1

16:26:20:824010772
  TID PSR
    -   -
27443   4
27810   3
27811   7
27812   6
27813   0
27814   2
27815   5
27816   1

16:26:21:004950884
  TID PSR
    -   -
27443   4
27810   3
27811   7
27812   6
27813   0
27814   2
27815   5
27816   1

16:26:21:186058287
  TID PSR
    -   -
27443   4
27810   3
27811   7
27812   6
27813   0
27814   2
27815   5
27816   1

16:26:21:366983441
  TID PSR
    -   -
27443   4
27810   3
27811   7
27812   6
27813   0
27814   2
27815   5
27816   1

16:26:21:547953762
  TID PSR
    -   -
27443   4
27810   3
27811   7
27812   6
27813   0
27814   2
27815   5
27816   1

16:26:21:729076915
  TID PSR
    -   -
27443   4
27810   3
27811   7
27812   6
27813   0
27814   2
27815   5
27816   1

16:26:21:912487563
  TID PSR
    -   -
27443   4
27810   3
27811   7
27812   6
27813   0
27814   2
27815   5
27816   1

16:26:22:096472376
  TID PSR
    -   -
27443   4
27810   3
27811   7
27812   6
27813   0
27814   2
27815   5
27816   1

16:26:22:282342477
  TID PSR
    -   -
27443   4
27810   3
27811   7
27812   6
27813   0
27814   2
27815   5
27816   1

16:26:22:468389244
  TID PSR
    -   -
27443   4
27810   3
27811   7
27812   6
27813   0
27814   2
27815   5
27816   1

16:26:22:661008579
  TID PSR
    -   -
27443   4
27810   3
27811   7
27812   6
27813   0
27814   2
27815   5
27816   1

16:26:22:846299014
  TID PSR
    -   -
27443   4
27810   3
27811   7
27812   6
27813   0
27814   2
27815   5
27816   1

16:26:23:030947034
  TID PSR
    -   -
27443   4
27810   3
27811   7
27812   6
27813   0
27814   2
27815   5
27816   1

16:26:23:214108142
  TID PSR
    -   -
27443   4
27810   3
27811   7
27812   6
27813   0
27814   2
27815   5
27816   1

16:26:23:398315038
  TID PSR
    -   -
27443   4
27810   3
27811   7
27812   6
27813   0
27814   2
27815   5
27816   1

16:26:23:580282481
  TID PSR
    -   -
27443   4
27810   3
27811   7
27812   6
27813   0
27814   2
27815   5
27816   1

16:26:23:761784593
  TID PSR
    -   -
27443   4
27810   3
27811   7
27812   6
27813   0
27814   2
27815   5
27816   1

16:26:23:942957121
  TID PSR
    -   -
27443   4
27810   3
27811   7
27812   6
27813   0
27814   2
27815   5
27816   1

16:26:24:124126817
  TID PSR
    -   -
27443   4
27810   3
27811   7
27812   6
27813   0
27814   2
27815   5
27816   1

16:26:24:305057221
  TID PSR
    -   -
27443   4
27810   3
27811   7
27812   6
27813   0
27814   2
27815   5
27816   1

16:26:24:486065375
  TID PSR
    -   -
27443   4
27810   3
27811   7
27812   6
27813   0
27814   2
27815   5
27816   1

16:26:24:666860447
  TID PSR
    -   -
27443   4
27810   3
27811   7
27812   6
27813   0
27814   2
27815   5
27816   1

16:26:24:847658768
  TID PSR
    -   -
27443   4
27810   3
27811   7
27812   6
27813   0
27814   2
27815   5
27816   1

16:26:25:028415340
  TID PSR
    -   -
27443   4
27810   3
27811   7
27812   6
27813   0
27814   2
27815   5
27816   1

16:26:25:209488327
  TID PSR
    -   -
27443   4
27810   3
27811   7
27812   6
27813   0
27814   2
27815   5
27816   1

16:26:25:390457273
  TID PSR
    -   -
27443   4
27810   3
27811   7
27812   6
27813   0
27814   2
27815   5
27816   1

16:26:25:571498344
  TID PSR
    -   -
27443   4
27810   3
27811   7
27812   6
27813   0
27814   2
27815   5
27816   1

16:26:25:752298457
  TID PSR
    -   -
27443   4
27810   3
27811   7
27812   6
27813   0
27814   2
27815   5
27816   1

16:26:25:933248529
  TID PSR
    -   -
27443   4
27810   3
27811   7
27812   6
27813   0
27814   2
27815   5
27816   1

16:26:26:114381933
  TID PSR
    -   -
27443   4
27810   3
27811   7
27812   6
27813   0
27814   2
27815   5
27816   1

16:26:26:295491670
  TID PSR
    -   -
27443   4
27810   3
27811   7
27812   6
27813   0
27814   2
27815   5
27816   1

16:26:26:478089280
  TID PSR
    -   -
27443   4
27810   3
27811   7
27812   6
27813   0
27814   2
27815   5
27816   1

16:26:26:660781889
  TID PSR
    -   -
27443   4
27810   3
27811   7
27812   6
27813   0
27814   2
27815   5
27816   1

16:26:26:846981656
  TID PSR
    -   -
27443   4
27810   3
27811   7
27812   6
27813   0
27814   2
27815   5
27816   1

16:26:27:037805412
  TID PSR
    -   -
27443   4
27810   3
27811   7
27812   6
27813   0
27814   2
27815   5
27816   1

16:26:27:224592553
  TID PSR
    -   -
27443   4
27810   3
27811   7
27812   6
27813   0
27814   2
27815   5
27816   1

16:26:27:414294437
  TID PSR
    -   -
27443   4
27810   3
27811   7
27812   6
27813   0
27814   2
27815   5
27816   1

16:26:27:597021255
  TID PSR
    -   -
27443   4
27810   3
27811   7
27812   6
27813   0
27814   2
27815   5
27816   1

16:26:27:780107529
  TID PSR
    -   -
27443   4
27810   3
27811   7
27812   6
27813   0
27814   2
27815   5
27816   1

16:26:27:961229351
  TID PSR
    -   -
27443   4
27810   3
27811   7
27812   6
27813   0
27814   2
27815   5
27816   1

16:26:28:142352255
  TID PSR
    -   -
27443   4
27810   3
27811   7
27812   6
27813   0
27814   2
27815   5
27816   1

16:26:28:323653159
  TID PSR
    -   -
27443   4
27810   3
27811   7
27812   6
27813   0
27814   2
27815   5
27816   1

16:26:28:504896439
  TID PSR
    -   -
27443   4
27810   3
27811   7
27812   6
27813   0
27814   2
27815   5
27816   1

16:26:28:686704925
  TID PSR
    -   -
27443   4
27810   3
27811   7
27812   6
27813   0
27814   2
27815   5
27816   1

16:26:28:867958080
  TID PSR
    -   -
27443   4
27810   3
27811   7
27812   6
27813   0
27814   2
27815   5
27816   1

16:26:29:048876110
  TID PSR
    -   -
27443   4
27810   3
27811   7
27812   6
27813   0
27814   2
27815   5
27816   1

16:26:29:229799515
  TID PSR
    -   -
27443   4
27810   3
27811   7
27812   6
27813   0
27814   2
27815   5
27816   1

16:26:29:410989670
  TID PSR
    -   -
27443   4
27810   3
27811   7
27812   6
27813   0
27814   2
27815   5
27816   1

16:26:29:591831575
  TID PSR
    -   -
27443   4
27810   3
27811   7
27812   6
27813   0
27814   2
27815   5
27816   1

16:26:29:773040480
  TID PSR
    -   -
27443   4
27810   3
27811   7
27812   6
27813   0
27814   2
27815   5
27816   1

16:26:29:954176843
  TID PSR
    -   -
27443   4
27810   3
27811   7
27812   6
27813   0
27814   2
27815   5
27816   1

16:26:30:135230915
  TID PSR
    -   -
27443   4
27810   3
27811   7
27812   6
27813   0
27814   2
27815   5
27816   1

16:26:30:316300778
  TID PSR
    -   -
27443   4
27810   3
27811   7
27812   6
27813   0
27814   2
27815   5
27816   1

16:26:30:497585516
  TID PSR
    -   -
27443   4
27810   3
27811   7
27812   6
27813   0
27814   2
27815   5
27816   1

16:26:30:679067962
  TID PSR
    -   -
27443   4
27810   3
27811   7
27812   6
27813   0
27814   2
27815   5
27816   1

16:26:30:861968863
  TID PSR
    -   -
27443   4
27810   3
27811   7
27812   6
27813   0
27814   2
27815   5
27816   1

16:26:31:045771261
  TID PSR
    -   -
27443   4
27810   3
27811   7
27812   6
27813   0
27814   2
27815   5
27816   1

16:26:31:231702030
  TID PSR
    -   -
27443   4
27810   3
27811   7
27812   6
27813   0
27814   2
27815   5
27816   1

16:26:31:417074175
  TID PSR
    -   -
27443   4
27810   3
27811   7
27812   6
27813   0
27814   2
27815   5
27816   1

16:26:31:604581315
  TID PSR
    -   -
27443   4
27810   3
27811   7
27812   6
27813   0
27814   2
27815   5
27816   1

16:26:31:789906252
  TID PSR
    -   -
27443   4
27810   3
27811   7
27812   6
27813   0
27814   2
27815   5
27816   1

16:26:31:978512015
  TID PSR
    -   -
27443   4
27810   3
27811   7
27812   6
27813   0
27814   2
27815   5
27816   1

16:26:32:161351958
  TID PSR
    -   -
27443   4
27810   3
27811   7
27812   6
27813   0
27814   2
27815   5
27816   1

16:26:32:343403736
  TID PSR
    -   -
27443   4
27810   3
27811   7
27812   6
27813   0
27814   2
27815   5
27816   1

16:26:32:524692849
  TID PSR
    -   -
27443   4
27810   3
27811   7
27812   6
27813   0
27814   2
27815   5
27816   1

16:26:32:706196795
  TID PSR
    -   -
27443   4
27810   3
27811   7
27812   6
27813   0
27814   2
27815   5
27816   1

16:26:32:887512450
  TID PSR
    -   -
27443   4
27810   3
27811   7
27812   6
27813   0
27814   2
27815   5
27816   1

16:26:33:068892646
  TID PSR
    -   -
27443   4
27810   3
27811   7
27812   6
27813   0
27814   2
27815   5
27816   1

16:26:33:250035177
  TID PSR
    -   -
27443   4
27810   3
27811   7
27812   6
27813   0
27814   2
27815   5
27816   1

16:26:33:430809417
  TID PSR
    -   -
27443   4
27810   3
27811   7
27812   6
27813   0
27814   2
27815   5
27816   1

16:26:33:611548031
  TID PSR
    -   -
27443   4
27810   3
27811   7
27812   6
27813   0
27814   2
27815   5
27816   1

16:26:33:792429229
  TID PSR
    -   -
27443   4
27810   3
27811   7
27812   6
27813   0
27814   2
27815   5
27816   1

16:26:33:973467385
  TID PSR
    -   -
27443   4
27810   3
27811   7
27812   6
27813   0
27814   2
27815   5
27816   1

16:26:34:154617665
  TID PSR
    -   -
27443   4
27810   3
27811   7
27812   6
27813   0
27814   2
27815   5
27816   1

16:26:34:335511613
  TID PSR
    -   -
27443   4
27810   3
27811   7
27812   6
27813   0
27814   2
27815   5
27816   1

16:26:34:516439186
  TID PSR
    -   -
27443   4
27810   3
27811   7
27812   6
27813   0
27814   2
27815   5
27816   1

16:26:34:697748008
  TID PSR
    -   -
27443   4
27810   3
27811   7
27812   6
27813   0
27814   2
27815   5
27816   1

16:26:34:878711956
  TID PSR
    -   -
27443   4
27810   3
27811   7
27812   6
27813   0
27814   2
27815   5
27816   1

16:26:35:059739695
  TID PSR
    -   -
27443   4
27810   3
27811   7
27812   6
27813   0
27814   2
27815   5
27816   1

16:26:35:240879893
  TID PSR
    -   -
27443   4
27810   3
27811   7
27812   6
27813   0
27814   2
27815   5
27816   1

16:26:35:423427420
  TID PSR
    -   -
27443   4
27810   3
27811   7
27812   6
27813   0
27814   2
27815   5
27816   1

16:26:35:607517569
  TID PSR
    -   -
27443   4
27810   3
27811   7
27812   6
27813   0
27814   2
27815   5
27816   1

16:26:35:793990254
  TID PSR
    -   -
27443   4
27810   3
27811   7
27812   6
27813   0
27814   2
27815   5
27816   1

16:26:35:983342557
  TID PSR
    -   -
27443   4
27810   3
27811   7
27812   6
27813   0
27814   2
27815   5
27816   1

16:26:36:171761654
  TID PSR
    -   -
27443   4
27810   3
27811   7
27812   6
27813   0
27814   2
27815   5
27816   1

16:26:36:357025175
  TID PSR
    -   -
27443   4
27810   3
27811   7
27812   6
27813   0
27814   2
27815   5
27816   1

16:26:36:542182989
  TID PSR
    -   -
27443   4
27810   3
27811   7
27812   6
27813   0
27814   2
27815   5
27816   1

16:26:36:724127226
  TID PSR
    -   -
27443   4
27810   3
27811   7
27812   6
27813   0
27814   2
27815   5
27816   1

16:26:36:905603131
  TID PSR
    -   -
27443   4
27810   3
27811   7
27812   6
27813   0
27814   2
27815   5
27816   1

16:26:37:086572829
  TID PSR
    -   -
27443   4
27810   3
27811   7
27812   6
27813   0
27814   2
27815   5
27816   1

16:26:37:267831902
  TID PSR
    -   -
27443   4
27810   3
27811   7
27812   6
27813   0
27814   2
27815   5
27816   1

16:26:37:448955933
  TID PSR
    -   -
27443   4
27810   3
27811   7
27812   6
27813   0
27814   2
27815   5
27816   1

16:26:37:630020673
  TID PSR
    -   -
27443   4
27810   3
27811   7
27812   6
27813   0
27814   2
27815   5
27816   1

16:26:37:810954496
  TID PSR
    -   -
27443   4
27810   3
27811   7
27812   6
27813   0
27814   2
27815   5
27816   1

16:26:37:992318402
  TID PSR
    -   -
27443   4
27810   3
27811   7
27812   6
27813   0
27814   2
27815   5
27816   1

16:26:38:173166559
  TID PSR
    -   -
27443   4
27810   3
27811   7
27812   6
27813   0
27814   2
27815   5
27816   1

16:26:38:354435173
  TID PSR
    -   -
27443   4
27810   3
27811   7
27812   6
27813   0
27814   2
27815   5
27816   1

16:26:38:535578121
  TID PSR
    -   -
27443   4
27810   3
27811   7
27812   6
27813   0
27814   2
27815   5
27816   1

16:26:38:716764069
  TID PSR
    -   -
27443   4
27810   3
27811   7
27812   6
27813   0
27814   2
27815   5
27816   1

16:26:38:897949892
  TID PSR
    -   -
27443   4
27810   3
27811   7
27812   6
27813   0
27814   2
27815   5
27816   1

16:26:39:079175465
  TID PSR
    -   -
27443   4
27810   3
27811   7
27812   6
27813   0
27814   2
27815   5
27816   1

16:26:39:260322955
  TID PSR
    -   -
27443   4
27810   3
27811   7
27812   6
27813   0
27814   2
27815   5
27816   1

16:26:39:441501153
  TID PSR
    -   -
27443   4
27810   3
27811   7
27812   6
27813   0
27814   2
27815   5
27816   1

16:26:39:622528143
  TID PSR
    -   -
27443   4
27810   3
27811   7
27812   6
27813   0
27814   2
27815   5
27816   1

16:26:39:804841463
  TID PSR
    -   -
27443   4
27810   3
27811   7
27812   6
27813   0
27814   2
27815   5
27816   1

16:26:39:987581324
  TID PSR
    -   -
27443   4
27810   3
27811   7
27812   6
27813   0
27814   2
27815   5
27816   1

16:26:40:177764376
  TID PSR
    -   -
27443   4
27810   3
27811   7
27812   6
27813   0
27814   2
27815   5
27816   1

16:26:40:364847727
  TID PSR
    -   -
27443   4
27810   3
27811   7
27812   6
27813   0
27814   2
27815   5
27816   1

16:26:40:554381822
  TID PSR
    -   -
27443   4
27810   3
27811   7
27812   6
27813   0
27814   2
27815   5
27816   1

16:26:40:744049876
  TID PSR
    -   -
27443   4
27810   3
27811   7
27812   6
27813   0
27814   2
27815   5
27816   1

16:26:40:927117278
  TID PSR
    -   -
27443   4
27810   3
27811   7
27812   6
27813   0
27814   2
27815   5
27816   1

16:26:41:109108224
  TID PSR
    -   -
27443   4
27810   3
27811   7
27812   6
27813   0
27814   2
27815   5
27816   1

16:26:41:290573672
  TID PSR
    -   -
27443   4
27810   3
27811   7
27812   6
27813   0
27814   2
27815   5
27816   1

16:26:41:472129536
  TID PSR
    -   -
27443   4
27810   3
27811   7
27812   6
27813   0
27814   2
27815   5
27816   1

16:26:41:653522318
  TID PSR
    -   -
27443   4
27810   3
27811   7
27812   6
27813   0
27814   2
27815   5
27816   1

16:26:41:834634558
  TID PSR
    -   -
27443   4
27810   3
27811   7
27812   6
27813   0
27814   2
27815   5
27816   1

16:26:42:015469465
  TID PSR
    -   -
27443   4
27810   3
27811   7
27812   6
27813   0
27814   2
27815   5
27816   1

16:26:42:196300540
  TID PSR
    -   -
27443   4
27810   3
27811   7
27812   6
27813   0
27814   2
27815   5
27816   1

16:26:42:377340697
  TID PSR
    -   -
27443   4
27810   3
27811   7
27812   6
27813   0
27814   2
27815   5
27816   1

16:26:42:558374021
  TID PSR
    -   -
27443   4
27810   3
27811   7
27812   6
27813   0
27814   2
27815   5
27816   1

16:26:42:739259762
  TID PSR
    -   -
27443   4
27810   3
27811   7
27812   6
27813   0
27814   2
27815   5
27816   1

16:26:42:920178878
  TID PSR
    -   -
27443   4
27810   3
27811   7
27812   6
27813   0
27814   2
27815   5
27816   1

16:26:43:101195869
  TID PSR
    -   -
27443   4
27810   3
27811   7
27812   6
27813   0
27814   2
27815   5
27816   1

16:26:43:282201526
  TID PSR
    -   -
27443   4
27810   3
27811   7
27812   6
27813   0
27814   2
27815   5
27816   1

16:26:43:463622891
  TID PSR
    -   -
27443   4
27810   3
27811   7
27812   6
27813   0
27814   2
27815   5
27816   1

16:26:43:645701254
  TID PSR
    -   -
27443   4
27810   3
27811   7
27812   6
27813   0
27814   2
27815   5
27816   1

16:26:43:826708745
  TID PSR
    -   -
27443   4
27810   3
27811   7
27812   6
27813   0
27814   2
27815   5
27816   1

16:26:44:008326318
  TID PSR
    -   -
27443   4
27810   3
27811   7
27812   6
27813   0
27814   2
27815   5
27816   1

16:26:44:192103594
  TID PSR
    -   -
27443   4
27810   3
27811   7
27812   6
27813   0
27814   2
27815   5
27816   1

16:26:44:376949618
  TID PSR
    -   -
27443   4
27810   3
27811   7
27812   6
27813   0
27814   2
27815   5
27816   1

16:26:44:563434471
  TID PSR
    -   -
27443   4
27810   3
27811   7
27812   6
27813   0
27814   2
27815   5
27816   1

16:26:44:753627690
  TID PSR
    -   -
27443   4
27810   3
27811   7
27812   6
27813   0
27814   2
27815   5
27816   1

16:26:44:940628834
  TID PSR
    -   -
27443   4
27810   3
27811   7
27812   6
27813   0
27814   2
27815   5
27816   1

16:26:45:127232853
  TID PSR
    -   -
27443   4
27810   3
27811   7
27812   6
27813   0
27814   2
27815   5
27816   1

16:26:45:309562175
  TID PSR
    -   -
27443   4
27810   3
27811   7
27812   6
27813   0
27814   2
27815   5
27816   1

16:26:45:491249706
  TID PSR
    -   -
27443   4
27810   3
27811   7
27812   6
27813   0
27814   2
27815   5
27816   1

16:26:45:672794363
  TID PSR
    -   -
27443   4
27810   3
27811   7
27812   6
27813   0
27814   2
27815   5
27816   1

16:26:45:854420394
  TID PSR
    -   -
27443   4
27810   3
27811   7
27812   6
27813   0
27814   2
27815   5
27816   1

16:26:46:035782426
  TID PSR
    -   -
27443   4
27810   3
27811   7
27812   6
27813   0
27814   2
27815   5
27816   1

16:26:46:217442374
  TID PSR
    -   -
27443   4
27810   3
27811   7
27812   6
27813   0
27814   2
27815   5
27816   1

16:26:46:398345324
  TID PSR
    -   -
27443   4
27810   3
27811   7
27812   6
27813   0
27814   2
27815   5
27816   1

16:26:46:579337482
  TID PSR
    -   -
27443   4
27810   3
27811   7
27812   6
27813   0
27814   2
27815   5
27816   1

16:26:46:760578556
  TID PSR
    -   -
27443   4
27810   3
27811   7
27812   6
27813   0
27814   2
27815   5
27816   1

16:26:46:941860089
  TID PSR
    -   -
27443   4
27810   3
27811   7
27812   6
27813   0
27814   2
27815   5
27816   1

16:26:47:123064038
  TID PSR
    -   -
27443   4
27810   3
27811   7
27812   6
27813   0
27814   2
27815   5
27816   1

16:26:47:304232737
  TID PSR
    -   -
27443   4
27810   3
27811   7
27812   6
27813   0
27814   2
27815   5
27816   1

16:26:47:485313395
  TID PSR
    -   -
27443   4
27810   3
27811   7
27812   6
27813   0
27814   2
27815   5
27816   1

16:26:47:666568970
  TID PSR
    -   -
27443   4
27810   3
27811   7
27812   6
27813   0
27814   2
27815   5
27816   1

16:26:47:847673586
  TID PSR
    -   -
27443   4
27810   3
27811   7
27812   6
27813   0
27814   2
27815   5
27816   1

16:26:48:028843910
  TID PSR
    -   -
27443   4
27810   3
27811   7
27812   6
27813   0
27814   2
27815   5
27816   1

16:26:48:210187026
  TID PSR
    -   -
27443   4
27810   3
27811   7
27812   6
27813   0
27814   2
27815   5
27816   1

16:26:48:392949472
  TID PSR
    -   -
27443   4
27810   3
27811   7
27812   6
27813   0
27814   2
27815   5
27816   1

16:26:48:576914415
  TID PSR
    -   -
27443   4
27810   3
27811   7
27812   6
27813   0
27814   2
27815   5
27816   1

16:26:48:768455424
  TID PSR
    -   -
27443   4
27810   3
27811   7
27812   6
27813   0
27814   2
27815   5
27816   1

16:26:48:959205768
  TID PSR
    -   -
27443   4
27810   3
27811   7
27812   6
27813   0
27814   2
27815   5
27816   1

16:26:49:145189790
  TID PSR
    -   -
27443   4
27810   3
27811   7
27812   6
27813   0
27814   2
27815   5
27816   1

16:26:49:330290938
  TID PSR
    -   -
27443   4
27810   3
27811   7
27812   6
27813   0
27814   2
27815   5
27816   1

16:26:49:513468092
  TID PSR
    -   -
27443   4
27810   3
27811   7
27812   6
27813   0
27814   2
27815   5
27816   1

16:26:49:695956955
  TID PSR
    -   -
27443   4
27810   3
27811   7
27812   6
27813   0
27814   2
27815   5
27816   1

16:26:49:877974611
  TID PSR
    -   -
27443   4
27810   3
27811   7
27812   6
27813   0
27814   2
27815   5
27816   1

16:26:50:059307061
  TID PSR
    -   -
27443   4
27810   3
27811   7
27812   6
27813   0
27814   2
27815   5
27816   1

16:26:50:240669469
  TID PSR
    -   -
27443   4
27810   3
27811   7
27812   6
27813   0
27814   2
27815   5
27816   1

16:26:50:422105126
  TID PSR
    -   -
27443   4
27810   3
27811   7
27812   6
27813   0
27814   2
27815   5
27816   1

16:26:50:603244243
  TID PSR
    -   -
27443   4
27810   3
27811   7
27812   6
27813   0
27814   2
27815   5
27816   1

16:26:50:784525860
  TID PSR
    -   -
27443   4
27810   3
27811   7
27812   6
27813   0
27814   2
27815   5
27816   1

16:26:50:965861601
  TID PSR
    -   -
27443   4
27810   3
27811   7
27812   6
27813   0
27814   2
27815   5
27816   1

16:26:51:147029884
  TID PSR
    -   -
27443   4
27810   3
27811   7
27812   6
27813   0
27814   2
27815   5
27816   1

16:26:51:328266001
  TID PSR
    -   -
27443   4
27810   3
27811   7
27812   6
27813   0
27814   2
27815   5
27816   1

16:26:51:509585909
  TID PSR
    -   -
27443   4
27810   3
27811   7
27812   6
27813   0
27814   2
27815   5
27816   1

16:26:51:690674651
  TID PSR
    -   -
27443   4
27810   3
27811   7
27812   6
27813   0
27814   2
27815   5
27816   1

16:26:51:871967642
  TID PSR
    -   -
27443   4
27810   3
27811   7
27812   6
27813   0
27814   2
27815   5
27816   1

16:26:52:053059676
  TID PSR
    -   -
27443   4
27810   3
27811   7
27812   6
27813   0
27814   2
27815   5
27816   1

16:26:52:234207377
  TID PSR
    -   -
27443   4
27810   3
27811   7
27812   6
27813   0
27814   2
27815   5
27816   1

16:26:52:415500910
  TID PSR
    -   -
27443   4
27810   3
27811   7
27812   6
27813   0
27814   2
27815   5
27816   1

16:26:52:596831110
  TID PSR
    -   -
27443   4
27810   3
27811   7
27812   6
27813   0
27814   2
27815   5
27816   1

16:26:52:779044433
  TID PSR
    -   -
27443   4
27810   3
27811   7
27812   6
27813   0
27814   2
27815   5
27816   1

16:26:52:962001629
  TID PSR
    -   -
27443   4
27810   3
27811   7
27812   6
27813   0
27814   2
27815   5
27816   1

16:26:53:146580238
  TID PSR
    -   -
27443   4
27810   3
27811   7
27812   6
27813   0
27814   2
27815   5
27816   1

16:26:53:332478761
  TID PSR
    -   -
27443   4
27810   3
27811   7
27812   6
27813   0
27814   2
27815   5
27816   1

16:26:53:521977817
  TID PSR
    -   -
27443   4
27810   3
27811   7
27812   6
27813   0
27814   2
27815   5
27816   1

16:26:53:710622083
  TID PSR
    -   -
27443   4
27810   3
27811   7
27812   6
27813   0
27814   2
27815   5
27816   1

16:26:53:899584557
  TID PSR
    -   -
27443   4
27810   3
27811   7
27812   6
27813   0
27814   2
27815   5
27816   1

16:26:54:083476418
  TID PSR
    -   -
27443   4
27810   3
27811   7
27812   6
27813   0
27814   2
27815   5
27816   1

16:26:54:266415364
  TID PSR
    -   -
27443   4
27810   3
27811   7
27812   6
27813   0
27814   2
27815   5
27816   1

16:26:54:447645023
  TID PSR
    -   -
27443   4
27810   3
27811   7
27812   6
27813   0
27814   2
27815   5
27816   1

16:26:54:628767974
  TID PSR
    -   -
27443   4
27810   3
27811   7
27812   6
27813   0
27814   2
27815   5
27816   1

16:26:54:810246257
  TID PSR
    -   -
27443   4
27810   3
27811   7
27812   6
27813   0
27814   2
27815   5
27816   1

16:26:54:991297958
  TID PSR
    -   -
27443   4
27810   3
27811   7
27812   6
27813   0
27814   2
27815   5
27816   1

16:26:55:172361909
  TID PSR
    -   -
27443   4
27810   3
27811   7
27812   6
27813   0
27814   2
27815   5
27816   1

16:26:55:353357693
  TID PSR
    -   -
27443   4
27810   3
27811   7
27812   6
27813   0
27814   2
27815   5
27816   1

16:26:55:534443019
  TID PSR
    -   -
27443   4
27810   3
27811   7
27812   6
27813   0
27814   2
27815   5
27816   1

16:26:55:715756803
  TID PSR
    -   -
27443   4
27810   3
27811   7
27812   6
27813   0
27814   2
27815   5
27816   1

16:26:55:897168045
  TID PSR
    -   -
27443   4
27810   3
27811   7
27812   6
27813   0
27814   2
27815   5
27816   1

16:26:56:078283663
  TID PSR
    -   -
27443   4
27810   3
27811   7
27812   6
27813   0
27814   2
27815   5
27816   1

16:26:56:259261989
  TID PSR
    -   -
27443   4
27810   3
27811   7
27812   6
27813   0
27814   2
27815   5
27816   1

16:26:56:440196607
  TID PSR
    -   -
27443   4
27810   3
27811   7
27812   6
27813   0
27814   2
27815   5
27816   1

16:26:56:620996351
  TID PSR
    -   -
27443   4
27810   3
27811   7
27812   6
27813   0
27814   2
27815   5
27816   1

16:26:56:802015469
  TID PSR
    -   -
27443   4
27810   3
27811   7
27812   6
27813   0
27814   2
27815   5
27816   1

16:26:56:983172753
  TID PSR
    -   -
27443   4
27810   3
27811   7
27812   6
27813   0
27814   2
27815   5
27816   1

16:26:57:164166955
  TID PSR
    -   -
27443   4
27810   3
27811   7
27812   6
27813   0
27814   2
27815   5
27816   1

16:26:57:346523695
  TID PSR
    -   -
27443   4
27810   3
27811   7
27812   6
27813   0
27814   2
27815   5
27816   1

16:26:57:529479392
  TID PSR
    -   -
27443   4
27810   3
27811   7
27812   6
27813   0
27814   2
27815   5
27816   1

16:26:57:716186413
  TID PSR
    -   -
27443   4
27810   3
27811   7
27812   6
27813   0
27814   2
27815   5
27816   1

16:26:57:902050270
  TID PSR
    -   -
27443   4
27810   3
27811   7
27812   6
27813   0
27814   2
27815   5
27816   1

16:26:58:096783190
  TID PSR
    -   -
27443   4
27810   3
27811   7
27812   6
27813   0
27814   2
27815   5
27816   1

16:26:58:281776007
  TID PSR
    -   -
27443   4
27810   3
27811   7
27812   6
27813   0
27814   2
27815   5
27816   1

16:26:58:465103787
  TID PSR
    -   -
27443   4
27810   3
27811   7
27812   6
27813   0
27814   2
27815   5
27816   1

16:26:58:646906528
  TID PSR
    -   -
27443   4
27810   3
27811   7
27812   6
27813   0
27814   2
27815   5
27816   1

16:26:58:828268521
  TID PSR
    -   -
27443   4
27810   3
27811   7
27812   6
27813   0
27814   2
27815   5
27816   1

16:26:59:009825221
  TID PSR
    -   -
27443   4
27810   3
27811   7
27812   6
27813   0
27814   2
27815   5
27816   1

16:26:59:190922048
  TID PSR
    -   -
27443   4
27810   3
27811   7
27812   6
27813   0
27814   2
27815   5
27816   1

16:26:59:372200207
  TID PSR
    -   -
27443   4
27810   3
27811   7
27812   6
27813   0
27814   2
27815   5
27816   1

16:26:59:553447908
  TID PSR
    -   -
27443   4
27810   3
27811   7
27812   6
27813   0
27814   2
27815   5
27816   1

16:26:59:734632818
  TID PSR
    -   -
27443   4
27810   3
27811   7
27812   6
27813   0
27814   2
27815   5
27816   1

16:26:59:915850103
  TID PSR
    -   -
27443   4
27810   3
27811   7
27812   6
27813   0
27814   2
27815   5
27816   1

16:27:00:097087638
  TID PSR
    -   -
27443   4
27810   3
27811   7
27812   6
27813   0
27814   2
27815   5
27816   1

16:27:00:278322422
  TID PSR
    -   -
27443   4
27810   3
27811   7
27812   6
27813   0
27814   2
27815   5
27816   1

16:27:00:459622665
  TID PSR
    -   -
27443   4
27810   3
27811   7
27812   6
27813   0
27814   2
27815   5
27816   1

16:27:00:640825992
  TID PSR
    -   -
27443   4
27810   3
27811   7
27812   6
27813   0
27814   2
27815   5
27816   1

16:27:00:822076652
  TID PSR
    -   -
27443   4
27810   3
27811   7
27812   6
27813   0
27814   2
27815   5
27816   1

16:27:01:003344062
  TID PSR
    -   -
27443   4
27810   3
27811   7
27812   6
27813   0
27814   2
27815   5
27816   1

16:27:01:184517347
  TID PSR
    -   -
27443   4
27810   3
27811   7
27812   6
27813   0
27814   2
27815   5
27816   1

16:27:01:365757715
  TID PSR
    -   -
27443   4
27810   3
27811   7
27812   6
27813   0
27814   2
27815   5
27816   1

16:27:01:547076958
  TID PSR
    -   -
27443   4
27810   3
27811   7
27812   6
27813   0
27814   2
27815   5
27816   1

16:27:01:729996364
  TID PSR
    -   -
27443   4
27810   3
27811   7
27812   6
27813   0
27814   2
27815   5
27816   1

16:27:01:912834145
  TID PSR
    -   -
27443   4
27810   3
27811   7
27812   6
27813   0
27814   2
27815   5
27816   1

16:27:02:098592670
  TID PSR
    -   -
27443   4
27810   3
27811   7
27812   6
27813   0
27814   2
27815   5
27816   1

16:27:02:285367192
  TID PSR
    -   -
27443   4
27810   3
27811   7
27812   6
27813   0
27814   2
27815   5
27816   1

16:27:02:480169320
  TID PSR
    -   -
27443   4
27810   3
27811   7
27812   6
27813   0
27814   2
27815   5
27816   1

16:27:02:665476304
  TID PSR
    -   -
27443   4
27810   3
27811   7
27812   6
27813   0
27814   2
27815   5
27816   1

16:27:02:848588044
  TID PSR
    -   -
27443   4
27810   3
27811   7
27812   6
27813   0
27814   2
27815   5
27816   1

16:27:03:030806243
  TID PSR
    -   -
27443   4
27810   3
27811   7
27812   6
27813   0
27814   2
27815   5
27816   1

16:27:03:212290278
  TID PSR
    -   -
27443   4
27810   3
27811   7
27812   6
27813   0
27814   2
27815   5
27816   1

16:27:03:393491230
  TID PSR
    -   -
27443   4
27810   3
27811   7
27812   6
27813   0
27814   2
27815   5
27816   1

16:27:03:574481766
  TID PSR
    -   -
27443   4
27810   3
27811   7
27812   6
27813   0
27814   2
27815   5
27816   1

16:27:03:755651718
  TID PSR
    -   -
27443   4
27810   3
27811   7
27812   6
27813   0
27814   2
27815   5
27816   1

16:27:03:936714670
  TID PSR
    -   -
27443   4
27810   3
27811   7
27812   6
27813   0
27814   2
27815   5
27816   1

16:27:04:118048580
  TID PSR
    -   -
27443   4
27810   3
27811   7
27812   6
27813   0
27814   2
27815   5
27816   1

16:27:04:299329407
  TID PSR
    -   -
27443   4
27810   3
27811   7
27812   6
27813   0
27814   2
27815   5
27816   1

16:27:04:480369193
  TID PSR
    -   -
27443   4
27810   3
27811   7
27812   6
27813   0
27814   2
27815   5
27816   1

16:27:04:661321938
  TID PSR
    -   -
27443   4
27810   3
27811   7
27812   6
27813   0
27814   2
27815   5
27816   1

16:27:04:842329849
  TID PSR
    -   -
27443   4
27810   3
27811   7
27812   6
27813   0
27814   2
27815   5
27816   1

16:27:05:023296927
  TID PSR
    -   -
27443   4
27810   3
27811   7
27812   6
27813   0
27814   2
27815   5
27816   1

16:27:05:204299963
  TID PSR
    -   -
27443   4
27810   3
27811   7
27812   6
27813   0
27814   2
27815   5
27816   1

16:27:05:385687415
  TID PSR
    -   -
27443   4
27810   3
27811   7
27812   6
27813   0
27814   2
27815   5
27816   1

16:27:05:566571660
  TID PSR
    -   -
27443   4
27810   3
27811   7
27812   6
27813   0
27814   2
27815   5
27816   1

16:27:05:747496238
  TID PSR
    -   -
27443   4
27810   3
27811   7
27812   6
27813   0
27814   2
27815   5
27816   1

16:27:05:928469732
  TID PSR
    -   -
27443   4
27810   3
27811   7
27812   6
27813   0
27814   2
27815   5
27816   1

16:27:06:110645807
  TID PSR
    -   -
27443   4
27810   3
27811   7
27812   6
27813   0
27814   2
27815   5
27816   1

16:27:06:295257877
  TID PSR
    -   -
27443   4
27810   3
27811   7
27812   6
27813   0
27814   2
27815   5
27816   1

16:27:06:485765558
  TID PSR
    -   -
27443   4
27810   3
27811   7
27812   6
27813   0
27814   2
27815   5
27816   1

16:27:06:676707488
  TID PSR
    -   -
27443   4
27810   3
27811   7
27812   6
27813   0
27814   2
27815   5
27816   1

16:27:06:861780806
  TID PSR
    -   -
27443   4
27810   3
27811   7
27812   6
27813   0
27814   2
27815   5
27816   1

16:27:07:050187909
  TID PSR
    -   -
27443   4
27810   3
27811   7
27812   6
27813   0
27814   2
27815   5
27816   1

16:27:07:232711775
  TID PSR
    -   -
27443   4
27810   3
27811   7
27812   6
27813   0
27814   2
27815   5
27816   1

16:27:07:415260224
  TID PSR
    -   -
27443   4
27810   3
27811   7
27812   6
27813   0
27814   2
27815   5
27816   1

16:27:07:596334677
  TID PSR
    -   -
27443   4
27810   3
27811   7
27812   6
27813   0
27814   2
27815   5
27816   1

16:27:07:777461630
  TID PSR
    -   -
27443   4
27810   3
27811   7
27812   6
27813   0
27814   2
27815   5
27816   1

16:27:07:958880791
  TID PSR
    -   -
27443   4
27810   3
27811   7
27812   6
27813   0
27814   2
27815   5
27816   1

16:27:08:139896911
  TID PSR
    -   -
27443   4
27810   3
27811   7
27812   6
27813   0
27814   2
27815   5
27816   1

16:27:08:320908781
  TID PSR
    -   -
27443   4
27810   3
27811   7
27812   6
27813   0
27814   2
27815   5
27816   1

16:27:08:502001567
  TID PSR
    -   -
27443   4
27810   3
27811   7
27812   6
27813   0
27814   2
27815   5
27816   1

16:27:08:682920354
  TID PSR
    -   -
27443   4
27810   3
27811   7
27812   6
27813   0
27814   2
27815   5
27816   1

16:27:08:863780391
  TID PSR
    -   -
27443   4
27810   3
27811   7
27812   6
27813   0
27814   2
27815   5
27816   1

16:27:09:044671595
  TID PSR
    -   -
27443   4
27810   3
27811   7
27812   6
27813   0
27814   2
27815   5
27816   1

16:27:09:225633173
  TID PSR
    -   -
27443   4
27810   3
27811   7
27812   6
27813   0
27814   2
27815   5
27816   1

16:27:09:406884543
  TID PSR
    -   -
27443   4
27810   3
27811   7
27812   6
27813   0
27814   2
27815   5
27816   1

16:27:09:587713788
  TID PSR
    -   -
27443   4
27810   3
27811   7
27812   6
27813   0
27814   2
27815   5
27816   1

16:27:09:773508397
  TID PSR
    -   -
27443   6
27810   0
27811   2
27812   1
27813   7
27814   3
27815   5
27816   6

16:27:09:965005826
  TID PSR
    -   -
27443   7
27810   0
27811   2
27812   1
27813   7
27814   3
27815   4
27816   5

16:27:10:157733294
  TID PSR
    -   -
27443   4
27810   0
27811   2
27812   1
27813   6
27814   3
27815   7
27816   6

16:27:10:350352846
  TID PSR
    -   -
27443   6
27810   0
27811   2
27812   1
27813   4
27814   3
27815   4
27816   7

16:27:10:542948023
  TID PSR
    -   -
27443   6
27810   0
27811   2
27812   1
27813   7
27814   3
27815   5
27816   7

16:27:10:736475822
  TID PSR
    -   -
27443   6
27810   0
27811   2
27812   1
27813   4
27814   3
27815   6
27816   5

16:27:10:929473998
  TID PSR
    -   -
27443   5
27810   0
27811   3
27812   1
27813   5
27814   2
27815   7
27816   7

16:27:11:122523215
  TID PSR
    -   -
27443   7
27810   0
27811   3
27812   1
27813   5
27814   2
27815   6
27816   5

16:27:11:314117103
  TID PSR
    -   -
27443   4
27810   0
27811   3
27812   1
27813   4
27814   2
27815   7
27816   5

16:27:11:500065503
  TID PSR
    -   -
27443   5
27810   6
27811   5
27812   4
27813   7
27814   1
27815   2
27816   0

16:27:11:681125415
  TID PSR
    -   -
27443   4
27810   6
27811   4
27812   1
27813   2
27814   3
27815   7
27816   0

16:27:11:862488118
  TID PSR
    -   -
27443   4
27810   6
27811   7
27812   6
27813   2
27814   1
27815   3
27816   0

16:27:12:043747613
  TID PSR
    -   -
27443   5
27810   6
27811   5
27812   7
27813   1
27814   2
27815   3
27816   0

16:27:12:224902609
  TID PSR
    -   -
27443   5
27810   6
27811   5
27812   6
27813   2
27814   7
27815   1
27816   0

16:27:12:406632186
  TID PSR
    -   -
27443   4
27810   6
27811   4
27812   6
27813   1
27814   7
27815   2
27816   0

16:27:12:588871637
  TID PSR
    -   -
27443   4
27810   6
27811   4
27812   7
27813   6
27814   1
27815   2
27816   0

16:27:12:770631839
  TID PSR
    -   -
27443   4
27810   6
27811   4
27812   7
27813   7
27814   6
27815   1
27816   0

16:27:12:952100750
  TID PSR
    -   -
27443   4
27810   6
27811   4
27812   6
27813   7
27814   7
27815   1
27816   0

16:27:13:135061408
  TID PSR
    -   -
27443   4
27810   6
27811   4
27812   7
27813   3
27814   1
27815   2
27816   0

16:27:13:318225274
  TID PSR
    -   -
27443   4
27810   6
27811   4
27812   6
27813   2
27814   1
27815   7
27816   0

16:27:13:502203805
  TID PSR
    -   -
27443   5
27810   6
27811   5
27812   6
27813   7
27814   2
27815   1
27816   0

16:27:13:697502184
  TID PSR
    -   -
27443   5
27810   7
27811   5
27812   7
27813   2
27814   1
27815   3
27816   0

16:27:13:879722468
  TID PSR
    -   -
27443   4
27810   6
27811   4
27812   6
27813   7
27814   2
27815   1
27816   0

16:27:14:066743325
  TID PSR
    -   -
27443   4
27810   6
27811   4
27812   3
27813   7
27814   1
27815   2
27816   0

16:27:14:268835189
  TID PSR
    -   -
27443   5
27810   6
27811   5
27812   6
27813   3
27814   7
27815   2
27816   0

16:27:14:466558146
  TID PSR
    -   -
27443   4
27810   6
27811   4
27812   1
27813   7
27814   3
27815   2
27816   0

16:27:14:656813079
  TID PSR
    -   -
27443   4
27810   6
27811   6
27812   4
27813   7
27814   1
27815   7
27816   0

16:27:14:841558024
  TID PSR
    -   -
27443   6
27810   5
27811   5
27812   6
27813   1
27814   7
27815   2
27816   0

16:27:15:023031603
  TID PSR
    -   -
27443   4
27810   6
27811   4
27812   7
27813   6
27814   7
27815   1
27816   0

16:27:15:203801891
  TID PSR
    -   -
27443   4
27810   6
27811   4
27812   7
27813   1
27814   6
27815   2
27816   0

16:27:15:546337887
  TID PSR
    -   -
27443   6
27810   3
27811   4
27812   7
27813   5
27814   2
27815   1
27816   0

16:27:16:010463517
  TID PSR
    -   -
27443   6
27810   3
27811   4
27812   7
27813   5
27814   2
27815   1
27816   0

16:27:16:434491657
  TID PSR
    -   -
27443   6
27810   3
27811   4
27812   7
27813   5
27814   2
27815   1
27816   0

16:27:16:714436132
  TID PSR
    -   -
27443   6
27810   3
27811   4
27812   7
27813   5
27814   2
27815   1
27816   0

16:27:16:897594623
  TID PSR
    -   -
27443   6
27810   3
27811   4
27812   7
27813   5
27814   2
27815   1
27816   0

16:27:17:081573571
  TID PSR
    -   -
27443   6
27810   3
27811   4
27812   7
27813   5
27814   2
27815   1
27816   0

16:27:17:271408547
  TID PSR
