[10:40:38.902074 0.000013] 5.054,1.450,7.332,0.000
[10:40:39.101504 0.199458] 5.062,1.171,5.931,0.000
[10:40:39.301465 0.199960] 5.062,1.171,5.931,0.000
[10:40:39.501574 0.200106] 5.061,1.229,6.225,0.000
[10:40:39.701532 0.199960] 5.061,1.210,6.126,0.000
[10:40:39.901591 0.200058] 5.059,1.297,6.561,0.000
[10:40:40.101426 0.199790] 5.059,1.297,6.561,0.000
[10:40:40.301678 0.200300] 5.060,1.289,6.527,0.000
[10:40:40.501882 0.200192] 5.060,1.319,6.676,0.000
[10:40:40.701616 0.199742] 5.060,1.319,6.676,0.000
[10:40:40.901605 0.199993] 5.054,1.522,7.695,0.000
[10:40:41.101488 0.199884] 5.056,1.437,7.267,0.000
[10:40:41.302084 0.200577] 5.056,1.436,7.260,0.000
[10:40:41.501951 0.199873] 5.056,1.436,7.260,0.000
[10:40:41.701502 0.199563] 5.054,1.509,7.630,0.000
[10:40:41.901462 0.199961] 5.056,1.428,7.225,0.000
[10:40:42.101541 0.200078] 5.055,1.482,7.493,0.000
[10:40:42.301566 0.200027] 5.055,1.482,7.493,0.000
[10:40:42.501545 0.199979] 5.055,1.484,7.504,0.000
[10:40:42.701508 0.199963] 5.054,1.458,7.370,0.000
[10:40:42.901470 0.199869] 5.054,1.458,7.370,0.000
[10:40:43.101452 0.199999] 5.055,1.487,7.519,0.000
[10:40:43.301478 0.200101] 5.046,1.834,9.260,0.000
[10:40:43.501458 0.199901] 5.046,1.860,9.393,0.000
[10:40:43.701481 0.200103] 5.046,1.860,9.393,0.000
[10:40:43.901505 0.200024] 5.047,1.809,9.134,0.000
[10:40:44.101527 0.200020] 5.046,1.782,8.996,0.000
[10:40:44.301486 0.199960] 5.051,1.663,8.405,0.000
[10:40:44.501579 0.200092] 5.051,1.663,8.405,0.000
[10:40:44.701547 0.199969] 5.051,1.638,8.279,0.000
[10:40:44.901525 0.199978] 5.049,1.648,8.325,0.000
[10:40:45.101488 0.199964] 5.050,1.721,8.699,0.000
[10:40:45.301562 0.200071] 5.050,1.721,8.699,0.000
[10:40:45.501593 0.200033] 5.050,1.686,8.519,0.000
[10:40:45.701602 0.200007] 5.049,1.742,8.798,0.000
[10:40:45.901657 0.200054] 5.049,1.742,8.798,0.000
[10:40:46.101563 0.199909] 5.051,1.656,8.370,0.000
[10:40:46.301478 0.199916] 5.050,1.664,8.405,0.000
[10:40:46.501558 0.200080] 5.054,2.073,10.481,0.000
[10:40:46.701609 0.200050] 5.054,2.073,10.481,0.000
[10:40:46.901579 0.199971] 5.049,2.282,11.531,0.000
[10:40:47.101591 0.200011] 5.044,2.087,10.531,0.000
[10:40:47.301526 0.199934] 5.044,1.973,9.954,0.000
[10:40:47.501523 0.199998] 5.044,1.973,9.954,0.000
[10:40:47.701541 0.200018] 5.045,1.902,9.599,0.000
[10:40:47.901583 0.200042] 5.050,1.822,9.202,0.000
[10:40:48.101532 0.199949] 5.050,1.735,9.202,0.000
[10:40:48.301674 0.200138] 5.051,1.735,8.767,0.000
[10:40:48.501574 0.199905] 5.051,1.652,8.347,0.000
[10:40:48.701571 0.199995] 5.052,1.694,8.565,0.000
[10:40:48.901758 0.200184] 5.052,1.694,8.565,0.000
[10:40:49.101556 0.199803] 5.050,1.844,9.317,0.000
[10:40:49.301622 0.200061] 5.051,1.759,8.886,0.000
[10:40:49.501606 0.199985] 5.051,1.643,8.302,0.000
[10:40:49.701566 0.199963] 5.051,1.643,8.302,0.000
[10:40:49.901608 0.200042] 5.050,1.734,8.756,0.000
[10:40:50.101561 0.199952] 5.051,1.841,9.302,0.000
[10:40:50.301656 0.200094] 5.049,1.866,9.428,0.000
[10:40:50.501729 0.200071] 5.049,1.866,9.428,0.000
[10:40:50.701747 0.200018] 5.050,1.709,8.634,0.000
[10:40:50.901765 0.200020] 5.050,1.667,8.420,0.000
[10:40:51.101548 0.199786] 5.050,1.667,8.420,0.000
[10:40:51.301664 0.200113] 5.047,1.704,8.603,0.000
[10:40:51.501629 0.199964] 5.054,1.486,7.515,0.000
[10:40:51.701673 0.200044] 5.055,1.452,7.344,0.000
[10:40:51.901582 0.199913] 5.055,1.452,7.344,0.000
[10:40:52.101543 0.199960] 5.055,1.465,7.405,0.000
[10:40:52.302296 0.200751] 5.055,1.399,7.076,0.000
[10:40:52.501697 0.199400] 5.055,1.423,7.199,0.000
[10:40:52.703463 0.201770] 5.055,1.423,7.199,0.000
[10:40:52.901616 0.198151] 5.054,1.434,7.248,0.000
[10:40:53.101694 0.200078] 5.039,1.647,8.294,0.000
[10:40:53.301616 0.199923] 5.025,1.898,9.542,0.000
[10:40:53.501621 0.200002] 5.025,1.898,9.542,0.000
[10:40:53.701618 0.200000] 5.026,1.924,9.672,0.000
[10:40:53.901620 0.200003] 5.026,1.924,9.672,0.000
[10:40:54.101709 0.200087] 5.026,1.924,9.672,0.000
[10:40:54.301655 0.199946] 5.027,1.929,9.702,0.000
[10:40:54.501609 0.199954] 5.026,1.938,9.744,0.000
[10:40:54.701643 0.200035] 5.027,1.938,9.748,0.000
[10:40:54.901615 0.199973] 5.027,1.938,9.748,0.000
[10:40:55.101653 0.200037] 5.027,1.948,9.798,0.000
[10:40:55.301797 0.200143] 5.027,1.940,9.760,0.000
[10:40:55.501625 0.199830] 5.029,1.946,9.790,0.000
[10:40:55.701621 0.199995] 5.029,1.946,9.790,0.000
[10:40:55.901612 0.199991] 5.027,1.942,9.764,0.000
[10:40:56.101663 0.200051] 5.027,1.940,9.760,0.000
[10:40:56.301614 0.199950] 5.027,1.940,9.760,0.000
[10:40:56.501616 0.200003] 5.027,1.950,9.809,0.000
[10:40:56.701646 0.200030] 5.029,1.951,9.817,0.000
[10:40:56.901634 0.199988] 5.029,1.952,9.821,0.000
[10:40:57.101622 0.199988] 5.029,1.952,9.821,0.000
[10:40:57.301649 0.200025] 5.027,1.953,9.825,0.000
[10:40:57.501653 0.200006] 5.029,1.959,9.855,0.000
[10:40:57.701674 0.200019] 5.027,1.962,9.870,0.000
[10:40:57.901804 0.200131] 5.027,1.962,9.870,0.000
[10:40:58.101639 0.199836] 5.027,1.953,9.825,0.000
[10:40:58.301613 0.199974] 5.027,1.962,9.867,0.000
[10:40:58.501640 0.200026] 5.027,1.965,9.886,0.000
[10:40:58.701694 0.200055] 5.027,1.965,9.886,0.000
[10:40:58.901636 0.199939] 5.029,1.960,9.863,0.000
[10:40:59.101639 0.200006] 5.027,1.960,9.859,0.000
[10:40:59.301636 0.199997] 5.027,1.960,9.859,0.000
[10:40:59.501658 0.200022] 5.029,1.964,9.882,0.000
[10:40:59.701603 0.199944] 5.027,1.962,9.870,0.000
[10:40:59.901623 0.200021] 5.027,1.958,9.848,0.000
[10:41:00.101663 0.200040] 5.027,1.958,9.848,0.000
[10:41:00.301682 0.200019] 5.027,1.963,9.874,0.000
[10:41:00.501854 0.200172] 5.027,1.957,9.844,0.000
[10:41:00.701617 0.199764] 5.029,1.972,9.920,0.000
[10:41:00.901625 0.200007] 5.029,1.972,9.920,0.000
[10:41:01.101673 0.200047] 5.027,1.967,9.893,0.000
[10:41:01.301641 0.199969] 5.027,1.966,9.893,0.000
[10:41:01.501687 0.200046] 5.027,1.966,9.893,0.000
[10:41:01.701681 0.199993] 5.026,1.960,9.855,0.000
[10:41:01.901643 0.199962] 5.027,1.968,9.897,0.000
[10:41:02.101653 0.200010] 5.027,1.963,9.874,0.000
[10:41:02.301647 0.199995] 5.027,1.963,9.874,0.000
[10:41:02.501675 0.200026] 5.026,1.971,9.916,0.000
[10:41:02.701647 0.199974] 5.027,1.975,9.935,0.000
[10:41:02.901629 0.199981] 5.027,1.967,9.893,0.000
[10:41:03.101667 0.200038] 5.027,1.967,9.893,0.000
[10:41:03.301645 0.199980] 5.026,1.965,9.886,0.000
[10:41:03.501670 0.200024] 5.026,1.970,9.909,0.000
[10:41:03.701790 0.200120] 5.026,1.977,9.943,0.000
[10:41:03.901673 0.199882] 5.026,1.977,9.943,0.000
[10:41:04.101645 0.199972] 5.027,1.972,9.920,0.000
[10:41:04.301705 0.200061] 5.027,1.964,9.878,0.000
[10:41:04.501647 0.199941] 5.027,1.964,9.878,0.000
[10:41:04.701654 0.200008] 5.027,1.972,9.920,0.000
[10:41:04.901647 0.199992] 5.025,1.971,9.909,0.000
[10:41:05.101653 0.200007] 5.026,1.978,9.947,0.000
[10:41:05.301659 0.200005] 5.026,1.978,9.947,0.000
[10:41:05.501642 0.199984] 5.026,1.967,9.893,0.000
[10:41:05.701708 0.200066] 5.025,1.978,9.943,0.000
[10:41:05.901648 0.199940] 5.026,1.974,9.928,0.000
[10:41:06.101659 0.200010] 5.026,1.974,9.928,0.000
[10:41:06.301709 0.200049] 5.026,1.981,9.958,0.000
[10:41:06.501649 0.199942] 5.026,1.972,9.916,0.000
[10:41:06.701695 0.200045] 5.026,1.974,9.928,0.000
[10:41:06.901646 0.199952] 5.026,1.974,9.928,0.000
[10:41:07.101688 0.200042] 5.025,1.972,9.916,0.000
[10:41:07.301645 0.199958] 5.025,1.967,9.893,0.000
[10:41:07.501683 0.200036] 5.025,1.967,9.893,0.000
[10:41:07.701711 0.200028] 5.024,1.978,9.939,0.000
[10:41:07.901685 0.199974] 5.025,1.974,9.924,0.000
[10:41:08.101646 0.199962] 5.024,1.977,9.935,0.000
[10:41:08.301678 0.200030] 5.024,1.977,9.935,0.000
[10:41:08.501689 0.200014] 5.025,1.979,9.951,0.000
[10:41:08.701708 0.200018] 5.024,1.972,9.912,0.000
[10:41:08.901657 0.199949] 5.025,1.979,9.947,0.000
[10:41:09.101672 0.200015] 5.025,1.979,9.947,0.000
[10:41:09.301702 0.200028] 5.024,1.974,9.924,0.000
[10:41:09.501647 0.199947] 5.024,1.967,9.886,0.000
[10:41:09.701660 0.200013] 5.024,1.967,9.886,0.000
[10:41:09.901658 0.199997] 5.025,1.976,9.935,0.000
[10:41:10.101636 0.199977] 5.024,1.984,9.970,0.000
[10:41:10.301670 0.200035] 5.023,1.973,9.916,0.000
[10:41:10.501667 0.199998] 5.023,1.973,9.916,0.000
[10:41:10.701641 0.199973] 5.023,1.975,9.924,0.000
[10:41:10.901750 0.200110] 5.026,2.013,10.119,0.000
[10:41:11.101754 0.200003] 5.025,2.006,10.088,0.000
[10:41:11.301765 0.200012] 5.025,2.006,10.088,0.000
[10:41:11.501837 0.200072] 5.025,2.009,10.099,0.000
[10:41:11.701713 0.199873] 5.024,1.971,9.909,0.000
[10:41:11.901737 0.200027] 5.024,1.982,9.958,0.000
[10:41:12.101714 0.199977] 5.024,1.982,9.958,0.000
[10:41:12.301671 0.199957] 5.023,1.974,9.920,0.000
[10:41:12.501702 0.200031] 5.021,1.980,9.943,0.000
[10:41:12.701674 0.199972] 5.021,1.980,9.943,0.000
[10:41:12.901664 0.199990] 5.023,1.978,9.935,0.000
[10:41:13.101717 0.200051] 5.023,1.986,9.977,0.000
[10:41:13.301667 0.199951] 5.023,1.976,9.935,0.000
[10:41:13.501697 0.200030] 5.023,1.976,9.935,0.000
[10:41:13.701824 0.200128] 5.021,1.983,9.966,0.000
[10:41:13.901663 0.199838] 5.021,1.977,9.931,0.000
[10:41:14.101704 0.200042] 5.021,1.974,9.916,0.000
[10:41:14.301711 0.200007] 5.021,1.974,9.916,0.000
[10:41:14.501682 0.199971] 5.021,1.976,9.928,0.000
[10:41:14.701703 0.200022] 5.021,1.973,9.912,0.000
[10:41:14.901677 0.199973] 5.021,1.973,9.912,0.000
[10:41:15.101698 0.200020] 5.021,1.974,9.916,0.000
[10:41:15.301676 0.199979] 5.021,1.980,9.951,0.000
[10:41:15.501696 0.200019] 5.021,1.975,9.924,0.000
[10:41:15.701710 0.200014] 5.021,1.975,9.924,0.000
[10:41:15.901678 0.199969] 5.020,1.972,9.905,0.000
[10:41:16.101700 0.200022] 5.021,1.987,9.981,0.000
[10:41:16.301711 0.200011] 5.020,1.971,9.897,0.000
[10:41:16.501683 0.199972] 5.020,1.971,9.897,0.000
[10:41:16.701708 0.200025] 5.020,1.983,9.958,0.000
[10:41:16.901698 0.199989] 5.020,1.981,9.951,0.000
[10:41:17.101811 0.200114] 5.020,1.983,9.958,0.000
[10:41:17.301828 0.200016] 5.020,1.983,9.958,0.000
[10:41:17.501736 0.199909] 5.019,1.972,9.901,0.000
[10:41:17.701722 0.199986] 5.019,1.976,9.920,0.000
[10:41:17.901728 0.200006] 5.019,1.976,9.920,0.000
[10:41:18.101702 0.199973] 5.019,1.969,9.886,0.000
[10:41:18.301719 0.200018] 5.017,1.979,9.935,0.000
[10:41:18.501706 0.199987] 5.017,1.985,9.962,0.000
[10:41:18.701810 0.200103] 5.017,1.985,9.962,0.000
[10:41:18.901717 0.199909] 5.016,1.978,9.928,0.000
[10:41:19.101724 0.200005] 5.016,1.989,9.981,0.000
[10:41:19.301761 0.200037] 5.015,1.976,9.912,0.000
[10:41:19.501734 0.199974] 5.015,1.976,9.912,0.000
[10:41:19.701723 0.199989] 5.015,1.985,9.958,0.000
[10:41:19.901727 0.200003] 5.014,1.979,9.924,0.000
[10:41:20.101713 0.199986] 5.014,1.984,9.924,0.000
[10:41:20.301832 0.200120] 5.014,1.984,9.954,0.000
[10:41:20.501795 0.199963] 5.012,1.985,9.954,0.000
[10:41:20.701807 0.200012] 5.012,1.981,9.931,0.000
[10:41:20.901822 0.200014] 5.012,1.981,9.931,0.000
[10:41:21.101809 0.199988] 5.012,1.987,9.962,0.000
[10:41:21.301803 0.199993] 5.011,1.978,9.916,0.000
[10:41:21.501806 0.200005] 5.011,1.980,9.928,0.000
[10:41:21.701923 0.200115] 5.011,1.980,9.928,0.000
[10:41:21.901840 0.199918] 5.010,1.976,9.909,0.000
[10:41:22.101833 0.199992] 5.010,1.994,9.996,0.000
[10:41:22.301835 0.200002] 5.009,1.987,9.962,0.000
[10:41:22.501804 0.199969] 5.009,1.987,9.962,0.000
[10:41:22.701803 0.199999] 5.009,1.978,9.916,0.000
[10:41:22.901809 0.200006] 5.009,1.987,9.958,0.000
[10:41:23.101793 0.199985] 5.009,1.987,9.958,0.000
[10:41:23.301804 0.200012] 5.007,1.978,9.912,0.000
[10:41:23.501810 0.200005] 5.007,1.986,9.951,0.000
[10:41:23.701817 0.200007] 5.006,1.982,9.928,0.000
[10:41:23.901789 0.199972] 5.006,1.982,9.928,0.000
[10:41:24.101787 0.199998] 5.006,1.983,9.935,0.000
[10:41:24.301808 0.200019] 5.005,1.982,9.928,0.000
[10:41:24.501808 0.200002] 5.005,1.978,9.905,0.000
[10:41:24.701783 0.199975] 5.005,1.978,9.905,0.000
[10:41:24.901795 0.200012] 5.004,1.983,9.928,0.000
[10:41:25.101830 0.200034] 5.004,1.984,9.931,0.000
[10:41:25.301784 0.199956] 5.003,1.982,9.920,0.000
[10:41:25.501830 0.200044] 5.003,1.982,9.920,0.000
[10:41:25.701793 0.199963] 5.003,1.987,9.947,0.000
[10:41:25.901791 0.199999] 5.003,1.991,9.966,0.000
[10:41:26.101824 0.200032] 5.003,1.991,9.966,0.000
[10:41:26.301810 0.199987] 5.000,1.991,9.958,0.000
[10:41:26.501784 0.199974] 5.000,1.978,9.897,0.000
[10:41:26.701811 0.200026] 5.000,1.989,9.951,0.000
[10:41:26.901787 0.199977] 5.000,1.989,9.951,0.000
[10:41:27.101815 0.200028] 4.999,1.976,9.882,0.000
[10:41:27.301793 0.199978] 4.999,1.985,9.928,0.000
[10:41:27.501901 0.200107] 4.997,1.985,9.928,0.000
[10:41:27.701783 0.199884] 4.997,1.985,9.928,0.000
[10:41:27.901792 0.200008] 4.997,1.990,9.951,0.000
[10:41:28.101783 0.199991] 4.996,1.979,9.893,0.000
[10:41:28.301791 0.200006] 4.996,1.979,9.893,0.000
[10:41:28.501794 0.200005] 4.997,1.984,9.916,0.000
[10:41:28.701801 0.200007] 4.995,1.982,9.905,0.000
[10:41:28.901809 0.200007] 4.995,1.988,9.935,0.000
[10:41:29.101788 0.199980] 4.995,1.988,9.935,0.000
[10:41:29.301799 0.200011] 4.995,1.988,9.935,0.000
[10:41:29.501788 0.199989] 4.995,1.985,9.920,0.000
[10:41:29.701820 0.200031] 4.994,1.987,9.931,0.000
[10:41:29.901841 0.200019] 4.994,1.987,9.931,0.000
[10:41:30.101809 0.199970] 4.994,1.993,9.958,0.000
[10:41:30.301816 0.200009] 4.994,1.987,9.931,0.000
[10:41:30.501810 0.199994] 4.994,1.988,9.931,0.000
[10:41:30.701805 0.199994] 4.994,1.988,9.931,0.000
[10:41:30.901868 0.200063] 4.994,1.996,9.970,0.000
[10:41:31.101987 0.200119] 4.996,2.002,10.008,0.000
[10:41:31.301910 0.199922] 4.996,2.002,10.008,0.000
[10:41:31.501837 0.199928] 4.992,1.985,9.916,0.000
[10:41:31.701807 0.199969] 4.994,1.997,9.977,0.000
[10:41:31.901823 0.200016] 4.992,1.986,9.920,0.000
[10:41:32.101830 0.200008] 4.992,1.986,9.920,0.000
[10:41:32.301840 0.200010] 4.992,1.991,9.947,0.000
[10:41:32.501815 0.199975] 4.992,1.991,9.947,0.000
[10:41:32.701833 0.200017] 4.992,1.992,9.951,0.000
[10:41:32.901825 0.199994] 4.992,1.992,9.951,0.000
[10:41:33.101837 0.200011] 4.992,1.989,9.939,0.000
[10:41:33.301865 0.200028] 4.992,1.985,9.912,0.000
[10:41:33.501832 0.199967] 4.992,1.985,9.912,0.000
[10:41:33.701832 0.200000] 4.992,1.992,9.954,0.000
[10:41:33.901863 0.200030] 4.992,1.981,9.897,0.000
[10:41:34.101943 0.200080] 4.992,2.002,10.000,0.000
[10:41:34.301926 0.199984] 4.992,2.002,10.000,0.000
[10:41:34.501853 0.199928] 4.992,1.990,9.939,0.000
[10:41:34.701873 0.200018] 4.992,1.992,9.954,0.000
[10:41:34.901847 0.199976] 4.992,1.990,9.943,0.000
[10:41:35.101864 0.200015] 4.992,1.990,9.943,0.000
[10:41:35.301857 0.199994] 4.994,1.985,9.916,0.000
[10:41:35.501876 0.200020] 4.992,1.984,9.912,0.000
[10:41:35.701890 0.200013] 4.994,1.982,9.901,0.000
[10:41:35.901921 0.200030] 4.994,1.982,9.901,0.000
[10:41:36.101890 0.199969] 4.994,1.994,9.958,0.000
[10:41:36.301970 0.200081] 4.992,2.005,10.012,0.000
[10:41:36.501934 0.199964] 4.992,2.005,10.012,0.000
[10:41:36.701967 0.200032] 4.992,2.015,10.061,0.000
[10:41:36.901864 0.199899] 4.992,1.990,9.939,0.000
[10:41:37.101890 0.200023] 4.992,1.990,9.939,0.000
[10:41:37.301859 0.199972] 4.992,1.990,9.939,0.000
[10:41:37.501900 0.200040] 4.992,1.987,9.928,0.000
[10:41:37.701905 0.200004] 4.992,1.988,9.931,0.000
[10:41:37.901868 0.199965] 4.992,1.998,9.977,0.000
[10:41:38.101883 0.200013] 4.992,1.998,9.977,0.000
[10:41:38.301895 0.200012] 4.992,1.992,9.951,0.000
[10:41:38.501897 0.200002] 4.992,1.994,9.962,0.000
[10:41:38.701898 0.200002] 4.992,1.994,9.962,0.000
[10:41:38.901882 0.199984] 4.992,1.993,9.951,0.000
[10:41:39.101876 0.199994] 4.992,1.986,9.920,0.000
[10:41:39.301916 0.200040] 4.991,1.997,9.973,0.000
[10:41:39.501949 0.200033] 4.991,1.997,9.973,0.000
[10:41:39.701889 0.199940] 4.992,1.998,9.981,0.000
[10:41:39.902077 0.200188] 4.994,2.006,10.023,0.000
[10:41:40.101880 0.199803] 4.991,1.994,9.958,0.000
[10:41:40.301887 0.200007] 4.991,1.994,9.958,0.000
[10:41:40.501888 0.200001] 4.992,1.991,9.943,0.000
[10:41:40.701883 0.199993] 4.992,1.993,9.954,0.000
[10:41:40.901909 0.200027] 4.992,1.983,9.905,0.000
[10:41:41.101902 0.199995] 4.992,1.983,9.905,0.000
[10:41:41.301906 0.200003] 4.991,1.995,9.966,0.000
[10:41:41.502018 0.200112] 4.992,2.002,10.000,0.000
[10:41:41.701990 0.199972] 4.992,2.002,10.000,0.000
[10:41:41.901946 0.199955] 4.992,1.996,9.970,0.000
[10:41:42.101927 0.199980] 4.992,1.988,9.931,0.000
[10:41:42.302011 0.200086] 4.994,1.989,9.935,0.000
[10:41:42.501896 0.199885] 4.994,1.989,9.935,0.000
[10:41:42.701966 0.200069] 4.992,1.993,9.954,0.000
[10:41:42.901934 0.199969] 4.992,1.993,9.954,0.000
[10:41:43.101911 0.199977] 4.992,1.985,9.912,0.000
[10:41:43.301939 0.200027] 4.992,1.985,9.912,0.000
[10:41:43.501932 0.199994] 4.992,1.990,9.939,0.000
[10:41:43.701944 0.200012] 4.992,1.994,9.962,0.000
[10:41:43.901950 0.200005] 4.992,1.994,9.962,0.000
[10:41:44.101936 0.199987] 4.992,1.989,9.935,0.000
[10:41:44.301931 0.199995] 4.992,1.994,9.962,0.000
[10:41:44.501928 0.199997] 4.992,1.977,9.874,0.000
[10:41:44.701926 0.199997] 4.992,1.977,9.874,0.000
[10:41:44.901938 0.200013] 4.992,1.991,9.947,0.000
[10:41:45.101966 0.200026] 4.992,1.988,9.928,0.000
[10:41:45.301931 0.199967] 4.992,1.990,9.939,0.000
[10:41:45.501941 0.200010] 4.992,1.990,9.939,0.000
[10:41:45.701938 0.199996] 4.992,1.997,9.973,0.000
[10:41:45.901975 0.200037] 4.992,1.984,9.909,0.000
[10:41:46.101920 0.199946] 4.992,1.991,9.947,0.000
[10:41:46.301951 0.200031] 4.992,1.991,9.947,0.000
[10:41:46.501925 0.199973] 4.992,1.986,9.920,0.000
[10:41:46.701947 0.200023] 4.992,1.990,9.939,0.000
[10:41:46.901948 0.200001] 4.992,1.990,9.939,0.000
[10:41:47.101947 0.199999] 4.992,1.992,9.951,0.000
[10:41:47.301966 0.200017] 4.992,1.992,9.951,0.000
[10:41:47.501940 0.199976] 4.992,1.998,9.981,0.000
[10:41:47.701939 0.199999] 4.992,1.998,9.981,0.000
[10:41:47.901987 0.200048] 4.992,1.988,9.931,0.000
[10:41:48.101975 0.199987] 4.992,1.988,9.931,0.000
[10:41:48.301980 0.200006] 4.992,1.994,9.958,0.000
[10:41:48.501993 0.200013] 4.992,1.994,9.958,0.000
[10:41:48.701989 0.199996] 4.992,1.991,9.947,0.000
[10:41:48.901968 0.199978] 4.992,1.990,9.939,0.000
[10:41:49.109639 0.207672] 4.992,1.993,9.954,0.000
[10:41:49.301968 0.192329] 4.992,1.993,9.954,0.000
[10:41:49.502191 0.200212] 5.004,1.927,9.641,0.000
[10:41:49.702205 0.200014] 5.055,1.354,6.844,0.000
[10:41:49.902365 0.200154] 5.055,1.354,6.844,0.000
[10:41:50.102258 0.199900] 5.060,1.061,5.370,0.000
[10:41:50.302515 0.200251] 5.059,1.113,5.634,0.000
[10:41:50.502449 0.199932] 5.061,1.040,5.271,0.000
[10:41:50.702252 0.199811] 5.061,1.040,5.271,0.000
[10:41:50.902333 0.200080] 5.061,1.014,5.138,0.000
[10:41:51.102290 0.199955] 5.059,1.055,5.340,0.000
[10:41:51.302041 0.199761] 5.057,0.973,4.924,0.000
[10:41:51.501978 0.199938] 5.057,0.973,4.924,0.000
[10:41:51.701960 0.199985] 5.057,1.082,5.477,0.000
[10:41:51.901951 0.199990] 5.059,0.990,5.008,0.000
[10:41:52.101966 0.200015] 5.059,0.990,5.008,0.000
[10:41:52.301982 0.200016] 5.057,1.019,5.157,0.000
[10:41:52.501959 0.199978] 5.059,1.064,5.386,0.000
[10:41:52.701947 0.199988] 5.057,0.985,4.985,0.000
[10:41:52.901939 0.199991] 5.057,0.985,4.985,0.000
[10:41:53.101970 0.200032] 5.055,1.003,5.073,0.000
[10:41:53.302004 0.200033] 5.052,0.869,4.397,0.000
[10:41:53.502207 0.200194] 5.055,0.946,4.786,0.000
[10:41:53.702150 0.199944] 5.055,0.946,4.786,0.000
[10:41:53.902338 0.200185] 5.054,0.910,4.603,0.000
[10:41:54.102151 0.199817] 5.054,0.886,4.481,0.000
[10:41:54.302215 0.200061] 5.054,0.973,4.920,0.000
[10:41:54.502253 0.200038] 5.054,0.973,4.920,0.000
[10:41:54.702222 0.199970] 5.052,0.881,4.450,0.000
[10:41:54.902263 0.200040] 5.055,0.962,4.867,0.000
[10:41:55.102268 0.200005] 5.055,0.962,4.867,0.000
[10:41:55.302460 0.200183] 5.052,0.879,4.447,0.000
[10:41:55.502462 0.200003] 5.054,0.945,4.775,0.000
[10:41:55.702530 0.200070] 5.054,0.955,4.828,0.000
[10:41:55.902482 0.199949] 5.054,0.955,4.828,0.000
[10:41:56.102278 0.199804] 5.054,0.901,4.554,0.000
[10:41:56.302281 0.200003] 5.055,0.954,4.828,0.000
[10:41:56.502339 0.200058] 5.052,0.892,4.508,0.000
[10:41:56.702196 0.199860] 5.052,0.892,4.508,0.000
[10:41:56.902004 0.199815] 5.054,0.978,4.947,0.000
[10:41:57.102036 0.200032] 5.052,0.876,4.431,0.000
[10:41:57.301994 0.199958] 5.052,0.876,4.431,0.000
[10:41:57.502008 0.200015] 5.052,0.876,4.431,0.000
[10:41:57.702092 0.200085] 5.054,0.936,4.737,0.000
[10:41:57.902044 0.199951] 5.052,0.889,4.496,0.000
[10:41:58.102051 0.200007] 5.052,0.889,4.496,0.000
[10:41:58.302000 0.199949] 5.055,0.957,4.840,0.000
[10:41:58.501979 0.199979] 5.052,0.901,4.554,0.000
[10:41:58.702030 0.200050] 5.054,0.890,4.500,0.000
[10:41:58.902008 0.199974] 5.054,0.890,4.500,0.000
[10:41:59.102008 0.200006] 5.054,0.935,4.729,0.000
[10:41:59.302130 0.200116] 5.052,0.870,4.397,0.000
[10:41:59.502126 0.199996] 5.056,0.966,4.886,0.000
[10:41:59.702138 0.200012] 5.056,0.966,4.886,0.000
[10:41:59.902193 0.200051] 5.054,0.878,4.439,0.000
[10:42:00.102321 0.200126] 5.055,0.936,4.733,0.000
[10:42:00.302259 0.199940] 5.055,0.936,4.733,0.000
[10:42:00.502436 0.200168] 5.054,0.897,4.538,0.000
[10:42:00.702305 0.199877] 5.052,0.875,4.428,0.000
[10:42:00.902340 0.200033] 5.056,0.949,4.802,0.000
[10:42:01.102350 0.200010] 5.056,0.949,4.802,0.000
[10:42:01.302302 0.199954] 5.052,0.869,4.393,0.000
[10:42:01.502329 0.200028] 5.055,0.960,4.855,0.000
[10:42:01.702334 0.200002] 5.054,0.899,4.546,0.000
[10:42:01.902368 0.200035] 5.054,0.899,4.546,0.000
[10:42:02.102560 0.200183] 5.054,0.889,4.496,0.000
[10:42:02.302366 0.199816] 5.055,0.968,4.897,0.000
[10:42:02.502534 0.200160] 5.055,0.968,4.897,0.000
[10:42:02.702394 0.199867] 5.054,0.872,4.412,0.000
[10:42:02.902366 0.199970] 5.055,0.985,4.981,0.000
[10:42:03.102445 0.200080] 5.052,0.881,4.454,0.000
[10:42:03.302127 0.199694] 5.052,0.881,4.454,0.000
[10:42:03.502121 0.199994] 5.054,0.906,4.580,0.000
[10:42:03.702096 0.199974] 5.054,0.937,4.737,0.000
[10:42:03.902138 0.200043] 5.052,0.875,4.424,0.000
[10:42:04.102119 0.199981] 5.052,0.875,4.424,0.000
[10:42:04.302105 0.199986] 5.056,0.966,4.889,0.000
[10:42:04.502057 0.199953] 5.052,0.931,4.706,0.000
[10:42:04.702050 0.199993] 5.056,0.923,4.668,0.000
[10:42:04.902044 0.199994] 5.056,0.923,4.668,0.000
[10:42:05.102209 0.200159] 5.055,0.913,4.615,0.000
[10:42:05.302322 0.200108] 5.054,0.857,4.332,0.000
[10:42:05.502185 0.199867] 5.054,0.857,4.332,0.000
[10:42:05.702497 0.200300] 5.055,0.970,4.908,0.000
[10:42:05.902305 0.199813] 5.052,0.898,4.538,0.000
[10:42:06.102306 0.200004] 5.054,0.976,4.935,0.000
[10:42:06.302339 0.200032] 5.054,0.976,4.935,0.000
[10:42:06.502418 0.200078] 5.052,0.888,4.489,0.000
[10:42:06.702549 0.200126] 5.054,0.910,4.599,0.000
[10:42:06.902532 0.199980] 5.055,0.936,4.733,0.000
[10:42:07.102367 0.199844] 5.055,0.936,4.733,0.000
[10:42:07.302058 0.199703] 5.052,0.871,4.401,0.000
[10:42:07.502556 0.200479] 5.056,0.993,5.023,0.000
[10:42:07.702377 0.199829] 5.056,0.993,5.023,0.000
[10:42:07.902380 0.200001] 5.052,0.859,4.344,0.000
[10:42:08.102578 0.200194] 5.055,0.926,4.687,0.000
[10:42:08.302551 0.199971] 5.054,0.895,4.527,0.000
[10:42:08.502436 0.199891] 5.054,0.895,4.527,0.000
[10:42:08.702093 0.199668] 5.054,0.882,4.462,0.000
[10:42:08.902168 0.200072] 5.055,0.951,4.809,0.000
[10:42:09.102137 0.199972] 5.052,0.859,4.344,0.000
[10:42:09.302129 0.199993] 5.052,0.859,4.344,0.000
[10:42:09.502099 0.199970] 5.056,0.938,4.744,0.000
[10:42:09.702118 0.200019] 5.052,0.882,4.462,0.000
[10:42:09.902086 0.199968] 5.055,0.900,4.550,0.000
[10:42:10.102131 0.200046] 5.055,0.900,4.550,0.000
[10:42:10.302107 0.199976] 5.054,0.925,4.679,0.000
[10:42:10.502298 0.200181] 5.054,0.887,4.485,0.000
[10:42:10.702216 0.199921] 5.054,0.887,4.485,0.000
[10:42:10.902334 0.200114] 5.055,0.968,4.897,0.000
[10:42:11.102215 0.199886] 5.054,0.867,4.386,0.000
[10:42:11.302356 0.200136] 5.054,0.930,4.702,0.000
[10:42:11.502280 0.199926] 5.054,0.930,4.702,0.000
[10:42:11.702398 0.200115] 5.054,0.898,4.538,0.000
[10:42:11.902382 0.199981] 5.054,0.886,4.477,0.000
[10:42:12.102380 0.200002] 5.054,0.961,4.859,0.000
[10:42:12.302595 0.200208] 5.054,0.961,4.859,0.000
[10:42:12.502435 0.199845] 5.054,0.880,4.450,0.000
[10:42:12.702412 0.199980] 5.055,0.966,4.889,0.000
[10:42:12.902721 0.200300] 5.055,0.966,4.889,0.000
[10:42:13.102623 0.199902] 5.051,0.847,4.279,0.000
[10:42:13.302427 0.199811] 5.055,0.942,4.763,0.000
[10:42:13.502550 0.200123] 5.054,0.923,4.668,0.000
[10:42:13.702695 0.200136] 5.054,0.923,4.668,0.000
[10:42:13.902138 0.199461] 5.054,0.865,4.374,0.000
[10:42:14.102207 0.200070] 5.055,0.958,4.847,0.000
[10:42:14.302201 0.199994] 5.051,0.869,4.393,0.000
[10:42:14.502177 0.199977] 5.051,0.869,4.393,0.000
[10:42:14.702161 0.199985] 5.055,0.970,4.908,0.000
[10:42:14.902153 0.199990] 5.052,0.883,4.466,0.000
[10:42:15.102130 0.199977] 5.054,0.903,4.569,0.000
[10:42:15.302142 0.200014] 5.054,0.903,4.569,0.000
[10:42:15.502138 0.199997] 5.054,0.923,4.668,0.000
[10:42:15.702332 0.200185] 5.051,0.870,4.393,0.000
[10:42:15.902316 0.199984] 5.051,0.870,4.393,0.000
[10:42:16.102404 0.200085] 5.055,0.989,5.000,0.000
[10:42:16.302324 0.199923] 5.052,0.880,4.450,0.000
[10:42:16.502325 0.200000] 5.055,0.956,4.836,0.000
[10:42:16.702400 0.200072] 5.055,0.956,4.836,0.000
[10:42:16.902310 0.199915] 5.054,0.916,4.630,0.000
[10:42:17.102319 0.200008] 5.052,0.872,4.408,0.000
[10:42:17.302524 0.200201] 5.055,0.972,4.916,0.000
[10:42:17.502436 0.199912] 5.055,0.972,4.916,0.000
[10:42:17.702421 0.199987] 5.052,0.879,4.447,0.000
[10:42:17.902454 0.200030] 5.054,0.962,4.867,0.000
[10:42:18.102438 0.199985] 5.051,0.887,4.485,0.000
[10:42:18.302441 0.200004] 5.051,0.887,4.485,0.000
[10:42:18.502477 0.200034] 5.054,0.892,4.512,0.000
[10:42:18.702625 0.200144] 5.054,0.937,4.741,0.000
[10:42:18.902466 0.199844] 5.054,0.937,4.741,0.000
[10:42:19.102436 0.199972] 5.054,0.861,4.355,0.000
[10:42:19.302657 0.200214] 5.057,0.949,4.805,0.000
[10:42:19.502393 0.199750] 5.055,0.911,4.607,0.000
[10:42:19.702274 0.199882] 5.055,0.911,4.607,0.000
[10:42:19.902238 0.199966] 5.056,0.895,4.527,0.000
[10:42:20.102265 0.200025] 5.055,0.952,4.813,0.000
[10:42:20.302221 0.199960] 5.052,0.862,4.355,0.000
[10:42:20.502191 0.199969] 5.052,0.862,4.355,0.000
[10:42:20.702178 0.199988] 5.054,0.984,4.973,0.000
[10:42:20.902219 0.200040] 5.051,0.884,4.470,0.000
[10:42:21.102237 0.200018] 5.051,0.884,4.470,0.000
[10:42:21.302172 0.199935] 5.052,0.935,4.729,0.000
[10:42:21.502181 0.200010] 5.054,0.905,4.573,0.000
[10:42:21.702186 0.200004] 5.054,0.883,4.466,0.000
[10:42:21.902330 0.200126] 5.054,0.883,4.466,0.000
[10:42:22.102200 0.199888] 5.055,0.951,4.813,0.000
[10:42:22.302221 0.200019] 5.052,0.870,4.397,0.000
[10:42:22.502483 0.200254] 5.055,1.001,5.061,0.000
[10:42:22.702480 0.199995] 5.055,1.001,5.061,0.000
[10:42:22.902509 0.200031] 5.054,0.901,4.557,0.000
[10:42:23.102497 0.199987] 5.054,0.893,4.519,0.000
[10:42:23.302753 0.200249] 5.054,0.934,4.721,0.000
[10:42:23.502489 0.199745] 5.054,0.934,4.721,0.000
[10:42:23.702539 0.200048] 5.052,0.855,4.321,0.000
[10:42:23.902496 0.199958] 5.054,0.992,5.019,0.000
[10:42:24.102524 0.200027] 5.054,0.992,5.019,0.000
[10:42:24.302502 0.199978] 5.052,0.868,4.389,0.000
[10:42:24.502505 0.200003] 5.055,0.928,4.691,0.000
[10:42:24.702532 0.200028] 5.054,0.903,4.565,0.000
[10:42:24.902511 0.199978] 5.054,0.903,4.565,0.000
[10:42:25.102551 0.200040] 5.052,0.881,4.458,0.000
[10:42:25.302525 0.199974] 5.055,0.962,4.867,0.000
[10:42:25.502399 0.199879] 5.052,0.899,4.546,0.000
[10:42:25.702291 0.199897] 5.052,0.899,4.546,0.000
[10:42:25.902266 0.199975] 5.055,0.973,4.920,0.000
[10:42:26.102253 0.199988] 5.051,0.888,4.492,0.000
[10:42:26.302281 0.200029] 5.051,0.888,4.492,0.000
[10:42:26.502272 0.199989] 5.054,0.892,4.508,0.000
[10:42:26.702257 0.199985] 5.054,0.959,4.851,0.000
[10:42:26.902265 0.200009] 5.052,0.865,4.374,0.000
[10:42:27.102254 0.199990] 5.052,0.865,4.374,0.000
[10:42:27.302229 0.199974] 5.055,0.969,4.905,0.000
[10:42:27.502254 0.200026] 5.052,0.857,4.332,0.000
[10:42:27.702240 0.199986] 5.052,0.918,4.641,0.000
[10:42:27.902289 0.200046] 5.052,0.918,4.641,0.000
[10:42:28.102545 0.200248] 5.054,0.922,4.664,0.000
[10:42:28.302533 0.199987] 5.054,0.870,4.401,0.000
[10:42:28.502502 0.199970] 5.054,0.980,4.958,0.000
[10:42:28.702507 0.200003] 5.054,0.980,4.958,0.000
[10:42:28.902592 0.200087] 5.054,0.874,4.420,0.000
[10:42:29.102545 0.199953] 5.056,0.959,4.851,0.000
[10:42:29.302564 0.200019] 5.056,0.959,4.851,0.000
[10:42:29.502566 0.200002] 5.052,0.893,4.512,0.000
[10:42:29.702581 0.200012] 5.052,0.928,4.691,0.000
[10:42:29.902671 0.200092] 5.054,0.969,4.897,0.000
[10:42:30.102781 0.200103] 5.054,0.969,4.897,0.000
[10:42:30.302788 0.200008] 5.054,0.882,4.458,0.000
[10:42:30.502582 0.199799] 5.056,0.973,4.924,0.000
[10:42:30.702574 0.199995] 5.054,0.867,4.386,0.000
[10:42:30.902588 0.200011] 5.054,0.867,4.386,0.000
[10:42:31.102288 0.199712] 5.055,0.935,4.729,0.000
[10:42:31.302328 0.200040] 5.052,0.878,4.435,0.000
[10:42:31.502293 0.199966] 5.052,0.878,4.435,0.000
[10:42:31.702294 0.200000] 5.054,0.928,4.691,0.000
[10:42:31.902313 0.200019] 5.054,0.952,4.817,0.000
[10:42:32.102304 0.199992] 5.052,0.866,4.378,0.000
[10:42:32.302307 0.200002] 5.052,0.866,4.378,0.000
[10:42:32.502316 0.200009] 5.055,0.978,4.947,0.000
[10:42:32.702315 0.199997] 5.052,0.871,4.401,0.000
[10:42:32.902408 0.200089] 5.054,0.919,4.649,0.000
[10:42:33.102544 0.200132] 5.054,0.919,4.649,0.000
[10:42:33.302558 0.200014] 5.054,0.928,4.695,0.000
[10:42:33.502482 0.199927] 5.051,0.869,4.393,0.000
[10:42:33.702486 0.200004] 5.055,0.970,4.908,0.000
[10:42:33.902570 0.200081] 5.055,0.970,4.908,0.000
[10:42:34.102756 0.200179] 5.052,0.874,4.420,0.000
[10:42:34.302562 0.199813] 5.054,0.952,4.813,0.000
[10:42:34.502665 0.200101] 5.054,0.952,4.813,0.000
[10:42:34.702834 0.200164] 5.054,0.912,4.611,0.000
[10:42:34.902612 0.199785] 5.054,0.903,4.565,0.000
[10:42:35.102663 0.200050] 5.056,0.966,4.889,0.000
[10:42:35.302613 0.199950] 5.056,0.966,4.889,0.000
[10:42:35.502795 0.200175] 5.054,0.882,4.458,0.000
[10:42:35.702511 0.199726] 5.056,0.965,4.882,0.000
[10:42:35.903086 0.200572] 5.054,0.893,4.515,0.000
[10:42:36.102823 0.199731] 5.054,0.893,4.515,0.000
[10:42:36.302811 0.199989] 5.055,0.921,4.660,0.000
[10:42:36.502645 0.199839] 5.055,0.937,4.741,0.000
[10:42:36.702410 0.199774] 5.055,0.880,4.741,0.000
[10:42:36.902390 0.199978] 5.052,0.880,4.450,0.000
[10:42:37.102370 0.199984] 5.055,0.968,4.897,0.000
[10:42:37.302335 0.199965] 5.052,0.869,4.397,0.000
[10:42:37.502349 0.200013] 5.052,0.869,4.397,0.000
[10:42:37.702411 0.200062] 5.055,0.929,4.699,0.000
[10:42:37.902359 0.199949] 5.055,0.937,4.737,0.000
[10:42:38.102348 0.199989] 5.054,0.894,4.523,0.000
[10:42:38.302338 0.199991] 5.054,0.894,4.523,0.000
[10:42:38.502388 0.200048] 5.052,0.966,4.882,0.000
[10:42:38.702484 0.200090] 5.051,0.876,4.431,0.000
[10:42:38.902425 0.199946] 5.055,0.945,4.783,0.000
[10:42:39.102528 0.200098] 5.055,0.945,4.783,0.000
[10:42:39.302528 0.200001] 5.054,0.891,4.504,0.000
[10:42:39.502640 0.200107] 5.054,0.908,4.592,0.000
[10:42:39.702612 0.199972] 5.054,0.908,4.592,0.000
[10:42:39.902650 0.200038] 5.055,0.953,4.821,0.000
[10:42:40.102649 0.200000] 5.054,0.866,4.374,0.000
[10:42:40.302682 0.200034] 5.055,0.990,5.008,0.000
[10:42:40.502780 0.200090] 5.055,0.990,5.008,0.000
[10:42:40.702648 0.199876] 5.054,0.882,4.458,0.000
[10:42:40.902885 0.200229] 5.055,0.980,4.958,0.000
[10:42:41.102875 0.199990] 5.054,0.898,4.538,0.000
[10:42:41.302685 0.199817] 5.054,0.898,4.538,0.000
[10:42:41.502665 0.199978] 5.055,0.893,4.515,0.000
[10:42:41.702652 0.199989] 5.055,0.942,4.763,0.000
[10:42:41.902762 0.200105] 5.052,0.867,4.386,0.000
[10:42:42.102382 0.199635] 5.052,0.867,4.386,0.000
[10:42:42.302437 0.200054] 5.056,0.977,4.947,0.000
[10:42:42.502409 0.199974] 5.054,0.861,4.351,0.000
[10:42:42.702409 0.199998] 5.054,0.861,4.351,0.000
[10:42:42.902545 0.200136] 5.054,0.923,4.668,0.000
[10:42:43.102479 0.199935] 5.057,0.981,4.966,0.000
[10:42:43.302424 0.199943] 5.054,0.896,4.534,0.000
[10:42:43.502456 0.200033] 5.054,0.896,4.534,0.000
[10:42:43.702448 0.199993] 5.056,0.968,4.897,0.000
[10:42:43.902417 0.199966] 5.055,0.901,4.557,0.000
[10:42:44.102371 0.199958] 5.055,0.943,4.767,0.000
[10:42:44.302668 0.200286] 5.055,0.943,4.767,0.000
[10:42:44.502561 0.199896] 5.055,0.919,4.649,0.000
[10:42:44.702581 0.200020] 5.054,0.889,4.496,0.000
[10:42:44.902649 0.200063] 5.054,0.889,4.496,0.000
[10:42:45.102697 0.200051] 5.055,0.969,4.901,0.000
[10:42:45.302661 0.199963] 5.054,0.897,4.538,0.000
[10:42:45.502650 0.199989] 5.054,0.974,4.928,0.000
[10:42:45.702864 0.200207] 5.054,0.974,4.928,0.000
[10:42:45.902923 0.200058] 5.054,0.906,4.580,0.000
[10:42:46.102726 0.199811] 5.054,0.923,4.668,0.000
[10:42:46.302913 0.200178] 5.054,0.955,4.832,0.000
[10:42:46.502768 0.199862] 5.054,0.955,4.832,0.000
[10:42:46.702761 0.199995] 5.054,0.889,4.496,0.000
[10:42:46.902922 0.200153] 5.057,1.042,5.271,0.000
[10:42:47.102933 0.200012] 5.055,0.888,4.492,0.000
[10:42:47.302724 0.199799] 5.055,0.888,4.492,0.000
[10:42:47.503002 0.200282] 5.057,0.913,4.622,0.000
[10:42:47.703029 0.200015] 5.056,0.887,4.489,0.000
[10:42:47.902778 0.199752] 5.056,0.887,4.489,0.000
[10:42:48.102444 0.199679] 5.055,0.876,4.431,0.000
[10:42:48.302474 0.200030] 5.057,0.952,4.817,0.000
[10:42:48.502462 0.199989] 5.054,0.871,4.405,0.000
[10:42:48.702451 0.199990] 5.054,0.871,4.405,0.000
[10:42:48.902516 0.200064] 5.056,0.967,4.893,0.000
[10:42:49.102446 0.199930] 5.054,0.881,4.458,0.000
[10:42:49.302441 0.199993] 5.055,0.894,4.523,0.000
[10:42:49.502450 0.200012] 5.055,0.894,4.523,0.000
[10:42:49.702418 0.199968] 5.054,0.964,4.874,0.000
[10:42:49.902425 0.200007] 5.052,0.905,4.573,0.000
[10:42:50.102569 0.200138] 5.052,0.905,4.573,0.000
[10:42:50.302569 0.200000] 5.055,0.971,4.908,0.000
[10:42:50.502633 0.200060] 5.054,0.886,4.485,0.000
[10:42:50.702588 0.199958] 5.055,0.912,4.615,0.000
[10:42:50.902633 0.200044] 5.055,0.912,4.615,0.000
[10:42:51.102644 0.200011] 5.055,0.959,4.855,0.000
[10:42:51.302762 0.200114] 5.054,0.872,4.412,0.000
[10:42:51.502809 0.200046] 5.056,0.981,4.966,0.000
[10:42:51.702742 0.199935] 5.056,0.981,4.966,0.000
[10:42:51.902762 0.200019] 5.054,0.899,4.546,0.000
[10:42:52.102646 0.199888] 5.054,0.944,4.775,0.000
[10:42:52.302937 0.200283] 5.055,0.906,4.584,0.000
[10:42:52.502743 0.199809] 5.055,0.906,4.584,0.000
[10:42:52.702440 0.199710] 5.054,0.878,4.439,0.000
[10:42:52.902736 0.200285] 5.056,1.008,5.103,0.000
[10:42:53.102919 0.200175] 5.056,1.008,5.103,0.000
[10:42:53.302748 0.199836] 5.052,0.903,4.565,0.000
[10:42:53.502788 0.200039] 5.056,0.968,4.897,0.000
[10:42:53.702852 0.200065] 5.055,0.892,4.515,0.000
[10:42:53.902934 0.200078] 5.055,0.892,4.515,0.000
[10:42:54.102509 0.199588] 5.055,0.924,4.676,0.000
[10:42:54.302625 0.200118] 5.054,0.934,4.725,0.000
[10:42:54.502497 0.199873] 5.054,0.877,4.435,0.000
[10:42:54.702508 0.200011] 5.054,0.877,4.435,0.000
[10:42:54.902497 0.199988] 5.056,0.990,5.008,0.000
[10:42:55.102572 0.200075] 5.052,0.876,4.428,0.000
[10:42:55.302495 0.199923] 5.052,0.876,4.428,0.000
[10:42:55.502506 0.200011] 5.055,0.941,4.760,0.000
[10:42:55.702501 0.199996] 5.056,0.948,4.798,0.000
[10:42:55.902476 0.199975] 5.054,0.926,4.683,0.000
[10:42:56.102609 0.200130] 5.054,0.926,4.683,0.000
[10:42:56.302674 0.200059] 5.055,0.984,4.981,0.000
[10:42:56.502833 0.200154] 5.052,0.887,4.485,0.000
[10:42:56.702751 0.199924] 5.056,0.947,4.794,0.000
[10:42:56.902738 0.199987] 5.056,0.947,4.794,0.000
[10:42:57.102825 0.200084] 5.054,0.927,4.691,0.000
[10:42:57.302830 0.200003] 5.054,0.891,4.508,0.000
[10:42:57.502865 0.200037] 5.055,0.979,4.950,0.000
[10:42:57.703036 0.200163] 5.055,0.979,4.950,0.000
[10:42:57.902850 0.199823] 5.055,0.886,4.481,0.000
[10:42:58.102875 0.200022] 5.056,0.945,4.786,0.000
[10:42:58.302755 0.199886] 5.056,0.945,4.786,0.000
[10:42:58.502840 0.200081] 5.055,0.892,4.512,0.000
[10:42:58.702842 0.200002] 5.055,0.917,4.637,0.000
[10:42:58.902843 0.200000] 5.056,1.004,5.080,0.000
[10:42:59.103065 0.200214] 5.056,1.004,5.080,0.000
[10:42:59.303094 0.200027] 5.056,0.886,4.481,0.000
[10:42:59.502920 0.199837] 5.057,0.963,4.874,0.000
[10:42:59.703154 0.200222] 5.052,0.845,4.271,0.000
[10:42:59.902816 0.199683] 5.052,0.845,4.271,0.000
[10:43:00.102563 0.199748] 5.054,0.895,4.527,0.000
[10:43:00.302604 0.200040] 5.051,0.849,4.290,0.000
[10:43:00.502588 0.199985] 5.052,0.823,4.164,0.000
[10:43:00.702562 0.199974] 5.052,0.823,4.164,0.000
[10:43:00.902592 0.200029] 5.052,0.915,4.630,0.000
[10:43:01.102569 0.199978] 5.050,0.820,4.145,0.000
[10:43:01.302547 0.199979] 5.050,0.820,4.145,0.000
[10:43:01.502608 0.200060] 5.051,0.878,4.439,0.000
[10:43:01.702565 0.199957] 5.047,0.786,3.970,0.000
[10:43:01.902829 0.200254] 5.051,0.836,4.225,0.000
[10:43:02.102815 0.199985] 5.051,0.836,4.225,0.000
[10:43:02.302721 0.199911] 5.050,0.851,4.302,0.000
[10:43:02.502819 0.200094] 5.049,0.772,3.901,0.000
[10:43:02.702734 0.199918] 5.051,0.895,4.523,0.000
[10:43:02.903062 0.200318] 5.051,0.895,4.523,0.000
[10:43:03.102565 0.199520] 5.049,0.780,3.943,0.000
[10:43:03.302571 0.200007] 5.051,1.604,8.107,0.000
[10:43:03.502594 0.200022] 5.051,1.604,8.107,0.000
[10:43:03.702587 0.199992] 5.050,1.710,8.641,0.000
[10:43:03.902572 0.199985] 5.050,1.602,8.096,0.000
[10:43:04.102664 0.200093] 5.049,1.728,8.725,0.000
[10:43:04.302578 0.199914] 5.049,1.728,8.725,0.000
[10:43:04.502577 0.200000] 5.050,1.642,8.298,0.000
[10:43:04.702598 0.200020] 5.050,1.665,8.412,0.000
[10:43:04.902649 0.200049] 5.051,1.653,8.355,0.000
[10:43:05.102708 0.200059] 5.051,1.653,8.355,0.000
[10:43:05.302717 0.199993] 5.056,1.235,6.248,0.000
[10:43:05.502671 0.199970] 5.056,1.352,6.840,0.000
[10:43:05.702663 0.199992] 5.057,1.251,6.332,0.000
[10:43:05.902677 0.200014] 5.057,1.251,6.332,0.000
[10:43:06.102668 0.199992] 5.055,1.301,6.576,0.000
[10:43:06.302746 0.200076] 5.054,1.426,7.206,0.000
[10:43:06.502830 0.200082] 5.054,1.426,7.206,0.000
[10:43:06.702699 0.199872] 5.057,1.277,6.466,0.000
[10:43:06.902671 0.199972] 5.057,1.367,6.920,0.000
[10:43:07.102702 0.200031] 5.059,1.326,6.710,0.000
[10:43:07.302709 0.200007] 5.059,1.326,6.710,0.000
[10:43:07.502704 0.199996] 5.057,1.285,6.500,0.000
[10:43:07.702705 0.200000] 5.059,1.227,6.210,0.000
[10:43:07.902638 0.199934] 5.059,1.237,6.263,0.000
[10:43:08.105678 0.203039] 5.059,1.237,6.263,0.000
[10:43:08.302699 0.197020] 5.060,1.188,6.015,0.000
[10:43:08.502668 0.199970] 5.057,1.351,6.836,0.000
[10:43:08.702692 0.200024] 5.057,1.351,6.836,0.000
[10:43:08.902944 0.200245] 5.057,1.216,6.153,0.000
[10:43:09.102893 0.199955] 5.055,2.170,10.974,0.000
[10:43:09.302979 0.200084] 5.043,2.652,13.382,0.000
[10:43:09.503040 0.200057] 5.043,2.652,13.382,0.000
[10:43:09.702896 0.199862] 5.045,2.678,13.516,0.000
[10:43:09.902852 0.199954] 5.041,2.721,13.725,0.000
[10:43:10.103037 0.200181] 5.045,2.204,11.119,0.000
[10:43:10.302925 0.199890] 5.045,2.204,11.119,0.000
[10:43:10.502842 0.199916] 5.060,1.254,6.347,0.000
[10:43:10.702944 0.200098] 5.060,1.223,6.195,0.000
