10:40:38:471331587   7455 R  800000 800000 1200000 1200000 2000000 2000000 2000000 2000000
10:40:38:673570837   7455 R  900000 500000 500000 1300000 2000000 2000000 2000000 2000000
10:40:38:863289782   7455 R  300000 300000 300000 300000 2000000 2000000 2000000 2000000
10:40:39:059517921   7455 R  400000 200000 200000 200000 2000000 2000000 2000000 2000000
10:40:39:260224300   7455 R  300000 300000 200000 200000 2000000 2000000 2000000 2000000
10:40:39:466754208   7455 R  300000 300000 1000000 1000000 2000000 2000000 2000000 2000000
10:40:39:672393826   7455 R  1300000 1500000 1500000 1500000 2000000 2000000 2000000 2000000
10:40:39:863604810   7455 R  500000 700000 700000 800000 2000000 2000000 2000000 2000000
10:40:40:072718545   7455 R  800000 800000 800000 800000 2000000 2000000 2000000 2000000
10:40:40:270886472   7455 R  800000 400000 600000 600000 2000000 2000000 2000000 2000000
10:40:40:471931560   7455 R  600000 600000 600000 200000 2000000 2000000 2000000 2000000
10:40:40:676428931   7455 R  1200000 600000 600000 400000 2000000 2000000 2000000 2000000
10:40:40:875017524   7455 R  600000 400000 400000 600000 2000000 2000000 2000000 2000000
10:40:41:075212155   7455 R  700000 400000 400000 400000 2000000 2000000 2000000 2000000
10:40:41:265906183   7455 R  500000 500000 600000 600000 2000000 2000000 2000000 2000000
10:40:41:467645770   7455 R  700000 800000 800000 500000 2000000 2000000 2000000 2000000
10:40:41:661759040   7455 R  600000 600000 300000 300000 2000000 2000000 2000000 2000000
10:40:41:851862736   7455 R  400000 400000 400000 300000 2000000 2000000 2000000 2000000
10:40:42:050351872   7455 R  200000 200000 700000 700000 2000000 2000000 2000000 2000000
10:40:42:250952587   7455 R  400000 400000 600000 600000 2000000 2000000 2000000 2000000
10:40:42:444632525   7455 R  600000 600000 600000 600000 2000000 2000000 2000000 2000000
10:40:42:645357282   7455 R  1000000 1000000 1000000 500000 2000000 2000000 2000000 2000000
10:40:42:848445657   7455 S 7842 S 7843 R 7844 R 7845 R 7846 R 7847 R 7848 R  1500000 1500000 1500000 1500000 1900000 1900000 2000000 2000000
10:40:43:044743215   7455 R 7842 R 7843 R 7844 R 7845 R 7846 R 7847 R 7848 R  1500000 1500000 1500000 1500000 1900000 1900000 2000000 2000000
10:40:43:240759983   7455 R 7842 R 7843 R 7844 R 7845 R 7846 R 7847 R 7848 R  1500000 1500000 1500000 1500000 2000000 2000000 2000000 2000000
10:40:43:431172846   7455 R 7842 R 7843 R 7844 R 7845 R 7846 R 7847 R 7848 R  1500000 1500000 1500000 1500000 2000000 2000000 2000000 1700000
10:40:43:623782996   7455 S 7842 S 7843 R 7844 S 7845 R 7846 R 7847 R 7848 R  1500000 1500000 1500000 1500000 1800000 2000000 2000000 1500000
10:40:43:817165228   7455 S 7842 R 7843 R 7844 R 7845 R 7846 S 7847 S 7848 S  1500000 1500000 1500000 1500000 1600000 1400000 1400000 1400000
10:40:44:029326417   7455 R 7842 R 7843 R 7844 R 7845 R 7846 R 7847 R 7848 R  1500000 1500000 1500000 1500000 1700000 1700000 1700000 1500000
10:40:44:237732657   7455 R 7842 R 7843 R 7844 R 7845 R 7846 R 7847 R 7848 R  1500000 1500000 1500000 1500000 1500000 1800000 1400000 1800000
10:40:44:454930794   7455 R 7842 R 7843 R 7844 R 7845 R 7846 R 7847 R 7848 R  1500000 1500000 1500000 1500000 1800000 1900000 1700000 1500000
10:40:44:667703983   7455 S 7842 R 7843 R 7844 R 7845 R 7846 R 7847 S 7848 S  1500000 1500000 1500000 1500000 1700000 1700000 1800000 1800000
10:40:44:870903610   7455 S 7842 R 7843 R 7844 R 7845 R 7846 R 7847 R 7848 R  1500000 1500000 1500000 1500000 1900000 2000000 1800000 2000000
10:40:45:074728235   7455 S 7842 R 7843 R 7844 R 7845 R 7846 R 7847 R 7848 R  1500000 1500000 1500000 1500000 1900000 1900000 1900000 1900000
10:40:45:278465070   7455 R 7842 R 7843 R 7844 R 7845 R 7846 S 7847 R 7848 R  1500000 1500000 1500000 1500000 1700000 1800000 1800000 1700000
10:40:45:481213074   7455 R 7842 R 7843 R 7844 R 7845 R 7846 R 7847 S 7848 R  1500000 1500000 1500000 1500000 2000000 1800000 2000000 2000000
10:40:45:684310743   7455 R 7842 R 7843 R 7844 R 7845 R 7846 R 7847 R 7848 R  1500000 1500000 1500000 1500000 1800000 1700000 1600000 1600000
10:40:45:890210156   7455 R 7842 R 7843 R 7844 R 7845 R 7846 S 7847 R 7848 R  1500000 1500000 1500000 1500000 1700000 1900000 1800000 1700000
10:40:46:094354657   7455 S 7842 R 7843 R 7844 R 7845 R 7846 R 7847 R 7848 R  1500000 1500000 1500000 1500000 2000000 2000000 1900000 1900000
10:40:46:299020948   7455 R 7842 R 7843 R 7844 R 7845 R 7846 R 7847 R 7848 S  1500000 1500000 1500000 1500000 2000000 2000000 2000000 2000000
10:40:46:555517457   7455 R 7842 R 7843 R 7844 R 7845 R 7846 R 7847 R 7848 R  1500000 1500000 1500000 1500000 2000000 2000000 2000000 2000000
10:40:46:742632455   7455 R 7842 R 7843 R 7844 R 7845 R 7846 R 7847 S 7848 R  1500000 1500000 1500000 1500000 2000000 2000000 1800000 1800000
10:40:46:938566724   7455 S 7842 R 7843 R 7844 R 7845 R 7846 R 7847 R 7848 R  1500000 1500000 1500000 1500000 2000000 1900000 1900000 2000000
10:40:47:142322268   7455 S 7842 S 7843 R 7844 R 7845 R 7846 R 7847 R 7848 R  1500000 1500000 1500000 1400000 1700000 2000000 2000000 2000000
10:40:47:346889394   7455 R 7842 R 7843 R 7844 R 7845 R 7846 R 7847 R 7848 R  1500000 1500000 1500000 1500000 2000000 2000000 2000000 2000000
10:40:47:546696447   7455 R 7842 R 7843 R 7844 R 7845 R 7846 R 7847 R 7848 R  1400000 1400000 1400000 1500000 1700000 1700000 2000000 2000000
10:40:47:766371289   7455 R 7842 R 7843 S 7844 R 7845 R 7846 R 7847 R 7848 R  1500000 1500000 1500000 1500000 1900000 2000000 2000000 2000000
10:40:47:988952416   7455 R 7842 S 7843 S 7844 R 7845 R 7846 R 7847 R 7848 R  1500000 1500000 1500000 1500000 2000000 1900000 2000000 2000000
10:40:48:208612133   7455 R 7842 R 7843 R 7844 R 7845 R 7846 R 7847 R 7848 R  1400000 1500000 1500000 1500000 1900000 2000000 2000000 2000000
10:40:48:433041757   7455 R 7842 R 7843 R 7844 R 7845 R 7846 R 7847 S 7848 R  1500000 1500000 1500000 1500000 2000000 2000000 2000000 2000000
10:40:48:652208726   7455 S 7842 S 7843 S 7844 R 7845 R 7846 S 7847 R 7848 R  1500000 1500000 1500000 1500000 1900000 2000000 2000000 2000000
10:40:48:871575111   7455 R 7842 R 7843 R 7844 R 7845 R 7846 S 7847 R 7848 R  1500000 1500000 1500000 1500000 2000000 2000000 2000000 2000000
10:40:49:097550106   7455 R 7842 R 7843 R 7844 R 7845 R 7846 R 7847 R 7848 R  1500000 1500000 1500000 1500000 1900000 2000000 2000000 2000000
10:40:49:326325721   7455 R 7842 S 7843 R 7844 R 7845 R 7846 R 7847 R 7848 S  1500000 1500000 1500000 1500000 2000000 2000000 2000000 2000000
10:40:49:545020108   7455 R 7842 R 7843 R 7844 R 7845 R 7846 R 7847 R 7848 S  1500000 1500000 1500000 1500000 2000000 2000000 1800000 2000000
10:40:49:776381217   7455 R 7842 S 7843 R 7844 R 7845 R 7846 S 7847 R 7848 R  1500000 1500000 1500000 1500000 2000000 1900000 2000000 2000000
10:40:49:998196389   7455 R 7842 R 7843 R 7844 R 7845 R 7846 R 7847 R 7848 R  1500000 1500000 1500000 1500000 2000000 1900000 1700000 1800000
10:40:50:221347683   7455 R 7842 R 7843 S 7844 R 7845 S 7846 R 7847 R 7848 S  1500000 1500000 1500000 1500000 1900000 1900000 1900000 1900000
10:40:50:441343110   7455 S 7842 R 7843 R 7844 R 7845 R 7846 R 7847 R 7848 R  1500000 1500000 1500000 1500000 1900000 1900000 1800000 1900000
10:40:50:663641031   7455 S 7842 R 7843 R 7844 R 7845 R 7846 R 7847 R 7848 R  1500000 1500000 1500000 1500000 1700000 1700000 2000000 1900000
10:40:50:887856074   7455 R 7842 R 7843 R 7844 R 7845 R 7846 R 7847 R 7848 R  1500000 1500000 1500000 1500000 1900000 1800000 1800000 1900000
10:40:51:100719975   7455 S 7842 S 7843 S 7844 S 7845 S 7846 R 7847 R 7848 R  1500000 1500000 1500000 1500000 1600000 1500000 2000000 2000000
10:40:51:301834652   7455 S 7842 S 7843 R 7844 S 7845 S 7846 R 7847 R 7848 R  1500000 1500000 1500000 1500000 1400000 1800000 1800000 1500000
10:40:51:518724712   7455 S 7842 S 7843 R 7844 S 7845 S 7846 S 7847 R 7848 R  1500000 1500000 1500000 1500000 1500000 1500000 1500000 1500000
10:40:51:720904679   7455 R 7842 S 7843 R 7844 S 7845 S 7846 S 7847 R 7848 R  1500000 1500000 1500000 1500000 1500000 1500000 1400000 1400000
10:40:51:922748271   7455 R 7842 S 7843 R 7844 S 7845 S 7846 S 7847 R 7848 R  1500000 1500000 1500000 1500000 1700000 1500000 1500000 1500000
10:40:52:119805708   7455 R 7842 S 7843 R 7844 R 7845 R 7846 R 7847 R 7848 R  1500000 1500000 1500000 1500000 1400000 1500000 1500000 1500000
10:40:52:321886551   7455 R 7842 S 7843 R 7844 S 7845 R 7846 R 7847 R 7848 R  1500000 1500000 1500000 1500000 1700000 1700000 1600000 1600000
10:40:52:526162014   7455 R 7842 R 7843 R 7844 R 7845 R 7846 R 7847 R 7848 R  1500000 1500000 1500000 1500000 1700000 1800000 1700000 1700000
10:40:52:721591663   7455 R 7842 R 7843 R 7844 R 7845 S 7846 R 7847 S 7848 R  1500000 1500000 1500000 1500000 1500000 1800000 1800000 1700000
10:40:52:979681923   7455 R 7842 R 7843 R 7844 R 7845 R 7846 R 7847 R 7848 R  1500000 1500000 1500000 1500000 2000000 2000000 2000000 2000000
10:40:53:455723867   7455 R 7842 R 7843 R 7844 R 7845 R 7846 R 7847 R 7848 R  1500000 1500000 1500000 1500000 2000000 2000000 2000000 2000000
10:40:53:923783537   7455 R 7842 R 7843 R 7844 R 7845 R 7846 R 7847 R 7848 R  1500000 1500000 1500000 1500000 2000000 2000000 2000000 2000000
10:40:54:387660718   7455 R 7842 R 7843 R 7844 R 7845 R 7846 R 7847 R 7848 R  1500000 1500000 1500000 1500000 2000000 2000000 2000000 2000000
10:40:54:843673416   7455 R 7842 R 7843 R 7844 R 7845 R 7846 R 7847 R 7848 R  1500000 1500000 1500000 1500000 2000000 2000000 2000000 2000000
10:40:55:323749812   7455 R 7842 R 7843 R 7844 R 7845 R 7846 R 7847 R 7848 R  1500000 1500000 1500000 1500000 2000000 2000000 2000000 2000000
10:40:55:783810752   7455 R 7842 R 7843 R 7844 R 7845 R 7846 R 7847 R 7848 R  1500000 1500000 1500000 1500000 2000000 2000000 2000000 2000000
10:40:56:259699284   7455 R 7842 R 7843 R 7844 R 7845 R 7846 R 7847 R 7848 R  1500000 1500000 1500000 1500000 2000000 2000000 2000000 2000000
10:40:56:747688206   7455 R 7842 R 7843 R 7844 R 7845 R 7846 R 7847 R 7848 R  1500000 1500000 1500000 1500000 2000000 2000000 2000000 2000000
10:40:57:215771923   7455 R 7842 R 7843 R 7844 R 7845 R 7846 R 7847 R 7848 R  1500000 1500000 1500000 1500000 2000000 2000000 2000000 2000000
10:40:57:679811482   7455 R 7842 R 7843 R 7844 R 7845 R 7846 R 7847 R 7848 R  1500000 1500000 1500000 1500000 2000000 2000000 2000000 2000000
10:40:58:167788698   7455 R 7842 R 7843 R 7844 R 7845 R 7846 R 7847 R 7848 R  1500000 1500000 1500000 1500000 2000000 2000000 2000000 2000000
10:40:58:663788981   7455 R 7842 R 7843 R 7844 R 7845 R 7846 R 7847 R 7848 R  1500000 1500000 1500000 1500000 2000000 2000000 2000000 2000000
10:40:59:139741808   7455 R 7842 R 7843 R 7844 R 7845 R 7846 R 7847 R 7848 R  1500000 1500000 1500000 1500000 2000000 2000000 2000000 2000000
10:40:59:583709623   7455 R 7842 R 7843 R 7844 R 7845 R 7846 R 7847 R 7848 R  1500000 1500000 1500000 1500000 2000000 2000000 2000000 2000000
10:41:00:067723767   7455 R 7842 R 7843 R 7844 R 7845 R 7846 R 7847 R 7848 R  1500000 1500000 1500000 1500000 2000000 2000000 2000000 2000000
10:41:00:531846455   7455 R 7842 R 7843 R 7844 R 7845 R 7846 R 7847 R 7848 R  1500000 1500000 1500000 1500000 2000000 2000000 2000000 2000000
10:41:00:999786636   7455 R 7842 R 7843 R 7844 R 7845 R 7846 R 7847 R 7848 R  1500000 1500000 1500000 1500000 2000000 2000000 2000000 2000000
10:41:01:463768827   7455 R 7842 R 7843 R 7844 R 7845 R 7846 R 7847 R 7848 R  1500000 1500000 1500000 1500000 2000000 2000000 2000000 2000000
10:41:01:919878034   7455 R 7842 R 7843 R 7844 R 7845 R 7846 R 7847 R 7848 R  1500000 1500000 1500000 1500000 2000000 2000000 2000000 2000000
10:41:02:391708251   7455 R 7842 R 7843 R 7844 R 7845 R 7846 R 7847 R 7848 R  1500000 1500000 1500000 1500000 2000000 2000000 2000000 2000000
10:41:02:899767596   7455 R 7842 R 7843 R 7844 R 7845 R 7846 R 7847 R 7848 R  1500000 1500000 1500000 1500000 2000000 2000000 2000000 2000000
10:41:03:371958521   7455 R 7842 R 7843 R 7844 R 7845 R 7846 R 7847 R 7848 R  1500000 1500000 1500000 1500000 2000000 2000000 2000000 2000000
10:41:03:863735904   7455 R 7842 R 7843 R 7844 R 7845 R 7846 R 7847 R 7848 R  1500000 1500000 1500000 1500000 2000000 2000000 2000000 2000000
10:41:04:327775140   7455 R 7842 R 7843 R 7844 R 7845 R 7846 R 7847 R 7848 R  1500000 1500000 1500000 1500000 2000000 2000000 2000000 2000000
10:41:04:811771041   7455 R 7842 R 7843 R 7844 R 7845 R 7846 R 7847 R 7848 R  1500000 1500000 1500000 1500000 2000000 2000000 2000000 2000000
10:41:05:287812044   7455 R 7842 R 7843 R 7844 R 7845 R 7846 R 7847 R 7848 R  1500000 1500000 1500000 1500000 2000000 2000000 2000000 2000000
10:41:05:787731245   7455 R 7842 R 7843 R 7844 R 7845 R 7846 R 7847 R 7848 R  1500000 1500000 1500000 1500000 2000000 2000000 2000000 2000000
10:41:06:259887132   7455 R 7842 R 7843 R 7844 R 7845 R 7846 R 7847 R 7848 R  1500000 1500000 1500000 1500000 2000000 2000000 2000000 2000000
10:41:06:735946554   7455 R 7842 R 7843 R 7844 R 7845 R 7846 R 7847 R 7848 R  1500000 1500000 1500000 1500000 2000000 2000000 2000000 2000000
10:41:07:235743091   7455 R 7842 R 7843 R 7844 R 7845 R 7846 R 7847 R 7848 R  1500000 1500000 1500000 1500000 2000000 2000000 2000000 2000000
10:41:07:735718753   7455 R 7842 R 7843 R 7844 R 7845 R 7846 R 7847 R 7848 R  1500000 1500000 1500000 1500000 2000000 2000000 2000000 2000000
10:41:08:199792578   7455 R 7842 R 7843 R 7844 R 7845 R 7846 R 7847 R 7848 R  1500000 1500000 1500000 1500000 2000000 2000000 2000000 2000000
10:41:08:687755684   7455 R 7842 R 7843 R 7844 R 7845 R 7846 R 7847 R 7848 R  1500000 1500000 1500000 1500000 2000000 2000000 2000000 2000000
10:41:09:163765526   7455 R 7842 R 7843 R 7844 R 7845 R 7846 R 7847 R 7848 R  1500000 1500000 1500000 1500000 2000000 2000000 2000000 2000000
10:41:09:663710233   7455 R 7842 R 7843 R 7844 R 7845 R 7846 R 7847 R 7848 R  1500000 1500000 1500000 1500000 2000000 2000000 2000000 2000000
10:41:10:179722614   7455 R 7842 R 7843 R 7844 R 7845 R 7846 R 7847 R 7848 R  1500000 1500000 1500000 1500000 2000000 2000000 2000000 2000000
10:41:10:639828659   7455 R 7842 R 7843 R 7844 R 7845 R 7846 R 7847 R 7848 R  1500000 1500000 1500000 1500000 2000000 2000000 2000000 2000000
10:41:11:091752556   7455 R 7842 R 7843 R 7844 R 7845 R 7846 R 7847 R 7848 R  1500000 1500000 1500000 1500000 2000000 2000000 2000000 2000000
10:41:11:579766375   7455 R 7842 R 7843 R 7844 R 7845 R 7846 R 7847 R 7848 R  1500000 1500000 1500000 1500000 2000000 2000000 2000000 2000000
10:41:12:055735345   7455 R 7842 R 7843 R 7844 R 7845 R 7846 R 7847 R 7848 R  1500000 1500000 1500000 1500000 2000000 2000000 2000000 2000000
10:41:12:527749576   7455 R 7842 R 7843 R 7844 R 7845 R 7846 R 7847 R 7848 R  1500000 1500000 1500000 1500000 2000000 2000000 2000000 2000000
10:41:12:991751865   7455 R 7842 R 7843 R 7844 R 7845 R 7846 R 7847 R 7848 R  1500000 1500000 1500000 1500000 2000000 2000000 2000000 2000000
10:41:13:427807216   7455 R 7842 R 7843 R 7844 R 7845 R 7846 R 7847 R 7848 R  1500000 1500000 1500000 1500000 2000000 2000000 2000000 2000000
10:41:13:923754688   7455 R 7842 R 7843 R 7844 R 7845 R 7846 R 7847 R 7848 R  1500000 1500000 1500000 1500000 2000000 2000000 2000000 2000000
10:41:14:371763348   7455 R 7842 R 7843 R 7844 R 7845 R 7846 R 7847 R 7848 R  1500000 1500000 1500000 1500000 2000000 2000000 2000000 2000000
10:41:14:859724213   7455 R 7842 R 7843 R 7844 R 7845 R 7846 R 7847 R 7848 R  1500000 1500000 1500000 1500000 2000000 2000000 2000000 2000000
10:41:15:371794320   7455 R 7842 R 7843 R 7844 R 7845 R 7846 R 7847 R 7848 R  1500000 1500000 1500000 1500000 2000000 2000000 2000000 2000000
10:41:15:855733862   7455 R 7842 R 7843 R 7844 R 7845 R 7846 R 7847 R 7848 R  1500000 1500000 1500000 1500000 2000000 2000000 2000000 2000000
10:41:16:343741730   7455 R 7842 R 7843 R 7844 R 7845 R 7846 R 7847 R 7848 R  1500000 1500000 1500000 1500000 2000000 2000000 2000000 2000000
10:41:16:835760298   7455 R 7842 R 7843 R 7844 R 7845 R 7846 R 7847 R 7848 R  1500000 1500000 1500000 1500000 2000000 2000000 2000000 2000000
10:41:17:327690242   7455 R 7842 R 7843 R 7844 R 7845 R 7846 R 7847 R 7848 R  1500000 1500000 1500000 1500000 2000000 2000000 2000000 2000000
10:41:17:835782486   7455 R 7842 R 7843 R 7844 R 7845 R 7846 R 7847 R 7848 R  1500000 1500000 1500000 1500000 2000000 2000000 2000000 2000000
10:41:18:323950398   7455 R 7842 R 7843 R 7844 R 7845 R 7846 R 7847 R 7848 R  1500000 1500000 1500000 1500000 2000000 2000000 2000000 2000000
10:41:18:803761037   7455 R 7842 R 7843 R 7844 R 7845 R 7846 R 7847 R 7848 R  1500000 1500000 1500000 1500000 2000000 2000000 2000000 2000000
10:41:19:291741034   7455 R 7842 R 7843 R 7844 R 7845 R 7846 R 7847 R 7848 R  1500000 1500000 1500000 1500000 2000000 2000000 2000000 2000000
10:41:19:759729616   7455 R 7842 R 7843 R 7844 R 7845 R 7846 R 7847 R 7848 R  1500000 1500000 1500000 1500000 2000000 2000000 2000000 2000000
10:41:20:255717764   7455 R 7842 R 7843 R 7844 R 7845 R 7846 R 7847 R 7848 R  1500000 1500000 1500000 1500000 2000000 2000000 2000000 2000000
10:41:20:735676530   7455 R 7842 R 7843 R 7844 R 7845 R 7846 R 7847 R 7848 R  1500000 1500000 1500000 1500000 2000000 2000000 2000000 2000000
10:41:21:219721747   7455 R 7842 R 7843 R 7844 R 7845 R 7846 R 7847 R 7848 R  1500000 1500000 1500000 1500000 2000000 2000000 2000000 2000000
10:41:21:687729582   7455 R 7842 R 7843 R 7844 R 7845 R 7846 R 7847 R 7848 R  1500000 1500000 1500000 1500000 2000000 2000000 2000000 2000000
10:41:22:167693350   7455 R 7842 R 7843 R 7844 R 7845 R 7846 R 7847 R 7848 R  1500000 1500000 1500000 1500000 2000000 2000000 2000000 2000000
10:41:22:643674128   7455 R 7842 R 7843 R 7844 R 7845 R 7846 R 7847 R 7848 R  1500000 1500000 1500000 1500000 2000000 2000000 2000000 2000000
10:41:23:135679830   7455 R 7842 R 7843 R 7844 R 7845 R 7846 R 7847 R 7848 R  1500000 1500000 1500000 1500000 2000000 2000000 2000000 2000000
10:41:23:627733367   7455 R 7842 R 7843 R 7844 R 7845 R 7846 R 7847 R 7848 R  1500000 1500000 1500000 1500000 2000000 2000000 2000000 2000000
10:41:24:111713421   7455 R 7842 R 7843 R 7844 R 7845 R 7846 R 7847 R 7848 R  1500000 1500000 1500000 1500000 2000000 2000000 2000000 2000000
10:41:24:587753118   7455 R 7842 R 7843 R 7844 R 7845 R 7846 R 7847 R 7848 R  1500000 1500000 1500000 1500000 2000000 2000000 2000000 2000000
10:41:25:087706806   7455 R 7842 R 7843 R 7844 R 7845 R 7846 R 7847 R 7848 R  1500000 1500000 1500000 1500000 2000000 2000000 2000000 2000000
10:41:25:555759771   7455 R 7842 R 7843 R 7844 R 7845 R 7846 R 7847 R 7848 R  1500000 1500000 1500000 1500000 2000000 2000000 2000000 2000000
10:41:26:027741395   7455 R 7842 R 7843 R 7844 R 7845 R 7846 R 7847 R 7848 R  1500000 1500000 1500000 1500000 2000000 2000000 2000000 2000000
10:41:26:519735185   7455 R 7842 R 7843 R 7844 R 7845 R 7846 R 7847 R 7848 R  1500000 1500000 1500000 1500000 2000000 2000000 2000000 2000000
10:41:27:031742351   7455 R 7842 R 7843 R 7844 R 7845 R 7846 R 7847 R 7848 R  1500000 1500000 1500000 1500000 2000000 2000000 2000000 2000000
10:41:27:519735693   7455 R 7842 R 7843 R 7844 R 7845 R 7846 R 7847 R 7848 R  1500000 1500000 1500000 1500000 2000000 2000000 2000000 2000000
10:41:27:991891278   7455 R 7842 R 7843 R 7844 R 7845 R 7846 R 7847 R 7848 R  1500000 1500000 1500000 1500000 2000000 2000000 2000000 2000000
10:41:28:515720963   7455 R 7842 R 7843 R 7844 R 7845 R 7846 R 7847 R 7848 R  1500000 1500000 1500000 1500000 2000000 2000000 2000000 2000000
10:41:29:023749556   7455 R 7842 R 7843 R 7844 R 7845 R 7846 R 7847 R 7848 R  1500000 1500000 1500000 1500000 2000000 2000000 2000000 2000000
10:41:29:491746985   7455 R 7842 R 7843 R 7844 R 7845 R 7846 R 7847 R 7848 R  1500000 1500000 1500000 1500000 2000000 2000000 2000000 2000000
10:41:29:951826431   7455 R 7842 R 7843 R 7844 R 7845 R 7846 R 7847 R 7848 R  1500000 1500000 1500000 1500000 2000000 2000000 2000000 2000000
10:41:30:435723328   7455 R 7842 R 7843 R 7844 R 7845 R 7846 R 7847 R 7848 R  1500000 1500000 1500000 1500000 2000000 2000000 2000000 2000000
10:41:30:899791600   7455 R 7842 R 7843 R 7844 R 7845 R 7846 R 7847 R 7848 R  1500000 1500000 1500000 1500000 2000000 2000000 2000000 2000000
10:41:31:407744656   7455 R 7842 R 7843 R 7844 R 7845 R 7846 R 7847 R 7848 R  1500000 1500000 1500000 1500000 2000000 2000000 2000000 2000000
10:41:31:867724313   7455 R 7842 R 7843 R 7844 R 7845 R 7846 R 7847 R 7848 R  1500000 1500000 1500000 1500000 2000000 2000000 2000000 2000000
10:41:32:379718487   7455 R 7842 R 7843 R 7844 R 7845 R 7846 R 7847 R 7848 R  1500000 1500000 1500000 1500000 2000000 2000000 2000000 2000000
10:41:32:839749937   7455 R 7842 R 7843 R 7844 R 7845 R 7846 R 7847 R 7848 R  1500000 1500000 1500000 1500000 2000000 2000000 2000000 2000000
10:41:33:355774104   7455 R 7842 R 7843 R 7844 R 7845 R 7846 R 7847 R 7848 R  1500000 1500000 1500000 1500000 2000000 2000000 2000000 2000000
10:41:33:847714613   7455 R 7842 R 7843 R 7844 R 7845 R 7846 R 7847 R 7848 R  1500000 1500000 1500000 1500000 2000000 2000000 2000000 2000000
10:41:34:335778257   7455 R 7842 R 7843 R 7844 R 7845 R 7846 R 7847 R 7848 R  1500000 1500000 1500000 1500000 2000000 2000000 2000000 2000000
10:41:34:771736635   7455 R 7842 R 7843 R 7844 R 7845 R 7846 R 7847 R 7848 R  1500000 1500000 1500000 1500000 2000000 2000000 2000000 2000000
10:41:35:239766696   7455 R 7842 R 7843 R 7844 R 7845 R 7846 R 7847 R 7848 R  1500000 1500000 1500000 1500000 2000000 2000000 2000000 2000000
10:41:35:743795433   7455 R 7842 R 7843 R 7844 R 7845 R 7846 R 7847 R 7848 R  1500000 1500000 1500000 1500000 2000000 2000000 2000000 2000000
10:41:36:219773063   7455 R 7842 R 7843 R 7844 R 7845 R 7846 R 7847 R 7848 R  1500000 1500000 1500000 1500000 2000000 2000000 2000000 2000000
10:41:36:687733668   7455 R 7842 R 7843 R 7844 R 7845 R 7846 R 7847 R 7848 R  1500000 1500000 1500000 1500000 2000000 2000000 2000000 2000000
10:41:37:187796373   7455 R 7842 R 7843 R 7844 R 7845 R 7846 R 7847 R 7848 R  1500000 1500000 1500000 1500000 2000000 2000000 2000000 2000000
10:41:37:667707455   7455 R 7842 R 7843 R 7844 R 7845 R 7846 R 7847 R 7848 R  1500000 1500000 1500000 1500000 2000000 2000000 2000000 2000000
10:41:38:155811729   7455 R 7842 R 7843 R 7844 R 7845 R 7846 R 7847 R 7848 R  1500000 1500000 1500000 1500000 2000000 2000000 2000000 2000000
10:41:38:631756862   7455 R 7842 R 7843 R 7844 R 7845 R 7846 R 7847 R 7848 R  1500000 1500000 1500000 1500000 2000000 2000000 2000000 2000000
10:41:39:075769437   7455 R 7842 R 7843 R 7844 R 7845 R 7846 R 7847 R 7848 R  1500000 1500000 1500000 1500000 2000000 2000000 2000000 2000000
10:41:39:543794337   7455 R 7842 R 7843 R 7844 R 7845 R 7846 R 7847 R 7848 R  1500000 1500000 1500000 1500000 2000000 2000000 2000000 2000000
10:41:40:035764230   7455 R 7842 R 7843 R 7844 R 7845 R 7846 R 7847 R 7848 R  1500000 1500000 1500000 1500000 2000000 2000000 2000000 2000000
10:41:40:503772633   7455 R 7842 R 7843 R 7844 R 7845 R 7846 R 7847 R 7848 R  1500000 1500000 1500000 1500000 2000000 2000000 2000000 2000000
10:41:40:948096292   7455 R 7842 R 7843 R 7844 R 7845 R 7846 R 7847 R 7848 R  1500000 1500000 1500000 1500000 2000000 2000000 2000000 2000000
10:41:41:443717847   7455 R 7842 R 7843 R 7844 R 7845 R 7846 R 7847 R 7848 R  1500000 1500000 1500000 1500000 2000000 2000000 2000000 2000000
10:41:41:959735526   7455 R 7842 R 7843 R 7844 R 7845 R 7846 R 7847 R 7848 R  1500000 1500000 1500000 1500000 2000000 2000000 2000000 2000000
10:41:42:463776106   7455 R 7842 R 7843 R 7844 R 7845 R 7846 R 7847 R 7848 R  1500000 1500000 1500000 1500000 2000000 2000000 2000000 2000000
10:41:42:955759420   7455 R 7842 R 7843 R 7844 R 7845 R 7846 R 7847 R 7848 R  1500000 1500000 1500000 1500000 2000000 2000000 2000000 2000000
10:41:43:478549796   7455 R 7842 R 7843 R 7844 R 7845 R 7846 R 7847 R 7848 R  1500000 1500000 1500000 1500000 2000000 2000000 2000000 2000000
10:41:43:947745866   7455 R 7842 R 7843 R 7844 R 7845 R 7846 R 7847 R 7848 R  1500000 1500000 1500000 1500000 2000000 2000000 2000000 2000000
10:41:44:419974932   7455 R 7842 R 7843 R 7844 R 7845 R 7846 R 7847 R 7848 R  1500000 1500000 1500000 1500000 2000000 2000000 2000000 2000000
10:41:44:891758790   7455 R 7842 R 7843 R 7844 R 7845 R 7846 R 7847 R 7848 R  1500000 1500000 1500000 1500000 2000000 2000000 2000000 2000000
10:41:45:367745682   7455 R 7842 R 7843 R 7844 R 7845 R 7846 R 7847 R 7848 R  1500000 1500000 1500000 1500000 2000000 2000000 2000000 2000000
10:41:45:843780033   7455 R 7842 R 7843 R 7844 R 7845 R 7846 R 7847 R 7848 R  1500000 1500000 1500000 1500000 2000000 2000000 2000000 2000000
10:41:46:319742051   7455 R 7842 R 7843 R 7844 R 7845 R 7846 R 7847 R 7848 R  1500000 1500000 1500000 1500000 2000000 2000000 2000000 2000000
10:41:46:795906611   7455 R 7842 R 7843 R 7844 R 7845 R 7846 R 7847 R 7848 R  1500000 1500000 1500000 1500000 2000000 2000000 2000000 2000000
10:41:47:287743223   7455 R 7842 R 7843 R 7844 R 7845 R 7846 R 7847 R 7848 R  1500000 1500000 1500000 1500000 2000000 2000000 2000000 2000000
10:41:47:771761227   7455 R 7842 R 7843 R 7844 R 7845 R 7846 R 7847 R 7848 R  1500000 1500000 1500000 1500000 2000000 2000000 2000000 2000000
10:41:48:259733973   7455 R 7842 R 7843 R 7844 R 7845 R 7846 R 7847 R 7848 R  1500000 1500000 1500000 1500000 2000000 2000000 2000000 2000000
10:41:48:755732787   7455 R 7842 R 7843 R 7844 R 7845 R 7846 R 7847 R 7848 R  1500000 1500000 1500000 1500000 2000000 2000000 2000000 2000000
10:41:49:202425953   7455 R 7842 R 7843 R 7844 R 7845 R 7846 R 7847 R 7848 S  1500000 1500000 1500000 1500000 2000000 2000000 2000000 2000000
10:41:49:401672835   7455 R 7842 R 7843 R 7844 R 7845 S 7846 R 7847 S 7848 S  1500000 1500000 1500000 1500000 2000000 2000000 2000000 2000000
10:41:49:590968197   7455 R 7842 R 7843 S 7844 R 7845 S 7846 R 7847 S 7848 S  1500000 1500000 1500000 1500000 1900000 1900000 1900000 1300000
10:41:49:772652324   7455 R 7842 R 7843 S 7844 R 7845 S 7846 R 7847 S 7848 S  1500000 1500000 1500000 1500000 1600000 1600000 2000000 2000000
10:41:49:964620471   7455 R 7842 R 7843 S 7844 R 7845 S 7846 R 7847 S 7848 S  1500000 1500000 1500000 1500000 2000000 1400000 2000000 2000000
10:41:50:157165701   7455 R 7842 R 7843 S 7844 R 7845 S 7846 R 7847 S 7848 S  1500000 1500000 1500000 1500000 2000000 2000000 1900000 1400000
10:41:50:344448859   7455 R 7842 R 7843 S 7844 R 7845 S 7846 R 7847 S 7848 S  1500000 1500000 1500000 1500000 2000000 2000000 1900000 1400000
10:41:50:534871885   7455 R 7842 R 7843 S 7844 R 7845 S 7846 R 7847 S 7848 S  1500000 1500000 1500000 1500000 1700000 1700000 1700000 2000000
10:41:50:723955539   7455 R 7842 R 7843 S 7844 R 7845 S 7846 R 7847 S 7848 S  1500000 1500000 1500000 1500000 1500000 1500000 2000000 2000000
10:41:50:916572103   7455 R 7842 R 7843 S 7844 R 7845 S 7846 R 7847 S 7848 S  1500000 1500000 1500000 1500000 1400000 2000000 2000000 2000000
10:41:51:118328398   7455 R 7842 R 7843 S 7844 R 7845 S 7846 R 7847 S 7848 S  1500000 1500000 1500000 1500000 1700000 2000000 2000000 2000000
10:41:51:310064255   7455 R 7842 R 7843 S 7844 R 7845 S 7846 R 7847 S 7848 S  1500000 1500000 1500000 1500000 1900000 1900000 1400000 2000000
10:41:51:506224104   7455 R 7842 R 7843 S 7844 R 7845 S 7846 R 7847 S 7848 S  1500000 1500000 1500000 1500000 2000000 2000000 2000000 2000000
10:41:51:698261710   7455 R 7842 R 7843 S 7844 R 7845 S 7846 R 7847 S 7848 S  1500000 1500000 1500000 1500000 2000000 2000000 1800000 1800000
10:41:51:894355976   7455 R 7842 R 7843 S 7844 R 7845 S 7846 R 7847 S 7848 S  1500000 1500000 1500000 1500000 2000000 1800000 1200000 1200000
10:41:52:087689497   7455 R 7842 R 7843 S 7844 R 7845 S 7846 R 7847 S 7848 S  1500000 1500000 1500000 1500000 2000000 1800000 1800000 1800000
10:41:52:282590473   7455 R 7842 R 7843 S 7844 R 7845 S 7846 R 7847 S 7848 S  1500000 1500000 1500000 1500000 2000000 1700000 1700000 1700000
10:41:52:474251165   7455 R 7842 R 7843 S 7844 R 7845 S 7846 R 7847 S 7848 S  1500000 1500000 1500000 1500000 2000000 1500000 2000000 2000000
10:41:52:666709146   7455 R 7842 R 7843 S 7844 R 7845 S 7846 R 7847 S 7848 S  1500000 1500000 1500000 1500000 2000000 1600000 1600000 1600000
10:41:52:859141586   7455 R 7842 R 7843 S 7844 R 7845 S 7846 R 7847 S 7848 S  1500000 1500000 1500000 1500000 2000000 1700000 2000000 2000000
10:41:53:050317362   7455 R 7842 R 7843 S 7844 R 7845 S 7846 R 7847 S 7848 S  1500000 1500000 1500000 1500000 1900000 1400000 1400000 1400000
10:41:53:243581051   7455 R 7842 R 7843 S 7844 R 7845 S 7846 R 7847 S 7848 S  1500000 1500000 1500000 1500000 2000000 2000000 2000000 2000000
10:41:53:435767783   7455 R 7842 R 7843 S 7844 R 7845 S 7846 R 7847 S 7848 S  1500000 1500000 1500000 1500000 2000000 2000000 1700000 1700000
10:41:53:630840218   7455 R 7842 R 7843 S 7844 R 7845 S 7846 R 7847 S 7848 S  1500000 1500000 1500000 1500000 2000000 1400000 2000000 2000000
10:41:53:823665783   7455 R 7842 R 7843 S 7844 R 7845 S 7846 R 7847 S 7848 S  1500000 1500000 1500000 1500000 1400000 1000000 1000000 2000000
10:41:54:021822378   7455 R 7842 R 7843 S 7844 R 7845 S 7846 R 7847 S 7848 S  1500000 1500000 1500000 1500000 1800000 1300000 1300000 1300000
10:41:54:220131182   7455 R 7842 R 7843 S 7844 R 7845 S 7846 R 7847 S 7848 S  1500000 1500000 1500000 1500000 1700000 1800000 1800000 1800000
10:41:54:412298791   7455 R 7842 R 7843 S 7844 R 7845 S 7846 R 7847 S 7848 S  1500000 1500000 1500000 1500000 2000000 1700000 1800000 1800000
10:41:54:605026023   7455 R 7842 R 7843 S 7844 R 7845 S 7846 R 7847 S 7848 S  1500000 1500000 1500000 1500000 2000000 1400000 1400000 1400000
10:41:54:800139625   7455 R 7842 R 7843 S 7844 R 7845 S 7846 R 7847 S 7848 S  1500000 1500000 1500000 1500000 2000000 1400000 1900000 1900000
10:41:54:995155935   7455 R 7842 R 7843 S 7844 R 7845 S 7846 R 7847 S 7848 S  1500000 1500000 1500000 1500000 2000000 1600000 1600000 1600000
10:41:55:176917899   7455 R 7842 R 7843 S 7844 R 7845 S 7846 R 7847 S 7848 S  1500000 1500000 1500000 1500000 1900000 1900000 1800000 1800000
10:41:55:367626010   7455 R 7842 R 7843 S 7844 R 7845 S 7846 R 7847 S 7848 S  1500000 1500000 1500000 1500000 1300000 2000000 2000000 1300000
10:41:55:563633903   7455 R 7842 R 7843 S 7844 R 7845 S 7846 R 7847 S 7848 S  1500000 1500000 1500000 1500000 2000000 2000000 2000000 2000000
10:41:55:756716176   7455 R 7842 R 7843 S 7844 R 7845 S 7846 R 7847 S 7848 S  1500000 1500000 1500000 1500000 2000000 2000000 1600000 2000000
10:41:55:944230919   7455 R 7842 R 7843 S 7844 R 7845 S 7846 R 7847 S 7848 S  1500000 1500000 1500000 1500000 2000000 2000000 1400000 2000000
10:41:56:138097983   7455 R 7842 R 7843 S 7844 R 7845 S 7846 R 7847 S 7848 S  1500000 1500000 1500000 1500000 2000000 2000000 1300000 1300000
10:41:56:324941103   7455 R 7842 R 7843 S 7844 R 7845 S 7846 R 7847 S 7848 S  1500000 1500000 1500000 1500000 1400000 2000000 2000000 1600000
10:41:56:522960909   7455 R 7842 R 7843 S 7844 R 7845 S 7846 R 7847 S 7848 S  1500000 1500000 1500000 1500000 2000000 2000000 1700000 1700000
10:41:56:714621144   7455 R 7842 R 7843 S 7844 R 7845 S 7846 R 7847 S 7848 S  1500000 1500000 1500000 1500000 2000000 2000000 1500000 2000000
10:41:56:908348084   7455 R 7842 R 7843 S 7844 R 7845 S 7846 R 7847 S 7848 S  1500000 1500000 1500000 1500000 2000000 1500000 1400000 1400000
10:41:57:108061761   7455 R 7842 R 7843 S 7844 R 7845 S 7846 R 7847 S 7848 S  1500000 1500000 1500000 1500000 1500000 1500000 1500000 1500000
10:41:57:302780449   7455 R 7842 R 7843 S 7844 R 7845 S 7846 R 7847 S 7848 S  1500000 1500000 1500000 1500000 1800000 1200000 1200000 2000000
10:41:57:498848301   7455 R 7842 R 7843 S 7844 R 7845 S 7846 R 7847 S 7848 S  1500000 1500000 1500000 1500000 1900000 1900000 1400000 1400000
10:41:57:691940367   7455 R 7842 R 7843 S 7844 R 7845 S 7846 R 7847 S 7848 S  1500000 1500000 1500000 1500000 2000000 2000000 2000000 1400000
10:41:57:883522145   7455 R 7842 R 7843 S 7844 R 7845 S 7846 R 7847 S 7848 S  1500000 1500000 1500000 1500000 2000000 2000000 2000000 2000000
10:41:58:075698213   7455 R 7842 R 7843 S 7844 R 7845 S 7846 R 7847 S 7848 S  1500000 1500000 1500000 1500000 2000000 2000000 2000000 1400000
10:41:58:268787196   7455 R 7842 R 7843 S 7844 R 7845 S 7846 R 7847 S 7848 S  1500000 1500000 1500000 1500000 2000000 2000000 1500000 1500000
10:41:58:464298591   7455 R 7842 R 7843 S 7844 R 7845 S 7846 R 7847 S 7848 S  1500000 1500000 1500000 1500000 1900000 1900000 1600000 1600000
10:41:58:656429160   7455 R 7842 R 7843 S 7844 R 7845 S 7846 R 7847 S 7848 S  1500000 1500000 1500000 1500000 2000000 1900000 1900000 1900000
10:41:58:847006190   7455 R 7842 R 7843 S 7844 R 7845 S 7846 R 7847 S 7848 S  1500000 1500000 1500000 1500000 1700000 2000000 1500000 1500000
10:41:59:047540784   7455 R 7842 R 7843 S 7844 R 7845 S 7846 R 7847 S 7848 S  1500000 1500000 1500000 1500000 2000000 2000000 2000000 2000000
10:41:59:238082773   7455 R 7842 R 7843 S 7844 R 7845 S 7846 R 7847 S 7848 S  1500000 1500000 1500000 1500000 1500000 2000000 2000000 2000000
10:41:59:429845759   7455 R 7842 R 7843 S 7844 R 7845 S 7846 R 7847 S 7848 S  1500000 1500000 1500000 1500000 2000000 2000000 1900000 1300000
10:41:59:623913241   7455 R 7842 R 7843 S 7844 R 7845 S 7846 R 7847 S 7848 S  1500000 1500000 1500000 1500000 2000000 2000000 2000000 1700000
10:41:59:819481012   7455 R 7842 R 7843 S 7844 R 7845 S 7846 R 7847 S 7848 S  1500000 1500000 1500000 1500000 2000000 2000000 1600000 1600000
10:42:00:014418867   7455 R 7842 R 7843 S 7844 R 7845 S 7846 R 7847 S 7848 S  1500000 1500000 1500000 1500000 2000000 1500000 1800000 1800000
10:42:00:206632270   7455 R 7842 R 7843 S 7844 R 7845 S 7846 R 7847 S 7848 S  1500000 1500000 1500000 1500000 1700000 1400000 1400000 1400000
10:42:00:404613328   7455 R 7842 R 7843 S 7844 R 7845 S 7846 R 7847 S 7848 S  1500000 1500000 1500000 1500000 2000000 2000000 1800000 1800000
10:42:00:597627146   7455 R 7842 R 7843 S 7844 R 7845 S 7846 R 7847 S 7848 S  1500000 1500000 1500000 1500000 2000000 2000000 1900000 1400000
10:42:00:790695839   7455 R 7842 R 7843 S 7844 R 7845 S 7846 R 7847 S 7848 S  1500000 1500000 1500000 1500000 1800000 1800000 2000000 2000000
10:42:00:983324908   7455 R 7842 R 7843 S 7844 R 7845 S 7846 R 7847 S 7848 S  1500000 1500000 1500000 1500000 1700000 2000000 2000000 2000000
10:42:01:177116849   7455 R 7842 R 7843 S 7844 R 7845 S 7846 R 7847 S 7848 S  1500000 1500000 1500000 1500000 2000000 2000000 2000000 1700000
10:42:01:372510122   7455 R 7842 R 7843 S 7844 R 7845 S 7846 R 7847 S 7848 S  1500000 1500000 1500000 1500000 2000000 2000000 2000000 1500000
10:42:01:565054816   7455 R 7842 R 7843 S 7844 R 7845 S 7846 R 7847 S 7848 S  1500000 1500000 1500000 1500000 2000000 2000000 2000000 1600000
10:42:01:757292636   7455 R 7842 R 7843 S 7844 R 7845 S 7846 R 7847 S 7848 S  1500000 1500000 1500000 1500000 2000000 2000000 2000000 2000000
10:42:01:952402909   7455 R 7842 R 7843 S 7844 R 7845 S 7846 R 7847 S 7848 S  1500000 1500000 1500000 1500000 2000000 2000000 1400000 1400000
10:42:02:139930905   7455 R 7842 R 7843 S 7844 R 7845 S 7846 R 7847 S 7848 S  1500000 1500000 1500000 1500000 2000000 2000000 2000000 1500000
10:42:02:325620822   7455 R 7842 R 7843 S 7844 R 7845 S 7846 R 7847 S 7848 S  1500000 1500000 1500000 1500000 1400000 2000000 2000000 1700000
10:42:02:523614881   7455 R 7842 R 7843 S 7844 R 7845 S 7846 R 7847 S 7848 S  1500000 1500000 1500000 1500000 2000000 1800000 1000000 1000000
10:42:02:722394439   7455 R 7842 R 7843 S 7844 R 7845 S 7846 R 7847 S 7848 S  1500000 1500000 1500000 1500000 2000000 2000000 2000000 1300000
10:42:02:921111496   7455 R 7842 R 7843 S 7844 R 7845 S 7846 R 7847 S 7848 S  1500000 1500000 1500000 1500000 1700000 1500000 1500000 1500000
10:42:03:115791145   7455 R 7842 R 7843 S 7844 R 7845 S 7846 R 7847 S 7848 S  1500000 1500000 1500000 1500000 2000000 2000000 1600000 1600000
10:42:03:306108387   7455 R 7842 R 7843 S 7844 R 7845 S 7846 R 7847 S 7848 S  1500000 1500000 1500000 1500000 2000000 2000000 2000000 1200000
10:42:03:498396166   7455 R 7842 R 7843 S 7844 R 7845 S 7846 R 7847 S 7848 S  1500000 1500000 1500000 1500000 2000000 2000000 2000000 2000000
10:42:03:687637910   7455 R 7842 R 7843 S 7844 R 7845 S 7846 R 7847 S 7848 S  1500000 1500000 1500000 1500000 2000000 2000000 2000000 2000000
10:42:03:881010312   7455 R 7842 R 7843 S 7844 R 7845 S 7846 R 7847 S 7848 S  1500000 1500000 1500000 1500000 1400000 2000000 2000000 2000000
10:42:04:074732339   7455 R 7842 R 7843 S 7844 R 7845 S 7846 R 7847 S 7848 S  1500000 1500000 1500000 1500000 1500000 2000000 2000000 2000000
10:42:04:258141928   7455 R 7842 R 7843 S 7844 R 7845 S 7846 R 7847 S 7848 S  1500000 1500000 1500000 1500000 1400000 1400000 2000000 2000000
10:42:04:448008630   7455 R 7842 R 7843 S 7844 R 7845 S 7846 R 7847 S 7848 S  1500000 1500000 1500000 1500000 1300000 1300000 1300000 2000000
10:42:04:640741659   7455 R 7842 R 7843 S 7844 R 7845 S 7846 R 7847 S 7848 S  1500000 1500000 1500000 1500000 1200000 1200000 1500000 1500000
10:42:04:836641973   7455 R 7842 R 7843 S 7844 R 7845 S 7846 R 7847 S 7848 S  1500000 1500000 1500000 1500000 1200000 1200000 2000000 2000000
10:42:05:033615910   7455 R 7842 R 7843 S 7844 R 7845 S 7846 R 7847 S 7848 S  1500000 1500000 1500000 1500000 1200000 1200000 2000000 2000000
10:42:05:228039144   7455 R 7842 R 7843 S 7844 R 7845 S 7846 R 7847 S 7848 S  1500000 1500000 1500000 1500000 1700000 1700000 2000000 2000000
10:42:05:420895257   7455 R 7842 R 7843 S 7844 R 7845 S 7846 R 7847 S 7848 S  1500000 1500000 1500000 1500000 1400000 2000000 2000000 2000000
10:42:05:617361112   7455 R 7842 R 7843 S 7844 R 7845 S 7846 R 7847 S 7848 S  1500000 1500000 1500000 1500000 2000000 2000000 1400000 2000000
10:42:05:813772134   7455 R 7842 R 7843 S 7844 R 7845 S 7846 R 7847 S 7848 S  1500000 1500000 1500000 1500000 2000000 1800000 1200000 1200000
10:42:06:007760286   7455 R 7842 R 7843 S 7844 R 7845 S 7846 R 7847 S 7848 S  1500000 1500000 1500000 1500000 2000000 2000000 2000000 2000000
10:42:06:199480527   7455 R 7842 R 7843 S 7844 R 7845 S 7846 R 7847 S 7848 S  1500000 1500000 1500000 1500000 2000000 2000000 1800000 1800000
10:42:06:393574179   7455 R 7842 R 7843 S 7844 R 7845 S 7846 R 7847 S 7848 S  1500000 1500000 1500000 1500000 2000000 1400000 1700000 1700000
10:42:06:587077082   7455 R 7842 R 7843 S 7844 R 7845 S 7846 R 7847 S 7848 S  1500000 1500000 1500000 1500000 2000000 2000000 1500000 1500000
10:42:06:781074735   7455 R 7842 R 7843 S 7844 R 7845 S 7846 R 7847 S 7848 S  1500000 1500000 1500000 1500000 2000000 1800000 1300000 1300000
10:42:06:976366260   7455 R 7842 R 7843 S 7844 R 7845 S 7846 R 7847 S 7848 S  1500000 1500000 1500000 1500000 2000000 1200000 1600000 1600000
10:42:07:168294250   7455 R 7842 R 7843 S 7844 R 7845 S 7846 R 7847 S 7848 S  1500000 1500000 1500000 1500000 2000000 2000000 1400000 1400000
10:42:07:362284653   7455 R 7842 R 7843 S 7844 R 7845 S 7846 R 7847 S 7848 S  1500000 1500000 1500000 1500000 2000000 2000000 1900000 1600000
10:42:07:555936015   7455 R 7842 R 7843 S 7844 R 7845 S 7846 R 7847 S 7848 S  1500000 1500000 1500000 1500000 2000000 2000000 1600000 1600000
10:42:07:749452336   7455 R 7842 R 7843 S 7844 R 7845 S 7846 R 7847 S 7848 S  1500000 1500000 1500000 1500000 2000000 2000000 1300000 1300000
10:42:07:943240489   7455 R 7842 R 7843 S 7844 R 7845 S 7846 R 7847 S 7848 S  1500000 1500000 1500000 1500000 2000000 2000000 2000000 1500000
10:42:08:126499622   7455 R 7842 R 7843 S 7844 R 7845 S 7846 R 7847 S 7848 S  1500000 1500000 1500000 1500000 1900000 1900000 1900000 2000000
10:42:08:318143989   7455 R 7842 R 7843 S 7844 R 7845 S 7846 R 7847 S 7848 S  1500000 1500000 1500000 1500000 1200000 1500000 1500000 2000000
10:42:08:512041934   7455 R 7842 R 7843 S 7844 R 7845 S 7846 R 7847 S 7848 S  1500000 1500000 1500000 1500000 1400000 2000000 2000000 2000000
10:42:08:705829255   7455 R 7842 R 7843 S 7844 R 7845 S 7846 R 7847 S 7848 S  1500000 1500000 1500000 1500000 1600000 1600000 2000000 2000000
10:42:08:894119628   7455 R 7842 R 7843 S 7844 R 7845 S 7846 R 7847 S 7848 S  1500000 1500000 1500000 1500000 1700000 1700000 1700000 2000000
10:42:09:087061034   7455 R 7842 R 7843 S 7844 R 7845 S 7846 R 7847 S 7848 S  1500000 1500000 1500000 1500000 1200000 1900000 1900000 1900000
10:42:09:280229606   7455 R 7842 R 7843 S 7844 R 7845 S 7846 R 7847 S 7848 S  1500000 1500000 1500000 1500000 1400000 1400000 1400000 2000000
10:42:09:475173967   7455 R 7842 R 7843 S 7844 R 7845 S 7846 R 7847 S 7848 S  1500000 1500000 1500000 1500000 1600000 1600000 2000000 2000000
10:42:09:669190871   7455 R 7842 R 7843 S 7844 R 7845 S 7846 R 7847 S 7848 S  1500000 1500000 1500000 1500000 1600000 2000000 2000000 2000000
10:42:09:861669361   7455 R 7842 R 7843 S 7844 R 7845 S 7846 R 7847 S 7848 S  1500000 1500000 1500000 1500000 1600000 1600000 2000000 2000000
10:42:10:054522892   7455 R 7842 R 7843 S 7844 R 7845 S 7846 R 7847 S 7848 S  1500000 1500000 1500000 1500000 2000000 2000000 2000000 2000000
10:42:10:247136466   7455 R 7842 R 7843 S 7844 R 7845 S 7846 R 7847 S 7848 S  1500000 1500000 1500000 1500000 2000000 2000000 1700000 1700000
10:42:10:441954994   7455 R 7842 R 7843 S 7844 R 7845 S 7846 R 7847 S 7848 S  1500000 1500000 1500000 1500000 2000000 2000000 1600000 1600000
10:42:10:633204654   7455 R 7842 R 7843 S 7844 R 7845 S 7846 R 7847 S 7848 S  1500000 1500000 1500000 1500000 2000000 2000000 1400000 2000000
10:42:10:832836798   7455 R 7842 R 7843 S 7844 R 7845 S 7846 R 7847 S 7848 S  1500000 1500000 1500000 1500000 2000000 1300000 1300000 1300000
10:42:11:026897327   7455 R 7842 R 7843 S 7844 R 7845 S 7846 R 7847 S 7848 S  1500000 1500000 1500000 1500000 2000000 2000000 1400000 1400000
10:42:11:217484531   7455 R 7842 R 7843 S 7844 R 7845 S 7846 R 7847 S 7848 S  1500000 1500000 1500000 1500000 2000000 2000000 2000000 1300000
10:42:11:410549646   7455 R 7842 R 7843 S 7844 R 7845 S 7846 R 7847 S 7848 S  1500000 1500000 1500000 1500000 2000000 1900000 1900000 1900000
10:42:11:602096764   7455 R 7842 R 7843 S 7844 R 7845 S 7846 R 7847 S 7848 S  1500000 1500000 1500000 1500000 2000000 1900000 1900000 1900000
10:42:11:796027169   7455 R 7842 R 7843 S 7844 R 7845 S 7846 R 7847 S 7848 S  1500000 1500000 1500000 1500000 2000000 1400000 2000000 2000000
10:42:11:989176909   7455 R 7842 R 7843 S 7844 R 7845 S 7846 R 7847 S 7848 S  1500000 1500000 1500000 1500000 1700000 1700000 1700000 1700000
10:42:12:180433029   7455 R 7842 R 7843 S 7844 R 7845 S 7846 R 7847 S 7848 S  1500000 1500000 1500000 1500000 1900000 1900000 1900000 1500000
10:42:12:374796059   7455 R 7842 R 7843 S 7844 R 7845 S 7846 R 7847 S 7848 S  1500000 1500000 1500000 1500000 2000000 2000000 1500000 1500000
10:42:12:566586719   7455 R 7842 R 7843 S 7844 R 7845 S 7846 R 7847 S 7848 S  1500000 1500000 1500000 1500000 2000000 2000000 1600000 1600000
10:42:12:759416126   7455 R 7842 R 7843 S 7844 R 7845 S 7846 R 7847 S 7848 S  1500000 1500000 1500000 1500000 2000000 1400000 2000000 2000000
10:42:12:951895327   7455 R 7842 R 7843 S 7844 R 7845 S 7846 R 7847 S 7848 S  1500000 1500000 1500000 1500000 1900000 1400000 1400000 1400000
10:42:13:141135784   7455 R 7842 R 7843 S 7844 R 7845 S 7846 R 7847 S 7848 S  1500000 1500000 1500000 1500000 2000000 2000000 1700000 1700000
10:42:13:326725957   7455 R 7842 R 7843 S 7844 R 7845 S 7846 R 7847 S 7848 S  1500000 1500000 1500000 1500000 2000000 2000000 2000000 2000000
10:42:13:518377867   7455 R 7842 R 7843 S 7844 R 7845 S 7846 R 7847 S 7848 S  1500000 1500000 1500000 1500000 1200000 2000000 2000000 2000000
10:42:13:713081355   7455 R 7842 R 7843 S 7844 R 7845 S 7846 R 7847 S 7848 S  1500000 1500000 1500000 1500000 1700000 2000000 2000000 2000000
10:42:13:906422429   7455 R 7842 R 7843 S 7844 R 7845 S 7846 R 7847 S 7848 S  1500000 1500000 1500000 1500000 1800000 1800000 2000000 2000000
10:42:14:098633339   7455 R 7842 R 7843 S 7844 R 7845 S 7846 R 7847 S 7848 S  1500000 1500000 1500000 1500000 2000000 2000000 2000000 2000000
10:42:14:289855001   7455 R 7842 R 7843 S 7844 R 7845 S 7846 R 7847 S 7848 S  1500000 1500000 1500000 1500000 1700000 1700000 2000000 2000000
10:42:14:482597286   7455 R 7842 R 7843 S 7844 R 7845 S 7846 R 7847 S 7848 S  1500000 1500000 1500000 1500000 2000000 2000000 2000000 2000000
10:42:14:676196985   7455 R 7842 R 7843 S 7844 R 7845 S 7846 R 7847 S 7848 S  1500000 1500000 1500000 1500000 1900000 2000000 1700000 1800000
10:42:14:873194802   7455 R 7842 R 7843 S 7844 R 7845 S 7846 R 7847 S 7848 S  1500000 1500000 1500000 1500000 2000000 1400000 1400000 1400000
10:42:15:068522623   7455 R 7842 R 7843 S 7844 R 7845 S 7846 R 7847 S 7848 S  1500000 1500000 1500000 1500000 2000000 1300000 1300000 1300000
10:42:15:263226445   7455 R 7842 R 7843 S 7844 R 7845 S 7846 R 7847 S 7848 S  1500000 1500000 1500000 1500000 2000000 1400000 2000000 2000000
10:42:15:457068769   7455 R 7842 R 7843 S 7844 R 7845 S 7846 R 7847 S 7848 S  1500000 1500000 1500000 1500000 1900000 1900000 1500000 2000000
10:42:15:651906716   7455 R 7842 R 7843 S 7844 R 7845 S 7846 R 7847 S 7848 S  1500000 1500000 1500000 1500000 2000000 1400000 1400000 1400000
10:42:15:844909584   7455 R 7842 R 7843 S 7844 R 7845 S 7846 R 7847 S 7848 S  1500000 1500000 1500000 1500000 2000000 1400000 2000000 2000000
10:42:16:039528573   7455 R 7842 R 7843 S 7844 R 7845 S 7846 R 7847 S 7848 S  1500000 1500000 1500000 1500000 2000000 2000000 2000000 1500000
10:42:16:231844318   7455 R 7842 R 7843 S 7844 R 7845 S 7846 R 7847 S 7848 S  1500000 1500000 1500000 1500000 2000000 1400000 1400000 1400000
10:42:16:426031850   7455 R 7842 R 7843 S 7844 R 7845 S 7846 R 7847 S 7848 S  1500000 1500000 1500000 1500000 2000000 2000000 1900000 1900000
10:42:16:620271590   7455 R 7842 R 7843 S 7844 R 7845 S 7846 R 7847 S 7848 S  1500000 1500000 1500000 1500000 2000000 1500000 1500000 1500000
10:42:16:814048582   7455 R 7842 R 7843 S 7844 R 7845 S 7846 R 7847 S 7848 S  1500000 1500000 1500000 1500000 2000000 2000000 2000000 2000000
10:42:17:003516998   7455 R 7842 R 7843 S 7844 R 7845 S 7846 R 7847 S 7848 S  1500000 1500000 1500000 1500000 2000000 2000000 2000000 1900000
10:42:17:198815696   7455 R 7842 R 7843 S 7844 R 7845 S 7846 R 7847 S 7848 S  1500000 1500000 1500000 1500000 2000000 1800000 1500000 1500000
10:42:17:395712723   7455 R 7842 R 7843 S 7844 R 7845 S 7846 R 7847 S 7848 S  1500000 1500000 1500000 1500000 2000000 2000000 2000000 2000000
10:42:17:588270926   7455 R 7842 R 7843 S 7844 R 7845 S 7846 R 7847 S 7848 S  1500000 1500000 1500000 1500000 1700000 2000000 2000000 1700000
10:42:17:783310749   7455 R 7842 R 7843 S 7844 R 7845 S 7846 R 7847 S 7848 S  1500000 1500000 1500000 1500000 2000000 1500000 2000000 2000000
10:42:17:976567408   7455 R 7842 R 7843 S 7844 R 7845 S 7846 R 7847 S 7848 S  1500000 1500000 1500000 1500000 1900000 1900000 1900000 1700000
10:42:18:167027574   7455 R 7842 R 7843 S 7844 R 7845 S 7846 R 7847 S 7848 S  1500000 1500000 1500000 1500000 2000000 2000000 2000000 2000000
10:42:18:357483281   7455 R 7842 R 7843 S 7844 R 7845 S 7846 R 7847 S 7848 S  1500000 1500000 1500000 1500000 1900000 2000000 2000000 1400000
10:42:18:554841933   7455 R 7842 R 7843 S 7844 R 7845 S 7846 R 7847 S 7848 S  1500000 1500000 1500000 1500000 2000000 2000000 1800000 1800000
10:42:18:741712981   7455 R 7842 R 7843 S 7844 R 7845 S 7846 R 7847 S 7848 S  1500000 1500000 1500000 1500000 1300000 2000000 2000000 1800000
10:42:18:936449471   7455 R 7842 R 7843 S 7844 R 7845 S 7846 R 7847 S 7848 S  1500000 1500000 1500000 1500000 1900000 1900000 1900000 2000000
10:42:19:124345226   7455 R 7842 R 7843 S 7844 R 7845 S 7846 R 7847 S 7848 S  1500000 1500000 1500000 1500000 1100000 1100000 1800000 1800000
10:42:19:320762422   7455 R 7842 R 7843 S 7844 R 7845 S 7846 R 7847 S 7848 S  1500000 1500000 1500000 1500000 1100000 1600000 1600000 1600000
10:42:19:513500500   7455 R 7842 R 7843 S 7844 R 7845 S 7846 R 7847 S 7848 S  1500000 1500000 1500000 1500000 1400000 1400000 1400000 1900000
10:42:19:708280616   7455 R 7842 R 7843 S 7844 R 7845 S 7846 R 7847 S 7848 S  1500000 1500000 1500000 1500000 1500000 1500000 1500000 2000000
10:42:19:905486561   7455 R 7842 R 7843 S 7844 R 7845 S 7846 R 7847 S 7848 S  1500000 1500000 1500000 1500000 1400000 2000000 2000000 2000000
10:42:20:099379054   7455 R 7842 R 7843 S 7844 R 7845 S 7846 R 7847 S 7848 S  1500000 1500000 1500000 1500000 1900000 1900000 2000000 2000000
10:42:20:294773044   7455 R 7842 R 7843 S 7844 R 7845 S 7846 R 7847 S 7848 S  1500000 1500000 1500000 1500000 2000000 2000000 2000000 2000000
10:42:20:489532285   7455 R 7842 R 7843 S 7844 R 7845 S 7846 R 7847 S 7848 S  1500000 1500000 1500000 1500000 2000000 1800000 1800000 1700000
10:42:20:686365315   7455 R 7842 R 7843 S 7844 R 7845 S 7846 R 7847 S 7848 S  1500000 1500000 1500000 1500000 1900000 2000000 2000000 2000000
10:42:20:879650642   7455 R 7842 R 7843 S 7844 R 7845 S 7846 R 7847 S 7848 S  1500000 1500000 1500000 1500000 1400000 1500000 1500000 1500000
10:42:21:076646421   7455 R 7842 R 7843 S 7844 R 7845 S 7846 R 7847 S 7848 S  1500000 1500000 1500000 1500000 2000000 1600000 1600000 1600000
10:42:21:270174749   7455 R 7842 R 7843 S 7844 R 7845 S 7846 R 7847 S 7848 S  1500000 1500000 1500000 1500000 2000000 2000000 1700000 1700000
10:42:21:460483500   7455 R 7842 R 7843 S 7844 R 7845 S 7846 R 7847 S 7848 S  1500000 1500000 1500000 1500000 1900000 2000000 2000000 1400000
10:42:21:656149698   7455 R 7842 R 7843 S 7844 R 7845 S 7846 R 7847 S 7848 S  1500000 1500000 1500000 1500000 2000000 2000000 2000000 1400000
10:42:21:851536398   7455 R 7842 R 7843 S 7844 R 7845 S 7846 R 7847 S 7848 S  1500000 1500000 1500000 1500000 2000000 1700000 1800000 1800000
10:42:22:046909805   7455 R 7842 R 7843 S 7844 R 7845 S 7846 R 7847 S 7848 S  1500000 1500000 1500000 1500000 2000000 2000000 1700000 1700000
10:42:22:238430429   7455 R 7842 R 7843 S 7844 R 7845 S 7846 R 7847 S 7848 S  1500000 1500000 1500000 1500000 2000000 2000000 1400000 2000000
10:42:22:423365608   7455 R 7842 R 7843 S 7844 R 7845 S 7846 R 7847 S 7848 S  1500000 1500000 1500000 1500000 2000000 2000000 1700000 1400000
10:42:22:618074350   7455 R 7842 R 7843 S 7844 R 7845 S 7846 R 7847 S 7848 S  1500000 1500000 1500000 1500000 2000000 2000000 1900000 1900000
10:42:22:810775472   7455 R 7842 R 7843 S 7844 R 7845 S 7846 R 7847 S 7848 S  1500000 1500000 1500000 1500000 1700000 1400000 1400000 1400000
10:42:23:007430919   7455 R 7842 R 7843 S 7844 R 7845 S 7846 R 7847 S 7848 S  1500000 1500000 1500000 1500000 2000000 2000000 1400000 1400000
10:42:23:202176662   7455 R 7842 R 7843 S 7844 R 7845 S 7846 R 7847 S 7848 S  1500000 1500000 1500000 1500000 2000000 2000000 1700000 1700000
10:42:23:394399160   7455 R 7842 R 7843 S 7844 R 7845 S 7846 R 7847 S 7848 S  1500000 1500000 1500000 1500000 1700000 1400000 1400000 1400000
10:42:23:591768606   7455 R 7842 R 7843 S 7844 R 7845 S 7846 R 7847 S 7848 S  1500000 1500000 1500000 1500000 2000000 1600000 1600000 1600000
10:42:23:784219021   7455 R 7842 R 7843 S 7844 R 7845 S 7846 R 7847 S 7848 S  1500000 1500000 1500000 1500000 2000000 2000000 2000000 1400000
10:42:23:974777189   7455 R 7842 R 7843 S 7844 R 7845 S 7846 R 7847 S 7848 S  1500000 1500000 1500000 1500000 2000000 2000000 1600000 2000000
10:42:24:167206603   7455 R 7842 R 7843 S 7844 R 7845 S 7846 R 7847 S 7848 S  1500000 1500000 1500000 1500000 2000000 1400000 1500000 1500000
10:42:24:363852301   7455 R 7842 R 7843 S 7844 R 7845 S 7846 R 7847 S 7848 S  1500000 1500000 1500000 1500000 2000000 2000000 2000000 1400000
10:42:24:556590216   7455 R 7842 R 7843 S 7844 R 7845 S 7846 R 7847 S 7848 S  1500000 1500000 1500000 1500000 2000000 2000000 1400000 1400000
10:42:24:752087958   7455 R 7842 R 7843 S 7844 R 7845 S 7846 R 7847 S 7848 S  1500000 1500000 1500000 1500000 2000000 1700000 1700000 1700000
10:42:24:942079461   7455 R 7842 R 7843 S 7844 R 7845 S 7846 R 7847 S 7848 S  1500000 1500000 1500000 1500000 2000000 2000000 1500000 2000000
10:42:25:127163807   7455 R 7842 R 7843 S 7844 R 7845 S 7846 R 7847 S 7848 S  1500000 1500000 1500000 1500000 2000000 2000000 2000000 1900000
10:42:25:322425467   7455 R 7842 R 7843 S 7844 R 7845 S 7846 R 7847 S 7848 S  1500000 1500000 1500000 1500000 2000000 2000000 1600000 1600000
10:42:25:513440260   7455 R 7842 R 7843 S 7844 R 7845 S 7846 R 7847 S 7848 S  1500000 1500000 1500000 1500000 2000000 2000000 2000000 1300000
10:42:25:709545126   7455 R 7842 R 7843 S 7844 R 7845 S 7846 R 7847 S 7848 S  1500000 1500000 1500000 1500000 2000000 1900000 1900000 1800000
10:42:25:904224995   7455 R 7842 R 7843 S 7844 R 7845 S 7846 R 7847 S 7848 S  1500000 1500000 1500000 1500000 2000000 2000000 1700000 2000000
10:42:26:095739746   7455 R 7842 R 7843 S 7844 R 7845 S 7846 R 7847 S 7848 S  1500000 1500000 1500000 1500000 1900000 1900000 1900000 1900000
10:42:26:290467491   7455 R 7842 R 7843 S 7844 R 7845 S 7846 R 7847 S 7848 S  1500000 1500000 1500000 1500000 2000000 1400000 2000000 2000000
10:42:26:484369862   7455 R 7842 R 7843 S 7844 R 7845 S 7846 R 7847 S 7848 S  1500000 1500000 1500000 1500000 2000000 2000000 2000000 1800000
10:42:26:673838575   7455 R 7842 R 7843 S 7844 R 7845 S 7846 R 7847 S 7848 S  1500000 1500000 1500000 1500000 2000000 1900000 1500000 1500000
10:42:26:868473945   7455 R 7842 R 7843 S 7844 R 7845 S 7846 R 7847 S 7848 S  1500000 1500000 1500000 1500000 2000000 2000000 2000000 2000000
10:42:27:059218989   7455 R 7842 R 7843 S 7844 R 7845 S 7846 R 7847 S 7848 S  1500000 1500000 1500000 1500000 1700000 1900000 1900000 1400000
10:42:27:257886518   7455 R 7842 R 7843 S 7844 R 7845 S 7846 R 7847 S 7848 S  1500000 1500000 1500000 1500000 2000000 2000000 1200000 1200000
10:42:27:455732382   7455 R 7842 R 7843 S 7844 R 7845 S 7846 R 7847 S 7848 S  1500000 1500000 1500000 1500000 2000000 2000000 1600000 1600000
10:42:27:650741335   7455 R 7842 R 7843 S 7844 R 7845 S 7846 R 7847 S 7848 S  1500000 1500000 1500000 1500000 2000000 1800000 1200000 1200000
10:42:27:844366583   7455 R 7842 R 7843 S 7844 R 7845 S 7846 R 7847 S 7848 S  1500000 1500000 1500000 1500000 2000000 2000000 2000000 1600000
10:42:28:033685963   7455 R 7842 R 7843 S 7844 R 7845 S 7846 R 7847 S 7848 S  1500000 1500000 1500000 1500000 1900000 1900000 1700000 1700000
10:42:28:223549844   7455 R 7842 R 7843 S 7844 R 7845 S 7846 R 7847 S 7848 S  1500000 1500000 1500000 1500000 2000000 2000000 2000000 2000000
10:42:28:416425051   7455 R 7842 R 7843 S 7844 R 7845 S 7846 R 7847 S 7848 S  1500000 1500000 1500000 1500000 2000000 2000000 1400000 1400000
10:42:28:608302552   7455 R 7842 R 7843 S 7844 R 7845 S 7846 R 7847 S 7848 S  1500000 1500000 1500000 1500000 2000000 2000000 2000000 1400000
10:42:28:799879929   7455 R 7842 R 7843 S 7844 R 7845 S 7846 R 7847 S 7848 S  1500000 1500000 1500000 1500000 2000000 2000000 1500000 1500000
10:42:28:991883513   7455 R 7842 R 7843 S 7844 R 7845 S 7846 R 7847 S 7848 S  1500000 1500000 1500000 1500000 2000000 2000000 1600000 1600000
10:42:29:183409891   7455 R 7842 R 7843 S 7844 R 7845 S 7846 R 7847 S 7848 S  1500000 1500000 1500000 1500000 1900000 2000000 2000000 1800000
10:42:29:378890594   7455 R 7842 R 7843 S 7844 R 7845 S 7846 R 7847 S 7848 S  1500000 1500000 1500000 1500000 2000000 1400000 2000000 2000000
10:42:29:570769095   7455 R 7842 R 7843 S 7844 R 7845 S 7846 R 7847 S 7848 S  1500000 1500000 1500000 1500000 2000000 2000000 2000000 1200000
10:42:29:766078216   7455 R 7842 R 7843 S 7844 R 7845 S 7846 R 7847 S 7848 S  1500000 1500000 1500000 1500000 2000000 1400000 1400000 1400000
10:42:29:957886676   7455 R 7842 R 7843 S 7844 R 7845 S 7846 R 7847 S 7848 S  1500000 1500000 1500000 1500000 2000000 2000000 1500000 2000000
10:42:30:148554638   7455 R 7842 R 7843 S 7844 R 7845 S 7846 R 7847 S 7848 S  1500000 1500000 1500000 1500000 2000000 2000000 2000000 1600000
10:42:30:332159907   7455 R 7842 R 7843 S 7844 R 7845 S 7846 R 7847 S 7848 S  1500000 1500000 1500000 1500000 1400000 2000000 2000000 1700000
10:42:30:525934239   7455 R 7842 R 7843 S 7844 R 7845 S 7846 R 7847 S 7848 S  1500000 1500000 1500000 1500000 1400000 2000000 2000000 1800000
10:42:30:718267032   7455 R 7842 R 7843 S 7844 R 7845 S 7846 R 7847 S 7848 S  1500000 1500000 1500000 1500000 1700000 2000000 2000000 2000000
10:42:30:911555864   7455 R 7842 R 7843 S 7844 R 7845 S 7846 R 7847 S 7848 S  1500000 1500000 1500000 1500000 1800000 1800000 2000000 2000000
10:42:31:104078366   7455 R 7842 R 7843 S 7844 R 7845 S 7846 R 7847 S 7848 S  1500000 1500000 1500000 1500000 2000000 2000000 1900000 1900000
10:42:31:295153828   7455 R 7842 R 7843 S 7844 R 7845 S 7846 R 7847 S 7848 S  1500000 1500000 1500000 1500000 1600000 1900000 1900000 1400000
10:42:31:488296828   7455 R 7842 R 7843 S 7844 R 7845 S 7846 R 7847 S 7848 S  1500000 1500000 1500000 1500000 2000000 2000000 2000000 1800000
10:42:31:681857536   7455 R 7842 R 7843 S 7844 R 7845 S 7846 R 7847 S 7848 S  1500000 1500000 1500000 1500000 2000000 2000000 1300000 1300000
10:42:31:876774241   7455 R 7842 R 7843 S 7844 R 7845 S 7846 R 7847 S 7848 S  1500000 1500000 1500000 1500000 2000000 2000000 1600000 1600000
10:42:32:069764284   7455 R 7842 R 7843 S 7844 R 7845 S 7846 R 7847 S 7848 S  1500000 1500000 1500000 1500000 2000000 1600000 2000000 2000000
10:42:32:263440158   7455 R 7842 R 7843 S 7844 R 7845 S 7846 R 7847 S 7848 S  1500000 1500000 1500000 1500000 2000000 1400000 1400000 1400000
10:42:32:457881407   7455 R 7842 R 7843 S 7844 R 7845 S 7846 R 7847 S 7848 S  1500000 1500000 1500000 1500000 2000000 2000000 2000000 2000000
10:42:32:648878953   7455 R 7842 R 7843 S 7844 R 7845 S 7846 R 7847 S 7848 S  1500000 1500000 1500000 1500000 2000000 2000000 1500000 1800000
10:42:32:844152366   7455 R 7842 R 7843 S 7844 R 7845 S 7846 R 7847 S 7848 S  1500000 1500000 1500000 1500000 2000000 2000000 1300000 2000000
10:42:33:041462984   7455 R 7842 R 7843 S 7844 R 7845 S 7846 R 7847 S 7848 S  1500000 1500000 1500000 1500000 2000000 1400000 2000000 2000000
10:42:33:234102361   7455 R 7842 R 7843 S 7844 R 7845 S 7846 R 7847 S 7848 S  1500000 1500000 1500000 1500000 2000000 2000000 2000000 1500000
10:42:33:427812903   7455 R 7842 R 7843 S 7844 R 7845 S 7846 R 7847 S 7848 S  1500000 1500000 1500000 1500000 1700000 1600000 1600000 1600000
10:42:33:621619445   7455 R 7842 R 7843 S 7844 R 7845 S 7846 R 7847 S 7848 S  1500000 1500000 1500000 1500000 2000000 2000000 2000000 1800000
10:42:33:813715281   7455 R 7842 R 7843 S 7844 R 7845 S 7846 R 7847 S 7848 S  1500000 1500000 1500000 1500000 2000000 1900000 1900000 1900000
10:42:34:008482488   7455 R 7842 R 7843 S 7844 R 7845 S 7846 R 7847 S 7848 S  1500000 1500000 1500000 1500000 2000000 1400000 1700000 1700000
10:42:34:203415444   7455 R 7842 R 7843 S 7844 R 7845 S 7846 R 7847 S 7848 S  1500000 1500000 1500000 1500000 2000000 1800000 2000000 2000000
10:42:34:399355482   7455 R 7842 R 7843 S 7844 R 7845 S 7846 R 7847 S 7848 S  1500000 1500000 1500000 1500000 2000000 2000000 2000000 1700000
10:42:34:591417861   7455 R 7842 R 7843 S 7844 R 7845 S 7846 R 7847 S 7848 S  1500000 1500000 1500000 1500000 2000000 2000000 1600000 1600000
10:42:34:785099653   7455 R 7842 R 7843 S 7844 R 7845 S 7846 R 7847 S 7848 S  1500000 1500000 1500000 1500000 1500000 1500000 1800000 1800000
10:42:34:979940527   7455 R 7842 R 7843 S 7844 R 7845 S 7846 R 7847 S 7848 S  1500000 1500000 1500000 1500000 2000000 1900000 1900000 1900000
10:42:35:172580447   7455 R 7842 R 7843 S 7844 R 7845 S 7846 R 7847 S 7848 S  1500000 1500000 1500000 1500000 1700000 2000000 2000000 2000000
10:42:35:363844578   7455 R 7842 R 7843 S 7844 R 7845 S 7846 R 7847 S 7848 S  1500000 1500000 1500000 1500000 1600000 2000000 2000000 2000000
10:42:35:558950618   7455 R 7842 R 7843 S 7844 R 7845 S 7846 R 7847 S 7848 S  1500000 1500000 1500000 1500000 2000000 1700000 1600000 1600000
10:42:35:751787912   7455 R 7842 R 7843 S 7844 R 7845 S 7846 R 7847 S 7848 S  1500000 1500000 1500000 1500000 2000000 1900000 1900000 1900000
10:42:35:943411084   7455 R 7842 R 7843 S 7844 R 7845 S 7846 R 7847 S 7848 S  1500000 1500000 1500000 1500000 2000000 2000000 2000000 1400000
10:42:36:126837230   7455 R 7842 R 7843 S 7844 R 7845 S 7846 R 7847 S 7848 S  1500000 1500000 1500000 1500000 1300000 2000000 2000000 1900000
10:42:36:322348103   7455 R 7842 R 7843 S 7844 R 7845 S 7846 R 7847 S 7848 S  1500000 1500000 1500000 1500000 1500000 2000000 2000000 1800000
10:42:36:518473225   7455 R 7842 R 7843 S 7844 R 7845 S 7846 R 7847 S 7848 S  1500000 1500000 1500000 1500000 2000000 2000000 2000000 2000000
10:42:36:708636192   7455 R 7842 R 7843 S 7844 R 7845 S 7846 R 7847 S 7848 S  1500000 1500000 1500000 1500000 1700000 1900000 1900000 1600000
10:42:36:902132819   7455 R 7842 R 7843 S 7844 R 7845 S 7846 R 7847 S 7848 S  1500000 1500000 1500000 1500000 2000000 2000000 2000000 2000000
10:42:37:091198330   7455 R 7842 R 7843 S 7844 R 7845 S 7846 R 7847 S 7848 S  1500000 1500000 1500000 1500000 2000000 2000000 2000000 1500000
10:42:37:286548162   7455 R 7842 R 7843 S 7844 R 7845 S 7846 R 7847 S 7848 S  1500000 1500000 1500000 1500000 2000000 2000000 1600000 1600000
10:42:37:483009326   7455 R 7842 R 7843 S 7844 R 7845 S 7846 R 7847 S 7848 S  1500000 1500000 1500000 1500000 2000000 1600000 1400000 1400000
10:42:37:676414453   7455 R 7842 R 7843 S 7844 R 7845 S 7846 R 7847 S 7848 S  1500000 1500000 1500000 1500000 2000000 2000000 2000000 1400000
10:42:37:868936124   7455 R 7842 R 7843 S 7844 R 7845 S 7846 R 7847 S 7848 S  1500000 1500000 1500000 1500000 2000000 1500000 1500000 1500000
10:42:38:063839208   7455 R 7842 R 7843 S 7844 R 7845 S 7846 R 7847 S 7848 S  1500000 1500000 1500000 1500000 2000000 1500000 1900000 1900000
10:42:38:261242245   7455 R 7842 R 7843 S 7844 R 7845 S 7846 R 7847 S 7848 S  1500000 1500000 1500000 1500000 2000000 1500000 2000000 2000000
10:42:38:452749377   7455 R 7842 R 7843 S 7844 R 7845 S 7846 R 7847 S 7848 S  1500000 1500000 1500000 1500000 2000000 1700000 2000000 2000000
10:42:38:642994261   7455 R 7842 R 7843 S 7844 R 7845 S 7846 R 7847 S 7848 S  1500000 1500000 1500000 1500000 1900000 1400000 1400000 1400000
10:42:38:839250717   7455 R 7842 R 7843 S 7844 R 7845 S 7846 R 7847 S 7848 S  1500000 1500000 1500000 1500000 2000000 2000000 2000000 2000000
10:42:39:031908847   7455 R 7842 R 7843 S 7844 R 7845 S 7846 R 7847 S 7848 S  1500000 1500000 1500000 1500000 2000000 2000000 1800000 1800000
10:42:39:224730727   7455 R 7842 R 7843 S 7844 R 7845 S 7846 R 7847 S 7848 S  1500000 1500000 1500000 1500000 1900000 2000000 2000000 1900000
10:42:39:420926308   7455 R 7842 R 7843 S 7844 R 7845 S 7846 R 7847 S 7848 S  1500000 1500000 1500000 1500000 1900000 2000000 2000000 2000000
10:42:39:612432732   7455 R 7842 R 7843 S 7844 R 7845 S 7846 R 7847 S 7848 S  1500000 1500000 1500000 1500000 2000000 1400000 1500000 1500000
10:42:39:808137440   7455 R 7842 R 7843 S 7844 R 7845 S 7846 R 7847 S 7848 S  1500000 1500000 1500000 1500000 2000000 1400000 1400000 1400000
10:42:40:003154065   7455 R 7842 R 7843 S 7844 R 7845 S 7846 R 7847 S 7848 S  1500000 1500000 1500000 1500000 1900000 1600000 2000000 2000000
10:42:40:197209152   7455 R 7842 R 7843 S 7844 R 7845 S 7846 R 7847 S 7848 S  1500000 1500000 1500000 1500000 2000000 2000000 2000000 1800000
10:42:40:387569995   7455 R 7842 R 7843 S 7844 R 7845 S 7846 R 7847 S 7848 S  1500000 1500000 1500000 1500000 2000000 1700000 2000000 2000000
10:42:40:574424678   7455 R 7842 R 7843 S 7844 R 7845 S 7846 R 7847 S 7848 S  1500000 1500000 1500000 1500000 2000000 2000000 2000000 1700000
10:42:40:766124519   7455 R 7842 R 7843 S 7844 R 7845 S 7846 R 7847 S 7848 S  1500000 1500000 1500000 1500000 2000000 2000000 2000000 1600000
10:42:40:956986236   7455 R 7842 R 7843 S 7844 R 7845 S 7846 R 7847 S 7848 S  1500000 1500000 1500000 1500000 1800000 2000000 2000000 2000000
10:42:41:151419447   7455 R 7842 R 7843 S 7844 R 7845 S 7846 R 7847 S 7848 S  1500000 1500000 1500000 1500000 1900000 1900000 1900000 1900000
10:42:41:338333589   7455 R 7842 R 7843 S 7844 R 7845 S 7846 R 7847 S 7848 S  1500000 1500000 1500000 1500000 2000000 2000000 1900000 1300000
10:42:41:527751268   7455 R 7842 R 7843 S 7844 R 7845 S 7846 R 7847 S 7848 S  1500000 1500000 1500000 1500000 1400000 2000000 2000000 1700000
10:42:41:722341729   7455 R 7842 R 7843 S 7844 R 7845 S 7846 R 7847 S 7848 S  1500000 1500000 1500000 1500000 2000000 2000000 2000000 2000000
10:42:41:915394818   7455 R 7842 R 7843 S 7844 R 7845 S 7846 R 7847 S 7848 S  1500000 1500000 1500000 1500000 2000000 2000000 1900000 1900000
10:42:42:107404992   7455 R 7842 R 7843 S 7844 R 7845 S 7846 R 7847 S 7848 S  1500000 1500000 1500000 1500000 2000000 1700000 1500000 1500000
10:42:42:300835455   7455 R 7842 R 7843 S 7844 R 7845 S 7846 R 7847 S 7848 S  1500000 1500000 1500000 1500000 2000000 2000000 1300000 1500000
10:42:42:498349077   7455 R 7842 R 7843 S 7844 R 7845 S 7846 R 7847 S 7848 S  1500000 1500000 1500000 1500000 2000000 2000000 2000000 2000000
10:42:42:691752124   7455 R 7842 R 7843 S 7844 R 7845 S 7846 R 7847 S 7848 S  1500000 1500000 1500000 1500000 2000000 2000000 2000000 2000000
10:42:42:883555924   7455 R 7842 R 7843 S 7844 R 7845 S 7846 R 7847 S 7848 S  1500000 1500000 1500000 1500000 2000000 2000000 2000000 1900000
10:42:43:075937140   7455 R 7842 R 7843 S 7844 R 7845 S 7846 R 7847 S 7848 S  1500000 1500000 1500000 1500000 1700000 2000000 2000000 1700000
10:42:43:276189049   7455 R 7842 R 7843 S 7844 R 7845 S 7846 R 7847 S 7848 S  1500000 1500000 1500000 1500000 2000000 1800000 1400000 1700000
10:42:43:473457839   7455 R 7842 R 7843 S 7844 R 7845 S 7846 R 7847 S 7848 S  1500000 1500000 1500000 1500000 2000000 2000000 1900000 1400000
10:42:43:665733055   7455 R 7842 R 7843 S 7844 R 7845 S 7846 R 7847 S 7848 S  1500000 1500000 1500000 1500000 1900000 1900000 1900000 1900000
10:42:43:859473851   7455 R 7842 R 7843 S 7844 R 7845 S 7846 R 7847 S 7848 S  1500000 1500000 1500000 1500000 1700000 1700000 2000000 2000000
10:42:44:051818734   7455 R 7842 R 7843 S 7844 R 7845 S 7846 R 7847 S 7848 S  1500000 1500000 1500000 1500000 2000000 2000000 2000000 2000000
10:42:44:242831578   7455 R 7842 R 7843 S 7844 R 7845 S 7846 R 7847 S 7848 S  1500000 1500000 1500000 1500000 2000000 2000000 2000000 1400000
10:42:44:435419419   7455 R 7842 R 7843 S 7844 R 7845 S 7846 R 7847 S 7848 S  1500000 1500000 1500000 1500000 2000000 1700000 1700000 1700000
10:42:44:626942471   7455 R 7842 R 7843 S 7844 R 7845 S 7846 R 7847 S 7848 S  1500000 1500000 1500000 1500000 2000000 2000000 1700000 1300000
10:42:44:824353969   7455 R 7842 R 7843 S 7844 R 7845 S 7846 R 7847 S 7848 S  1500000 1500000 1500000 1500000 1700000 1400000 1400000 1400000
10:42:45:020173595   7455 R 7842 R 7843 S 7844 R 7845 S 7846 R 7847 S 7848 S  1500000 1500000 1500000 1500000 2000000 1400000 2000000 2000000
10:42:45:214795141   7455 R 7842 R 7843 S 7844 R 7845 S 7846 R 7847 S 7848 S  1500000 1500000 1500000 1500000 2000000 1400000 2000000 2000000
10:42:45:407860357   7455 R 7842 R 7843 S 7844 R 7845 S 7846 R 7847 S 7848 S  1500000 1500000 1500000 1500000 2000000 2000000 1400000 1400000
10:42:45:601510238   7455 R 7842 R 7843 S 7844 R 7845 S 7846 R 7847 S 7848 S  1500000 1500000 1500000 1500000 2000000 2000000 1500000 2000000
10:42:45:795672452   7455 R 7842 R 7843 S 7844 R 7845 S 7846 R 7847 S 7848 S  1500000 1500000 1500000 1500000 2000000 1500000 1500000 1500000
10:42:45:985143841   7455 R 7842 R 7843 S 7844 R 7845 S 7846 R 7847 S 7848 S  1500000 1500000 1500000 1500000 1900000 1900000 1900000 1800000
10:42:46:178292556   7455 R 7842 R 7843 S 7844 R 7845 S 7846 R 7847 S 7848 S  1500000 1500000 1500000 1500000 2000000 1800000 1500000 1500000
10:42:46:373600851   7455 R 7842 R 7843 S 7844 R 7845 S 7846 R 7847 S 7848 S  1500000 1500000 1500000 1500000 2000000 2000000 2000000 2000000
10:42:46:561065578   7455 R 7842 R 7843 S 7844 R 7845 S 7846 R 7847 S 7848 S  1500000 1500000 1500000 1500000 1700000 2000000 2000000 1500000
10:42:46:757912162   7455 R 7842 R 7843 S 7844 R 7845 S 7846 R 7847 S 7848 S  1500000 1500000 1500000 1500000 2000000 2000000 1800000 1800000
10:42:46:945235847   7455 R 7842 R 7843 S 7844 R 7845 S 7846 R 7847 S 7848 S  1500000 1500000 1500000 1500000 1600000 2000000 2000000 2000000
10:42:47:134223405   7455 R 7842 R 7843 S 7844 R 7845 S 7846 R 7847 S 7848 S  1500000 1500000 1500000 1500000 1600000 1600000 1600000 2000000
10:42:47:323432712   7455 R 7842 R 7843 S 7844 R 7845 S 7846 R 7847 S 7848 S  1500000 1500000 1500000 1500000 1200000 1200000 1200000 2000000
10:42:47:517825343   7455 R 7842 R 7843 S 7844 R 7845 S 7846 R 7847 S 7848 S  1500000 1500000 1500000 1500000 1400000 1400000 2000000 2000000
10:42:47:716535340   7455 R 7842 R 7843 S 7844 R 7845 S 7846 R 7847 S 7848 S  1500000 1500000 1500000 1500000 1200000 1800000 1800000 1800000
10:42:47:910160847   7455 R 7842 R 7843 S 7844 R 7845 S 7846 R 7847 S 7848 S  1500000 1500000 1500000 1500000 1200000 2000000 2000000 2000000
10:42:48:104203062   7455 R 7842 R 7843 S 7844 R 7845 S 7846 R 7847 S 7848 S  1500000 1500000 1500000 1500000 1400000 1400000 1900000 1900000
10:42:48:297535112   7455 R 7842 R 7843 S 7844 R 7845 S 7846 R 7847 S 7848 S  1500000 1500000 1500000 1500000 1700000 2000000 2000000 2000000
10:42:48:490594287   7455 R 7842 R 7843 S 7844 R 7845 S 7846 R 7847 S 7848 S  1500000 1500000 1500000 1500000 1900000 2000000 2000000 2000000
10:42:48:686912706   7455 R 7842 R 7843 S 7844 R 7845 S 7846 R 7847 S 7848 S  1500000 1500000 1500000 1500000 2000000 1700000 1700000 1700000
10:42:48:879169425   7455 R 7842 R 7843 S 7844 R 7845 S 7846 R 7847 S 7848 S  1500000 1500000 1500000 1500000 2000000 2000000 2000000 1500000
10:42:49:071900934   7455 R 7842 R 7843 S 7844 R 7845 S 7846 R 7847 S 7848 S  1500000 1500000 1500000 1500000 2000000 2000000 1600000 1600000
10:42:49:267369314   7455 R 7842 R 7843 S 7844 R 7845 S 7846 R 7847 S 7848 S  1500000 1500000 1500000 1500000 1900000 1500000 1900000 1900000
10:42:49:465128148   7455 R 7842 R 7843 S 7844 R 7845 S 7846 R 7847 S 7848 S  1500000 1500000 1500000 1500000 2000000 2000000 2000000 1500000
10:42:49:656203869   7455 R 7842 R 7843 S 7844 R 7845 S 7846 R 7847 S 7848 S  1500000 1500000 1500000 1500000 2000000 2000000 1300000 1300000
10:42:49:852897038   7455 R 7842 R 7843 S 7844 R 7845 S 7846 R 7847 S 7848 S  1500000 1500000 1500000 1500000 2000000 2000000 2000000 2000000
10:42:50:046554754   7455 R 7842 R 7843 S 7844 R 7845 S 7846 R 7847 S 7848 S  1500000 1500000 1500000 1500000 2000000 2000000 1400000 1400000
10:42:50:243200132   7455 R 7842 R 7843 S 7844 R 7845 S 7846 R 7847 S 7848 S  1500000 1500000 1500000 1500000 2000000 1800000 1500000 1500000
10:42:50:439568469   7455 R 7842 R 7843 S 7844 R 7845 S 7846 R 7847 S 7848 S  1500000 1500000 1500000 1500000 2000000 2000000 1500000 1500000
10:42:50:632193771   7455 R 7842 R 7843 S 7844 R 7845 S 7846 R 7847 S 7848 S  1500000 1500000 1500000 1500000 2000000 2000000 1600000 1600000
10:42:50:825568863   7455 R 7842 R 7843 S 7844 R 7845 S 7846 R 7847 S 7848 S  1500000 1500000 1500000 1500000 2000000 2000000 1800000 1800000
10:42:51:016673918   7455 R 7842 R 7843 S 7844 R 7845 S 7846 R 7847 S 7848 S  1500000 1500000 1500000 1500000 1900000 1900000 1600000 1300000
10:42:51:215429293   7455 R 7842 R 7843 S 7844 R 7845 S 7846 R 7847 S 7848 S  1500000 1500000 1500000 1500000 2000000 1700000 1400000 1400000
10:42:51:410516591   7455 R 7842 R 7843 S 7844 R 7845 S 7846 R 7847 S 7848 S  1500000 1500000 1500000 1500000 2000000 2000000 1500000 2000000
10:42:51:603222852   7455 R 7842 R 7843 S 7844 R 7845 S 7846 R 7847 S 7848 S  1500000 1500000 1500000 1500000 2000000 2000000 1400000 2000000
10:42:51:796016820   7455 R 7842 R 7843 S 7844 R 7845 S 7846 R 7847 S 7848 S  1500000 1500000 1500000 1500000 2000000 1600000 2000000 2000000
10:42:51:989857579   7455 R 7842 R 7843 S 7844 R 7845 S 7846 R 7847 S 7848 S  1500000 1500000 1500000 1500000 2000000 2000000 2000000 1200000
10:42:52:182157008   7455 R 7842 R 7843 S 7844 R 7845 S 7846 R 7847 S 7848 S  1500000 1500000 1500000 1500000 2000000 2000000 2000000 1400000
10:42:52:377030640   7455 R 7842 R 7843 S 7844 R 7845 S 7846 R 7847 S 7848 S  1500000 1500000 1500000 1500000 2000000 1400000 1400000 1400000
10:42:52:572826062   7455 R 7842 R 7843 S 7844 R 7845 S 7846 R 7847 S 7848 S  1500000 1500000 1500000 1500000 2000000 1400000 1500000 1500000
10:42:52:767309362   7455 R 7842 R 7843 S 7844 R 7845 S 7846 R 7847 S 7848 S  1500000 1500000 1500000 1500000 1900000 1600000 2000000 2000000
10:42:52:960157373   7455 R 7842 R 7843 S 7844 R 7845 S 7846 R 7847 S 7848 S  1500000 1500000 1500000 1500000 2000000 2000000 2000000 1600000
10:42:53:147725519   7455 R 7842 R 7843 S 7844 R 7845 S 7846 R 7847 S 7848 S  1500000 1500000 1500000 1500000 2000000 1800000 1500000 1500000
10:42:53:342521152   7455 R 7842 R 7843 S 7844 R 7845 S 7846 R 7847 S 7848 S  1500000 1500000 1500000 1500000 2000000 2000000 1500000 1500000
10:42:53:525883890   7455 R 7842 R 7843 S 7844 R 7845 S 7846 R 7847 S 7848 S  1500000 1500000 1500000 1500000 2000000 2000000 2000000 1800000
10:42:53:718263902   7455 R 7842 R 7843 S 7844 R 7845 S 7846 R 7847 S 7848 S  1500000 1500000 1500000 1500000 1400000 1400000 2000000 2000000
10:42:53:912439703   7455 R 7842 R 7843 S 7844 R 7845 S 7846 R 7847 S 7848 S  1500000 1500000 1500000 1500000 1900000 1900000 2000000 2000000
10:42:54:102021012   7455 R 7842 R 7843 S 7844 R 7845 S 7846 R 7847 S 7848 S  1500000 1500000 1500000 1500000 1900000 2000000 2000000 2000000
10:42:54:295210148   7455 R 7842 R 7843 S 7844 R 7845 S 7846 R 7847 S 7848 S  1500000 1500000 1500000 1500000 2000000 2000000 1900000 1300000
10:42:54:495050564   7455 R 7842 R 7843 S 7844 R 7845 S 7846 R 7847 S 7848 S  1500000 1500000 1500000 1500000 1900000 1400000 1400000 1400000
10:42:54:692187110   7455 R 7842 R 7843 S 7844 R 7845 S 7846 R 7847 S 7848 S  1500000 1500000 1500000 1500000 2000000 1400000 1400000 1400000
10:42:54:887615283   7455 R 7842 R 7843 S 7844 R 7845 S 7846 R 7847 S 7848 S  1500000 1500000 1500000 1500000 2000000 2000000 2000000 2000000
10:42:55:078047633   7455 R 7842 R 7843 S 7844 R 7845 S 7846 R 7847 S 7848 S  1500000 1500000 1500000 1500000 2000000 2000000 2000000 2000000
10:42:55:270920771   7455 R 7842 R 7843 S 7844 R 7845 S 7846 R 7847 S 7848 S  1500000 1500000 1500000 1500000 2000000 2000000 2000000 2000000
10:42:55:462782660   7455 R 7842 R 7843 S 7844 R 7845 S 7846 R 7847 S 7848 S  1500000 1500000 1500000 1500000 1400000 2000000 2000000 2000000
10:42:55:656041130   7455 R 7842 R 7843 S 7844 R 7845 S 7846 R 7847 S 7848 S  1500000 1500000 1500000 1500000 1500000 2000000 2000000 1700000
10:42:55:851012097   7455 R 7842 R 7843 S 7844 R 7845 S 7846 R 7847 S 7848 S  1500000 1500000 1500000 1500000 2000000 1700000 1200000 1200000
10:42:56:046876437   7455 R 7842 R 7843 S 7844 R 7845 S 7846 R 7847 S 7848 S  1500000 1500000 1500000 1500000 2000000 1300000 2000000 2000000
10:42:56:242599945   7455 R 7842 R 7843 S 7844 R 7845 S 7846 R 7847 S 7848 S  1500000 1500000 1500000 1500000 2000000 1400000 2000000 2000000
10:42:56:434538126   7455 R 7842 R 7843 S 7844 R 7845 S 7846 R 7847 S 7848 S  1500000 1500000 1500000 1500000 1700000 1200000 1200000 1200000
10:42:56:630925466   7455 R 7842 R 7843 S 7844 R 7845 S 7846 R 7847 S 7848 S  1500000 1500000 1500000 1500000 1700000 1100000 1100000 2000000
10:42:56:829443301   7455 R 7842 R 7843 S 7844 R 7845 S 7846 R 7847 S 7848 S  1500000 1500000 1500000 1500000 2000000 1700000 1700000 1700000
10:42:57:023503229   7455 R 7842 R 7843 S 7844 R 7845 S 7846 R 7847 S 7848 S  1500000 1500000 1500000 1500000 2000000 2000000 1300000 1300000
10:42:57:215408327   7455 R 7842 R 7843 S 7844 R 7845 S 7846 R 7847 S 7848 S  1500000 1500000 1500000 1500000 2000000 2000000 2000000 1600000
10:42:57:409051464   7455 R 7842 R 7843 S 7844 R 7845 S 7846 R 7847 S 7848 S  1500000 1500000 1500000 1500000 1800000 1800000 1800000 1800000
10:42:57:600467063   7455 R 7842 R 7843 S 7844 R 7845 S 7846 R 7847 S 7848 S  1500000 1500000 1500000 1500000 1800000 2000000 2000000 1500000
10:42:57:795203865   7455 R 7842 R 7843 S 7844 R 7845 S 7846 R 7847 S 7848 S  1500000 1500000 1500000 1500000 1900000 1900000 1600000 1600000
10:42:57:990650040   7455 R 7842 R 7843 S 7844 R 7845 S 7846 R 7847 S 7848 S  1500000 1500000 1500000 1500000 2000000 2000000 1400000 1400000
10:42:58:183633387   7455 R 7842 R 7843 S 7844 R 7845 S 7846 R 7847 S 7848 S  1500000 1500000 1500000 1500000 2000000 2000000 1700000 1700000
10:42:58:376026318   7455 R 7842 R 7843 S 7844 R 7845 S 7846 R 7847 S 7848 S  1500000 1500000 1500000 1500000 1900000 1900000 1700000 1700000
10:42:58:566379253   7455 R 7842 R 7843 S 7844 R 7845 S 7846 R 7847 S 7848 S  1500000 1500000 1500000 1500000 2000000 2000000 2000000 2000000
10:42:58:746822874   7455 R 7842 R 7843 S 7844 R 7845 S 7846 R 7847 S 7848 S  1500000 1500000 1500000 1500000 1300000 1900000 1900000 1900000
10:42:58:936844185   7455 R 7842 R 7843 S 7844 R 7845 S 7846 R 7847 S 7848 S  1500000 1500000 1500000 1500000 1300000 1300000 2000000 2000000
10:42:59:125646081   7455 R 7842 R 7843 S 7844 R 7845 S 7846 R 7847 S 7848 S  1500000 1500000 1500000 1500000 1400000 1400000 1400000 1500000
10:42:59:327861536   7455 R 7842 R 7843 S 7844 R 7845 S 7846 R 7847 S 7848 S  1500000 1500000 1500000 1500000 1400000 1400000 1400000 2000000
10:42:59:521211591   7455 R 7842 R 7843 S 7844 R 7845 S 7846 R 7847 S 7848 S  1500000 1500000 1500000 1500000 1400000 1400000 1400000 2000000
10:42:59:718416848   7455 R 7842 S 7843 S 7844 S 7845 S 7846 R 7847 S 7848 S  1500000 1500000 1500000 1500000 1800000 2000000 2000000 2000000
10:42:59:908894700   7455 R 7842 S 7843 S 7844 S 7845 S 7846 R 7847 S 7848 S  1500000 1500000 1500000 1500000 1800000 1800000 2000000 2000000
10:43:00:100159801   7455 R 7842 S 7843 S 7844 S 7845 S 7846 R 7847 S 7848 S  1500000 1500000 1500000 1500000 2000000 2000000 2000000 2000000
10:43:00:294984145   7455 R 7842 S 7843 S 7844 S 7845 S 7846 R 7847 S 7848 S  1500000 1500000 1500000 1500000 1400000 2000000 2000000 1700000
10:43:00:487553702   7455 R 7842 S 7843 S 7844 S 7845 S 7846 R 7847 S 7848 S  1500000 1500000 1500000 1500000 2000000 2000000 2000000 2000000
10:43:00:681330757   7455 R 7842 S 7843 S 7844 S 7845 S 7846 R 7847 S 7848 S  1500000 1500000 1500000 1500000 1600000 2000000 2000000 2000000
10:43:00:876212559   7455 R 7842 S 7843 S 7844 S 7845 S 7846 R 7847 S 7848 S  1500000 1500000 1500000 1500000 2000000 1900000 1500000 1500000
10:43:01:069867031   7455 R 7842 S 7843 S 7844 S 7845 S 7846 R 7847 S 7848 S  1500000 1500000 1500000 1500000 2000000 2000000 2000000 1400000
10:43:01:263881211   7455 S 7842 S 7843 S 7844 S 7845 S 7846 R 7847 S 7848 S  1500000 1500000 1500000 1500000 1900000 1500000 1500000 1500000
10:43:01:459495304   7455 S 7842 S 7843 S 7844 S 7845 S 7846 R 7847 S 7848 S  1500000 1500000 1500000 1500000 2000000 2000000 1400000 1400000
10:43:01:652380320   7455 S 7842 S 7843 S 7844 S 7845 S 7846 R 7847 S 7848 S  1500000 1500000 1500000 1500000 2000000 2000000 1800000 1800000
10:43:01:844656669   7455 S 7842 S 7843 S 7844 S 7845 S 7846 R 7847 S 7848 S  1500000 1500000 1500000 1500000 2000000 2000000 1600000 1600000
10:43:02:038849724   7455 S 7842 S 7843 S 7844 S 7845 S 7846 R 7847 S 7848 S  1500000 1500000 1500000 1500000 2000000 1700000 1800000 1800000
10:43:02:233585653   7455 S 7842 S 7843 S 7844 S 7845 S 7846 R 7847 S 7848 S  1500000 1500000 1500000 1500000 2000000 2000000 1500000 1500000
10:43:02:429256205   7455 S 7842 S 7843 S 7844 S 7845 S 7846 R 7847 S 7848 S  1500000 1500000 1500000 1500000 2000000 2000000 2000000 2000000
10:43:02:622101471   7455 S 7842 S 7843 S 7844 S 7845 S 7846 R 7847 S 7848 S  1500000 1500000 1500000 1500000 2000000 1700000 2000000 2000000
10:43:02:813077323   7455 S 7842 S 7843 S 7844 S 7845 S 7846 R 7847 S 7848 S  1500000 1500000 1500000 1500000 2000000 2000000 1600000 1600000
10:43:03:000724140   7455 R 7842 R 7843 R 7844 R 7845 R 7846 S 7847 R 7848 R  1500000 1500000 1500000 1500000 2000000 2000000 2000000 2000000
10:43:03:202352432   7455 R 7842 R 7843 R 7844 R 7845 R 7846 S 7847 S 7848 R  1500000 1500000 1500000 1500000 2000000 1900000 1900000 2000000
10:43:03:401216978   7455 S 7842 R 7843 R 7844 R 7845 R 7846 R 7847 S 7848 R  1500000 1500000 1500000 1500000 2000000 2000000 1900000 1900000
10:43:03:601369273   7455 R 7842 R 7843 R 7844 R 7845 R 7846 S 7847 R 7848 R  1500000 1500000 1500000 1500000 2000000 1800000 2000000 2000000
10:43:03:811339090   7455 S 7842 R 7843 R 7844 R 7845 R 7846 R 7847 R 7848 R  1500000 1500000 1500000 1500000 2000000 2000000 2000000 2000000
10:43:04:007786183   7455 R 7842 R 7843 R 7844 R 7845 R 7846 R 7847 R 7848 R  1500000 1500000 1500000 1500000 1900000 1900000 2000000 2000000
10:43:04:218394167   7455 R 7842 R 7843 R 7844 R 7845 R 7846 R 7847 R 7848 R  1500000 1500000 1500000 1500000 2000000 2000000 2000000 2000000
10:43:04:420894082   7455 R 7842 R 7843 R 7844 S 7845 S 7846 R 7847 R 7848 R  1500000 1500000 1500000 1500000 2000000 1900000 2000000 2000000
10:43:04:621679584   7455 R 7842 R 7843 R 7844 R 7845 R 7846 R 7847 R 7848 R  1500000 1500000 1500000 1500000 2000000 2000000 2000000 2000000
10:43:04:816247222   7455 S 7842 S 7843 S 7844 R 7845 R 7846 R 7847 R 7848 R  1500000 1500000 1500000 1500000 2000000 2000000 2000000 2000000
10:43:04:995278765   7455 S 7842 S 7843 S 7844 S 7845 S 7846 S 7847 S 7848 R  1500000 1500000 1500000 1500000 2000000 2000000 2000000 2000000
10:43:05:185945328   7455 S 7842 S 7843 S 7844 S 7845 S 7846 S 7847 S 7848 R  1500000 1400000 1400000 1400000 2000000 1400000 2000000 2000000
10:43:05:398478558   7455 S 7842 R 7843 R 7844 R 7845 R 7846 R 7847 R 7848 R  1500000 1500000 1500000 1500000 1500000 1500000 2000000 2000000
10:43:05:590220077   7455 S 7842 S 7843 S 7844 R 7845 R 7846 R 7847 R 7848 R  1500000 1500000 1500000 1500000 2000000 1200000 1900000 1900000
10:43:05:787090004   7455 S 7842 R 7843 R 7844 R 7845 R 7846 R 7847 R 7848 R  1500000 1500000 1500000 1500000 2000000 2000000 1800000 2000000
10:43:05:999120860   7455 S 7842 R 7843 R 7844 R 7845 R 7846 R 7847 R 7848 R  1500000 1500000 1500000 1500000 2000000 1800000 1800000 1800000
10:43:06:187841177   7455 S 7842 R 7843 R 7844 R 7845 R 7846 R 7847 R 7848 R  1500000 1500000 1500000 1500000 2000000 1600000 2000000 2000000
10:43:06:393633087   7455 S 7842 R 7843 R 7844 R 7845 R 7846 R 7847 R 7848 R  1500000 1500000 1500000 1500000 1700000 1700000 1700000 1700000
10:43:06:586663146   7455 S 7842 R 7843 R 7844 R 7845 R 7846 R 7847 R 7848 R  1500000 1500000 1500000 1500000 1800000 1300000 1300000 1300000
10:43:06:774292840   7455 S 7842 S 7843 S 7844 S 7845 S 7846 S 7847 R 7848 R  1500000 1500000 1500000 1500000 1600000 2000000 2000000 1200000
10:43:06:961107202   7455 S 7842 S 7843 S 7844 S 7845 S 7846 S 7847 R 7848 R  1500000 1500000 1500000 1500000 1000000 1900000 1900000 1500000
10:43:07:155029093   7455 S 7842 S 7843 R 7844 R 7845 R 7846 R 7847 R 7848 R  1500000 1500000 1500000 1500000 2000000 1100000 1400000 1400000
10:43:07:339121044   7455 S 7842 S 7843 S 7844 S 7845 S 7846 S 7847 S 7848 R  1500000 1500000 1500000 1500000 1200000 1200000 1200000 1200000
10:43:07:528597652   7455 S 7842 S 7843 S 7844 S 7845 S 7846 R 7847 S 7848 R  1500000 1500000 1500000 1500000 1000000 1900000 2000000 2000000
10:43:07:721980086   7455 S 7842 S 7843 S 7844 S 7845 R 7846 S 7847 R 7848 R  1500000 1500000 1500000 1500000 1300000 1300000 1300000 1300000
10:43:07:910063196   7455 S 7842 R 7843 R 7844 R 7845 R 7846 R 7847 R 7848 R  1500000 1500000 1500000 1500000 1500000 1500000 1200000 1200000
10:43:08:095486353   7455 S 7842 S 7843 S 7844 S 7845 S 7846 S 7847 R 7848 R  1500000 1500000 1500000 1500000 1900000 1500000 1500000 1200000
10:43:08:288922245   7455 S 7842 S 7843 S 7844 S 7845 S 7846 S 7847 R 7848 R  1500000 1500000 1500000 1500000 1500000 2000000 2000000 1400000
10:43:08:479864934   7455 S 7842 S 7843 S 7844 R 7845 S 7846 R 7847 R 7848 R  1500000 1500000 1500000 1500000 1200000 1200000 1400000 1400000
10:43:08:679735606   7455 S 7842 R 7843 R 7844 R 7845 R 7846 R 7847 R 7848 R  1500000 1500000 1500000 1500000 1700000 1300000 1300000 1300000
10:43:08:950516564   7455 R 7842 R 7843 R 7844 R 7845 R 7846 R 7847 R 7848 R  1500000 1500000 1500000 1500000 2000000 2000000 2000000 2000000
10:43:09:522632883   7455 R 7842 R 7843 R 7844 R 7845 R 7846 R 7847 R 7848 R  1500000 1500000 1500000 1500000 2000000 2000000 2000000 2000000
10:43:09:977153377   7455 R 7842 R 7843 S 7844 S 7845 R 7846 R 7847 S 7848 S  1500000 1500000 1500000 1500000 1100000 1200000 1200000 1100000
10:43:10:183054497   7455 R 7842 R 7843 S 7844 S 7845 R 7846 R 7847 S 7848 S  1500000 1500000 1500000 1500000 1200000 1200000 1000000 1400000
10:43:10:388931201   7455 R 7842 R 7843 S 7844 S 7845 R 7846 R 7847 S 7848 S  1500000 1500000 1500000 1500000 1200000 1200000 1700000 1700000
10:43:10:593997489   7455 R 7842 R 7843 S 7844 S 7845 R 7846 R 7847 S 7848 S  1500000 1500000 1500000 1500000 2000000 2000000 1700000 1400000
10:43:10:803578061   7455 R  1500000 1500000 1500000 1500000 2000000 1600000 2000000 2000000
